

================================================================
== Vivado HLS Report for 'MET_hw'
================================================================
* Date:           Tue Jul 30 12:59:29 2019

* Version:        2018.2 (Build 2258646 on Thu Jun 14 20:25:20 MDT 2018)
* Project:        met
* Solution:       solution_test
* Product family: virtex7
* Target device:  xc7vx690tffg1927-2


================================================================
== Performance Estimates
================================================================
+ Timing (ns): 
    * Summary: 
    +--------+-------+----------+------------+
    |  Clock | Target| Estimated| Uncertainty|
    +--------+-------+----------+------------+
    |ap_clk  |   5.00|     4.890|        0.62|
    +--------+-------+----------+------------+

+ Latency (clock cycles): 
    * Summary: 
    +-----+-----+-----+-----+----------+
    |  Latency  |  Interval | Pipeline |
    | min | max | min | max |   Type   |
    +-----+-----+-----+-----+----------+
    |  208|  208|    2|    2| function |
    +-----+-----+-----+-----+----------+

    + Detail: 
        * Instance: 
        +-----------------+-------+-----+-----+-----+-----+----------+
        |                 |       |  Latency  |  Interval | Pipeline |
        |     Instance    | Module| min | max | min | max |   Type   |
        +-----------------+-------+-----+-----+-----+-----+----------+
        |grp_cos_fu_221   |cos    |   70|   70|    2|    2| function |
        |grp_cos_fu_229   |cos    |   70|   70|    2|    2| function |
        |grp_sin_fu_237   |sin    |   70|   70|    2|    2| function |
        |grp_sin_fu_245   |sin    |   70|   70|    2|    2| function |
        |grp_acos_fu_253  |acos   |   18|   18|    1|    1| function |
        +-----------------+-------+-----+-----+-----+-----+----------+

        * Loop: 
        N/A



================================================================
== Utilization Estimates
================================================================
* Summary: 
+-----------------+---------+-------+--------+--------+
|       Name      | BRAM_18K| DSP48E|   FF   |   LUT  |
+-----------------+---------+-------+--------+--------+
|DSP              |        -|      4|       -|       -|
|Expression       |        -|      2|      40|    1960|
|FIFO             |        -|      -|       -|       -|
|Instance         |        6|     67|   27140|   27871|
|Memory           |        -|      -|       -|       -|
|Multiplexer      |        -|      -|       -|      72|
|Register         |        0|      -|    8361|     424|
+-----------------+---------+-------+--------+--------+
|Total            |        6|     73|   35541|   30327|
+-----------------+---------+-------+--------+--------+
|Available        |     2940|   3600|  866400|  433200|
+-----------------+---------+-------+--------+--------+
|Utilization (%)  |    ~0   |      2|       4|       7|
+-----------------+---------+-------+--------+--------+

+ Detail: 
    * Instance: 
    +--------------------------+----------------------+---------+-------+------+------+
    |         Instance         |        Module        | BRAM_18K| DSP48E|  FF  |  LUT |
    +--------------------------+----------------------+---------+-------+------+------+
    |MET_hw_dsqrt_64nskbM_U28  |MET_hw_dsqrt_64nskbM  |        0|      0|  3289|  2020|
    |MET_hw_fmul_32ns_g8j_U24  |MET_hw_fmul_32ns_g8j  |        0|      3|   143|   139|
    |MET_hw_fpext_32nsibs_U26  |MET_hw_fpext_32nsibs  |        0|      0|   100|   138|
    |MET_hw_sdiv_28ns_lbW_U29  |MET_hw_sdiv_28ns_lbW  |        0|      0|  1800|  1359|
    |MET_hw_sitodp_64sjbC_U27  |MET_hw_sitodp_64sjbC  |        0|      0|   412|   461|
    |MET_hw_uitofp_32nhbi_U25  |MET_hw_uitofp_32nhbi  |        0|      0|   229|   365|
    |grp_acos_fu_253           |acos                  |        2|      8|   771|  1041|
    |grp_cos_fu_221            |cos                   |        1|     14|  5099|  5587|
    |grp_cos_fu_229            |cos                   |        1|     14|  5099|  5587|
    |grp_sin_fu_237            |sin                   |        1|     14|  5099|  5587|
    |grp_sin_fu_245            |sin                   |        1|     14|  5099|  5587|
    +--------------------------+----------------------+---------+-------+------+------+
    |Total                     |                      |        6|     67| 27140| 27871|
    +--------------------------+----------------------+---------+-------+------+------+

    * DSP48: 
    +--------------------------+----------------------+--------------+
    |         Instance         |        Module        |  Expression  |
    +--------------------------+----------------------+--------------+
    |MET_hw_mac_mulsubmb6_U30  |MET_hw_mac_mulsubmb6  | i0 - i1 * i2 |
    |MET_hw_mac_mulsubncg_U31  |MET_hw_mac_mulsubncg  | i0 - i1 * i2 |
    |MET_hw_mac_mulsubocq_U32  |MET_hw_mac_mulsubocq  | i0 - i1 * i2 |
    |MET_hw_mac_mulsubpcA_U33  |MET_hw_mac_mulsubpcA  | i0 - i1 * i2 |
    +--------------------------+----------------------+--------------+

    * Memory: 
    N/A

    * FIFO: 
    N/A

    * Expression: 
    +-------------------------------------------+----------+-------+----+-----+------------+------------+
    |               Variable Name               | Operation| DSP48E| FF | LUT | Bitwidth P0| Bitwidth P1|
    +-------------------------------------------+----------+-------+----+-----+------------+------------+
    |p_Val2_2_fu_301_p2                         |     *    |      1|   0|   40|          24|          24|
    |p_Val2_3_fu_310_p2                         |     *    |      1|   0|   40|          24|          24|
    |exp_V_2_fu_351_p2                          |     +    |      0|   0|   18|           6|          11|
    |p_Repl2_5_trunc_fu_835_p2                  |     +    |      0|   0|   15|           8|           8|
    |tmp_10_i_fu_322_p2                         |     +    |      0|   0|   56|          49|          49|
    |tmp_17_i_fu_455_p2                         |     +    |      0|   0|   19|           4|          12|
    |tmp_18_fu_958_p2                           |     +    |      0|   0|   19|           4|          12|
    |tmp_44_fu_777_p2                           |     +    |      0|   0|   15|           1|           5|
    |F2_1_fu_420_p2                             |     -    |      0|   0|   19|          11|          12|
    |F2_fu_946_p2                               |     -    |      0|   0|   19|          11|          12|
    |man_V_1_fu_437_p2                          |     -    |      0|   0|   61|           1|          54|
    |man_V_3_fu_928_p2                          |     -    |      0|   0|   61|           1|          54|
    |msb_idx_fu_710_p2                          |     -    |      0|   0|   39|           5|          32|
    |tmp_10_fu_673_p2                           |     -    |      0|   0|   36|           1|          29|
    |tmp_11_fu_761_p2                           |     -    |      0|   0|   39|           5|          32|
    |tmp_18_i_fu_460_p2                         |     -    |      0|   0|   19|           3|          12|
    |tmp_19_fu_964_p2                           |     -    |      0|   0|   19|           3|          12|
    |ap_block_pp0_stage0_01001                  |    and   |      0|   0|    2|           1|           1|
    |ap_condition_1018                          |    and   |      0|   0|    2|           1|           1|
    |ap_predicate_op710_call_state182_state181  |    and   |      0|   0|    2|           1|           1|
    |ap_predicate_op711_call_state182_state181  |    and   |      0|   0|    2|           1|           1|
    |sel_tmp15_i_fu_609_p2                      |    and   |      0|   0|    2|           1|           1|
    |sel_tmp22_i_fu_579_p2                      |    and   |      0|   0|    2|           1|           1|
    |sel_tmp2_fu_1050_p2                        |    and   |      0|   0|    2|           1|           1|
    |sel_tmp2_i_fu_516_p2                       |    and   |      0|   0|    2|           1|           1|
    |sel_tmp4_fu_1099_p2                        |    and   |      0|   0|    2|           1|           1|
    |sel_tmp7_fu_1065_p2                        |    and   |      0|   0|    2|           1|           1|
    |sel_tmp7_i_fu_541_p2                       |    and   |      0|   0|    2|           1|           1|
    |sel_tmp9_fu_1076_p2                        |    and   |      0|   0|    2|           1|           1|
    |sel_tmp9_i_fu_553_p2                       |    and   |      0|   0|    2|           1|           1|
    |sel_tmp_fu_1082_p2                         |    and   |      0|   0|    2|           1|           1|
    |tmp_23_fu_1016_p2                          |   ashr   |      0|   0|  162|          54|          54|
    |tmp_25_i_fu_595_p2                         |   ashr   |      0|   0|  162|          54|          54|
    |num_zeros_fu_702_p3                        |   cttz   |      0|  40|   36|          32|           0|
    |icmp1_fu_998_p2                            |   icmp   |      0|   0|   11|           8|           1|
    |icmp5_fu_752_p2                            |   icmp   |      0|   0|   18|          26|           1|
    |icmp_fu_498_p2                             |   icmp   |      0|   0|   11|           8|           1|
    |tmp_11_i_fu_328_p2                         |   icmp   |      0|   0|   24|          49|           1|
    |tmp_14_fu_818_p2                           |   icmp   |      0|   0|   11|           8|           8|
    |tmp_14_i_fu_414_p2                         |   icmp   |      0|   0|   29|          63|           1|
    |tmp_16_fu_941_p2                           |   icmp   |      0|   0|   29|          63|           1|
    |tmp_16_i_fu_450_p2                         |   icmp   |      0|   0|   13|          12|           3|
    |tmp_17_fu_952_p2                           |   icmp   |      0|   0|   13|          12|           3|
    |tmp_19_i_fu_473_p2                         |   icmp   |      0|   0|   13|          12|           3|
    |tmp_20_fu_978_p2                           |   icmp   |      0|   0|   13|          12|           3|
    |tmp_21_fu_1007_p2                          |   icmp   |      0|   0|   13|          12|           6|
    |tmp_21_i_fu_482_p2                         |   icmp   |      0|   0|   13|          12|           6|
    |tmp_9_fu_659_p2                            |   icmp   |      0|   0|   18|          28|           1|
    |tmp_fu_627_p2                              |   icmp   |      0|   0|   13|          16|           1|
    |p_Result_s_fu_787_p2                       |   lshr   |      0|   0|   74|          29|          29|
    |or_cond1_fu_1125_p2                        |    or    |      0|   0|    2|           1|           1|
    |or_cond2_fu_1139_p2                        |    or    |      0|   0|    2|           1|           1|
    |or_cond_fu_1112_p2                         |    or    |      0|   0|    2|           1|           1|
    |sel_tmp21_demorgan_fu_1088_p2              |    or    |      0|   0|    2|           1|           1|
    |sel_tmp21_demorgan_i_fu_567_p2             |    or    |      0|   0|    2|           1|           1|
    |sel_tmp6_demorgan_fu_1055_p2               |    or    |      0|   0|    2|           1|           1|
    |sel_tmp6_demorgan_i_fu_530_p2              |    or    |      0|   0|    2|           1|           1|
    |Out_res_fu_373_p3                          |  select  |      0|   0|   64|           1|           1|
    |grp_acos_fu_253_data_read                  |  select  |      0|   0|   32|           1|           1|
    |man_V_2_fu_443_p3                          |  select  |      0|   0|   54|           1|          54|
    |man_V_4_fu_934_p3                          |  select  |      0|   0|   54|           1|          54|
    |missPhi_hw_V                               |  select  |      0|   0|   16|           1|          16|
    |msb_idx_1_fu_732_p3                        |  select  |      0|   0|   31|           1|           1|
    |newSel1_fu_1118_p3                         |  select  |      0|   0|   16|           1|          16|
    |newSel2_fu_1131_p3                         |  select  |      0|   0|   16|           1|          16|
    |newSel_fu_1104_p3                          |  select  |      0|   0|   16|           1|          16|
    |p_062_s_fu_1025_p3                         |  select  |      0|   0|    2|           1|           2|
    |p_Val2_12_fu_679_p3                        |  select  |      0|   0|   29|           1|          29|
    |pt_V_fu_620_p3                             |  select  |      0|   0|   16|           1|          16|
    |sel_tmp10_i_fu_559_p3                      |  select  |      0|   0|   16|           1|          16|
    |sel_tmp16_i_fu_613_p3                      |  select  |      0|   0|   16|           1|          16|
    |sel_tmp3_i_fu_522_p3                       |  select  |      0|   0|   16|           1|          16|
    |sh_amt_1_fu_465_p3                         |  select  |      0|   0|   12|           1|          12|
    |sh_amt_fu_970_p3                           |  select  |      0|   0|   12|           1|          12|
    |tmp32_V_3_fu_796_p3                        |  select  |      0|   0|   32|           1|          32|
    |tmp_27_i_fu_504_p3                         |  select  |      0|   0|    2|           1|           2|
    |tmp32_V_1_fu_767_p2                        |    shl   |      0|   0|   85|          32|          32|
    |tmp_25_fu_1035_p2                          |    shl   |      0|   0|   85|          32|          32|
    |tmp_29_i_fu_604_p2                         |    shl   |      0|   0|   35|          16|          16|
    |ap_enable_pp0                              |    xor   |      0|   0|    2|           1|           2|
    |res_phi_1_neg_fu_874_p2                    |    xor   |      0|   0|   33|          32|          33|
    |sel_tmp1_fu_1045_p2                        |    xor   |      0|   0|    2|           1|           2|
    |sel_tmp1_i_fu_511_p2                       |    xor   |      0|   0|    2|           1|           2|
    |sel_tmp21_i_fu_573_p2                      |    xor   |      0|   0|    2|           1|           2|
    |sel_tmp3_fu_1093_p2                        |    xor   |      0|   0|    2|           1|           2|
    |sel_tmp6_fu_1059_p2                        |    xor   |      0|   0|    2|           1|           2|
    |sel_tmp6_i_fu_535_p2                       |    xor   |      0|   0|    2|           1|           2|
    |sel_tmp8_fu_1070_p2                        |    xor   |      0|   0|    2|           1|           2|
    |sel_tmp8_i_fu_547_p2                       |    xor   |      0|   0|    2|           1|           2|
    +-------------------------------------------+----------+-------+----+-----+------------+------------+
    |Total                                      |          |      2|  40| 1960|         832|        1051|
    +-------------------------------------------+----------+-------+----+-----+------------+------------+

    * Multiplexer: 
    +------------------------------------------+----+-----------+-----+-----------+
    |                   Name                   | LUT| Input Size| Bits| Total Bits|
    +------------------------------------------+----+-----------+-----+-----------+
    |ap_NS_fsm                                 |  15|          3|    1|          3|
    |ap_enable_reg_pp0_iter0                   |   9|          2|    1|          2|
    |ap_enable_reg_pp0_iter104                 |   9|          2|    1|          2|
    |ap_phi_reg_pp0_iter100_res_phi2_reg_194   |  15|          3|   32|         96|
    |ap_phi_reg_pp0_iter100_res_phi_2_reg_206  |  15|          3|   32|         96|
    |ap_phi_reg_pp0_iter71_res_phi_2_reg_206   |   9|          2|   32|         64|
    +------------------------------------------+----+-----------+-----+-----------+
    |Total                                     |  72|         15|   99|        263|
    +------------------------------------------+----+-----------+-----+-----------+

    * Register: 
    +------------------------------------------+----+----+-----+-----------+
    |                   Name                   | FF | LUT| Bits| Const Bits|
    +------------------------------------------+----+----+-----+-----------+
    |F2_1_reg_1288                             |  12|   0|   12|          0|
    |Inp1_V_read_assign_reg_1224               |  24|   0|   24|          0|
    |Inp2_V_read_assign_reg_1230               |  24|   0|   24|          0|
    |Out_V_write_assign_1_reg_1199             |  12|   0|   12|          0|
    |Out_V_write_assign_2_reg_1214             |  13|   0|   13|          0|
    |Out_V_write_assign_3_reg_1219             |  12|   0|   12|          0|
    |Out_V_write_assign_reg_1194               |  13|   0|   13|          0|
    |Out_res_reg_1266                          |  64|   0|   64|          0|
    |allPT_hw_0_V_read_reg_1184                |  16|   0|   16|          0|
    |allPT_hw_1_V_read_reg_1189                |  16|   0|   16|          0|
    |ap_CS_fsm                                 |   2|   0|    2|          0|
    |ap_enable_reg_pp0_iter0_reg               |   1|   0|    1|          0|
    |ap_enable_reg_pp0_iter1                   |   1|   0|    1|          0|
    |ap_enable_reg_pp0_iter10                  |   1|   0|    1|          0|
    |ap_enable_reg_pp0_iter100                 |   1|   0|    1|          0|
    |ap_enable_reg_pp0_iter101                 |   1|   0|    1|          0|
    |ap_enable_reg_pp0_iter102                 |   1|   0|    1|          0|
    |ap_enable_reg_pp0_iter103                 |   1|   0|    1|          0|
    |ap_enable_reg_pp0_iter104                 |   1|   0|    1|          0|
    |ap_enable_reg_pp0_iter11                  |   1|   0|    1|          0|
    |ap_enable_reg_pp0_iter12                  |   1|   0|    1|          0|
    |ap_enable_reg_pp0_iter13                  |   1|   0|    1|          0|
    |ap_enable_reg_pp0_iter14                  |   1|   0|    1|          0|
    |ap_enable_reg_pp0_iter15                  |   1|   0|    1|          0|
    |ap_enable_reg_pp0_iter16                  |   1|   0|    1|          0|
    |ap_enable_reg_pp0_iter17                  |   1|   0|    1|          0|
    |ap_enable_reg_pp0_iter18                  |   1|   0|    1|          0|
    |ap_enable_reg_pp0_iter19                  |   1|   0|    1|          0|
    |ap_enable_reg_pp0_iter2                   |   1|   0|    1|          0|
    |ap_enable_reg_pp0_iter20                  |   1|   0|    1|          0|
    |ap_enable_reg_pp0_iter21                  |   1|   0|    1|          0|
    |ap_enable_reg_pp0_iter22                  |   1|   0|    1|          0|
    |ap_enable_reg_pp0_iter23                  |   1|   0|    1|          0|
    |ap_enable_reg_pp0_iter24                  |   1|   0|    1|          0|
    |ap_enable_reg_pp0_iter25                  |   1|   0|    1|          0|
    |ap_enable_reg_pp0_iter26                  |   1|   0|    1|          0|
    |ap_enable_reg_pp0_iter27                  |   1|   0|    1|          0|
    |ap_enable_reg_pp0_iter28                  |   1|   0|    1|          0|
    |ap_enable_reg_pp0_iter29                  |   1|   0|    1|          0|
    |ap_enable_reg_pp0_iter3                   |   1|   0|    1|          0|
    |ap_enable_reg_pp0_iter30                  |   1|   0|    1|          0|
    |ap_enable_reg_pp0_iter31                  |   1|   0|    1|          0|
    |ap_enable_reg_pp0_iter32                  |   1|   0|    1|          0|
    |ap_enable_reg_pp0_iter33                  |   1|   0|    1|          0|
    |ap_enable_reg_pp0_iter34                  |   1|   0|    1|          0|
    |ap_enable_reg_pp0_iter35                  |   1|   0|    1|          0|
    |ap_enable_reg_pp0_iter36                  |   1|   0|    1|          0|
    |ap_enable_reg_pp0_iter37                  |   1|   0|    1|          0|
    |ap_enable_reg_pp0_iter38                  |   1|   0|    1|          0|
    |ap_enable_reg_pp0_iter39                  |   1|   0|    1|          0|
    |ap_enable_reg_pp0_iter4                   |   1|   0|    1|          0|
    |ap_enable_reg_pp0_iter40                  |   1|   0|    1|          0|
    |ap_enable_reg_pp0_iter41                  |   1|   0|    1|          0|
    |ap_enable_reg_pp0_iter42                  |   1|   0|    1|          0|
    |ap_enable_reg_pp0_iter43                  |   1|   0|    1|          0|
    |ap_enable_reg_pp0_iter44                  |   1|   0|    1|          0|
    |ap_enable_reg_pp0_iter45                  |   1|   0|    1|          0|
    |ap_enable_reg_pp0_iter46                  |   1|   0|    1|          0|
    |ap_enable_reg_pp0_iter47                  |   1|   0|    1|          0|
    |ap_enable_reg_pp0_iter48                  |   1|   0|    1|          0|
    |ap_enable_reg_pp0_iter49                  |   1|   0|    1|          0|
    |ap_enable_reg_pp0_iter5                   |   1|   0|    1|          0|
    |ap_enable_reg_pp0_iter50                  |   1|   0|    1|          0|
    |ap_enable_reg_pp0_iter51                  |   1|   0|    1|          0|
    |ap_enable_reg_pp0_iter52                  |   1|   0|    1|          0|
    |ap_enable_reg_pp0_iter53                  |   1|   0|    1|          0|
    |ap_enable_reg_pp0_iter54                  |   1|   0|    1|          0|
    |ap_enable_reg_pp0_iter55                  |   1|   0|    1|          0|
    |ap_enable_reg_pp0_iter56                  |   1|   0|    1|          0|
    |ap_enable_reg_pp0_iter57                  |   1|   0|    1|          0|
    |ap_enable_reg_pp0_iter58                  |   1|   0|    1|          0|
    |ap_enable_reg_pp0_iter59                  |   1|   0|    1|          0|
    |ap_enable_reg_pp0_iter6                   |   1|   0|    1|          0|
    |ap_enable_reg_pp0_iter60                  |   1|   0|    1|          0|
    |ap_enable_reg_pp0_iter61                  |   1|   0|    1|          0|
    |ap_enable_reg_pp0_iter62                  |   1|   0|    1|          0|
    |ap_enable_reg_pp0_iter63                  |   1|   0|    1|          0|
    |ap_enable_reg_pp0_iter64                  |   1|   0|    1|          0|
    |ap_enable_reg_pp0_iter65                  |   1|   0|    1|          0|
    |ap_enable_reg_pp0_iter66                  |   1|   0|    1|          0|
    |ap_enable_reg_pp0_iter67                  |   1|   0|    1|          0|
    |ap_enable_reg_pp0_iter68                  |   1|   0|    1|          0|
    |ap_enable_reg_pp0_iter69                  |   1|   0|    1|          0|
    |ap_enable_reg_pp0_iter7                   |   1|   0|    1|          0|
    |ap_enable_reg_pp0_iter70                  |   1|   0|    1|          0|
    |ap_enable_reg_pp0_iter71                  |   1|   0|    1|          0|
    |ap_enable_reg_pp0_iter72                  |   1|   0|    1|          0|
    |ap_enable_reg_pp0_iter73                  |   1|   0|    1|          0|
    |ap_enable_reg_pp0_iter74                  |   1|   0|    1|          0|
    |ap_enable_reg_pp0_iter75                  |   1|   0|    1|          0|
    |ap_enable_reg_pp0_iter76                  |   1|   0|    1|          0|
    |ap_enable_reg_pp0_iter77                  |   1|   0|    1|          0|
    |ap_enable_reg_pp0_iter78                  |   1|   0|    1|          0|
    |ap_enable_reg_pp0_iter79                  |   1|   0|    1|          0|
    |ap_enable_reg_pp0_iter8                   |   1|   0|    1|          0|
    |ap_enable_reg_pp0_iter80                  |   1|   0|    1|          0|
    |ap_enable_reg_pp0_iter81                  |   1|   0|    1|          0|
    |ap_enable_reg_pp0_iter82                  |   1|   0|    1|          0|
    |ap_enable_reg_pp0_iter83                  |   1|   0|    1|          0|
    |ap_enable_reg_pp0_iter84                  |   1|   0|    1|          0|
    |ap_enable_reg_pp0_iter85                  |   1|   0|    1|          0|
    |ap_enable_reg_pp0_iter86                  |   1|   0|    1|          0|
    |ap_enable_reg_pp0_iter87                  |   1|   0|    1|          0|
    |ap_enable_reg_pp0_iter88                  |   1|   0|    1|          0|
    |ap_enable_reg_pp0_iter89                  |   1|   0|    1|          0|
    |ap_enable_reg_pp0_iter9                   |   1|   0|    1|          0|
    |ap_enable_reg_pp0_iter90                  |   1|   0|    1|          0|
    |ap_enable_reg_pp0_iter91                  |   1|   0|    1|          0|
    |ap_enable_reg_pp0_iter92                  |   1|   0|    1|          0|
    |ap_enable_reg_pp0_iter93                  |   1|   0|    1|          0|
    |ap_enable_reg_pp0_iter94                  |   1|   0|    1|          0|
    |ap_enable_reg_pp0_iter95                  |   1|   0|    1|          0|
    |ap_enable_reg_pp0_iter96                  |   1|   0|    1|          0|
    |ap_enable_reg_pp0_iter97                  |   1|   0|    1|          0|
    |ap_enable_reg_pp0_iter98                  |   1|   0|    1|          0|
    |ap_enable_reg_pp0_iter99                  |   1|   0|    1|          0|
    |ap_phi_reg_pp0_iter100_res_phi2_reg_194   |  32|   0|   32|          0|
    |ap_phi_reg_pp0_iter100_res_phi_2_reg_206  |  32|   0|   32|          0|
    |ap_phi_reg_pp0_iter10_res_phi2_reg_194    |  32|   0|   32|          0|
    |ap_phi_reg_pp0_iter10_res_phi_2_reg_206   |  32|   0|   32|          0|
    |ap_phi_reg_pp0_iter11_res_phi2_reg_194    |  32|   0|   32|          0|
    |ap_phi_reg_pp0_iter11_res_phi_2_reg_206   |  32|   0|   32|          0|
    |ap_phi_reg_pp0_iter12_res_phi2_reg_194    |  32|   0|   32|          0|
    |ap_phi_reg_pp0_iter12_res_phi_2_reg_206   |  32|   0|   32|          0|
    |ap_phi_reg_pp0_iter13_res_phi2_reg_194    |  32|   0|   32|          0|
    |ap_phi_reg_pp0_iter13_res_phi_2_reg_206   |  32|   0|   32|          0|
    |ap_phi_reg_pp0_iter14_res_phi2_reg_194    |  32|   0|   32|          0|
    |ap_phi_reg_pp0_iter14_res_phi_2_reg_206   |  32|   0|   32|          0|
    |ap_phi_reg_pp0_iter15_res_phi2_reg_194    |  32|   0|   32|          0|
    |ap_phi_reg_pp0_iter15_res_phi_2_reg_206   |  32|   0|   32|          0|
    |ap_phi_reg_pp0_iter16_res_phi2_reg_194    |  32|   0|   32|          0|
    |ap_phi_reg_pp0_iter16_res_phi_2_reg_206   |  32|   0|   32|          0|
    |ap_phi_reg_pp0_iter17_res_phi2_reg_194    |  32|   0|   32|          0|
    |ap_phi_reg_pp0_iter17_res_phi_2_reg_206   |  32|   0|   32|          0|
    |ap_phi_reg_pp0_iter18_res_phi2_reg_194    |  32|   0|   32|          0|
    |ap_phi_reg_pp0_iter18_res_phi_2_reg_206   |  32|   0|   32|          0|
    |ap_phi_reg_pp0_iter19_res_phi2_reg_194    |  32|   0|   32|          0|
    |ap_phi_reg_pp0_iter19_res_phi_2_reg_206   |  32|   0|   32|          0|
    |ap_phi_reg_pp0_iter1_res_phi2_reg_194     |  32|   0|   32|          0|
    |ap_phi_reg_pp0_iter1_res_phi_2_reg_206    |  32|   0|   32|          0|
    |ap_phi_reg_pp0_iter20_res_phi2_reg_194    |  32|   0|   32|          0|
    |ap_phi_reg_pp0_iter20_res_phi_2_reg_206   |  32|   0|   32|          0|
    |ap_phi_reg_pp0_iter21_res_phi2_reg_194    |  32|   0|   32|          0|
    |ap_phi_reg_pp0_iter21_res_phi_2_reg_206   |  32|   0|   32|          0|
    |ap_phi_reg_pp0_iter22_res_phi2_reg_194    |  32|   0|   32|          0|
    |ap_phi_reg_pp0_iter22_res_phi_2_reg_206   |  32|   0|   32|          0|
    |ap_phi_reg_pp0_iter23_res_phi2_reg_194    |  32|   0|   32|          0|
    |ap_phi_reg_pp0_iter23_res_phi_2_reg_206   |  32|   0|   32|          0|
    |ap_phi_reg_pp0_iter24_res_phi2_reg_194    |  32|   0|   32|          0|
    |ap_phi_reg_pp0_iter24_res_phi_2_reg_206   |  32|   0|   32|          0|
    |ap_phi_reg_pp0_iter25_res_phi2_reg_194    |  32|   0|   32|          0|
    |ap_phi_reg_pp0_iter25_res_phi_2_reg_206   |  32|   0|   32|          0|
    |ap_phi_reg_pp0_iter26_res_phi2_reg_194    |  32|   0|   32|          0|
    |ap_phi_reg_pp0_iter26_res_phi_2_reg_206   |  32|   0|   32|          0|
    |ap_phi_reg_pp0_iter27_res_phi2_reg_194    |  32|   0|   32|          0|
    |ap_phi_reg_pp0_iter27_res_phi_2_reg_206   |  32|   0|   32|          0|
    |ap_phi_reg_pp0_iter28_res_phi2_reg_194    |  32|   0|   32|          0|
    |ap_phi_reg_pp0_iter28_res_phi_2_reg_206   |  32|   0|   32|          0|
    |ap_phi_reg_pp0_iter29_res_phi2_reg_194    |  32|   0|   32|          0|
    |ap_phi_reg_pp0_iter29_res_phi_2_reg_206   |  32|   0|   32|          0|
    |ap_phi_reg_pp0_iter2_res_phi2_reg_194     |  32|   0|   32|          0|
    |ap_phi_reg_pp0_iter2_res_phi_2_reg_206    |  32|   0|   32|          0|
    |ap_phi_reg_pp0_iter30_res_phi2_reg_194    |  32|   0|   32|          0|
    |ap_phi_reg_pp0_iter30_res_phi_2_reg_206   |  32|   0|   32|          0|
    |ap_phi_reg_pp0_iter31_res_phi2_reg_194    |  32|   0|   32|          0|
    |ap_phi_reg_pp0_iter31_res_phi_2_reg_206   |  32|   0|   32|          0|
    |ap_phi_reg_pp0_iter32_res_phi2_reg_194    |  32|   0|   32|          0|
    |ap_phi_reg_pp0_iter32_res_phi_2_reg_206   |  32|   0|   32|          0|
    |ap_phi_reg_pp0_iter33_res_phi2_reg_194    |  32|   0|   32|          0|
    |ap_phi_reg_pp0_iter33_res_phi_2_reg_206   |  32|   0|   32|          0|
    |ap_phi_reg_pp0_iter34_res_phi2_reg_194    |  32|   0|   32|          0|
    |ap_phi_reg_pp0_iter34_res_phi_2_reg_206   |  32|   0|   32|          0|
    |ap_phi_reg_pp0_iter35_res_phi2_reg_194    |  32|   0|   32|          0|
    |ap_phi_reg_pp0_iter35_res_phi_2_reg_206   |  32|   0|   32|          0|
    |ap_phi_reg_pp0_iter36_res_phi2_reg_194    |  32|   0|   32|          0|
    |ap_phi_reg_pp0_iter36_res_phi_2_reg_206   |  32|   0|   32|          0|
    |ap_phi_reg_pp0_iter37_res_phi2_reg_194    |  32|   0|   32|          0|
    |ap_phi_reg_pp0_iter37_res_phi_2_reg_206   |  32|   0|   32|          0|
    |ap_phi_reg_pp0_iter38_res_phi2_reg_194    |  32|   0|   32|          0|
    |ap_phi_reg_pp0_iter38_res_phi_2_reg_206   |  32|   0|   32|          0|
    |ap_phi_reg_pp0_iter39_res_phi2_reg_194    |  32|   0|   32|          0|
    |ap_phi_reg_pp0_iter39_res_phi_2_reg_206   |  32|   0|   32|          0|
    |ap_phi_reg_pp0_iter3_res_phi2_reg_194     |  32|   0|   32|          0|
    |ap_phi_reg_pp0_iter3_res_phi_2_reg_206    |  32|   0|   32|          0|
    |ap_phi_reg_pp0_iter40_res_phi2_reg_194    |  32|   0|   32|          0|
    |ap_phi_reg_pp0_iter40_res_phi_2_reg_206   |  32|   0|   32|          0|
    |ap_phi_reg_pp0_iter41_res_phi2_reg_194    |  32|   0|   32|          0|
    |ap_phi_reg_pp0_iter41_res_phi_2_reg_206   |  32|   0|   32|          0|
    |ap_phi_reg_pp0_iter42_res_phi2_reg_194    |  32|   0|   32|          0|
    |ap_phi_reg_pp0_iter42_res_phi_2_reg_206   |  32|   0|   32|          0|
    |ap_phi_reg_pp0_iter43_res_phi2_reg_194    |  32|   0|   32|          0|
    |ap_phi_reg_pp0_iter43_res_phi_2_reg_206   |  32|   0|   32|          0|
    |ap_phi_reg_pp0_iter44_res_phi2_reg_194    |  32|   0|   32|          0|
    |ap_phi_reg_pp0_iter44_res_phi_2_reg_206   |  32|   0|   32|          0|
    |ap_phi_reg_pp0_iter45_res_phi2_reg_194    |  32|   0|   32|          0|
    |ap_phi_reg_pp0_iter45_res_phi_2_reg_206   |  32|   0|   32|          0|
    |ap_phi_reg_pp0_iter46_res_phi2_reg_194    |  32|   0|   32|          0|
    |ap_phi_reg_pp0_iter46_res_phi_2_reg_206   |  32|   0|   32|          0|
    |ap_phi_reg_pp0_iter47_res_phi2_reg_194    |  32|   0|   32|          0|
    |ap_phi_reg_pp0_iter47_res_phi_2_reg_206   |  32|   0|   32|          0|
    |ap_phi_reg_pp0_iter48_res_phi2_reg_194    |  32|   0|   32|          0|
    |ap_phi_reg_pp0_iter48_res_phi_2_reg_206   |  32|   0|   32|          0|
    |ap_phi_reg_pp0_iter49_res_phi2_reg_194    |  32|   0|   32|          0|
    |ap_phi_reg_pp0_iter49_res_phi_2_reg_206   |  32|   0|   32|          0|
    |ap_phi_reg_pp0_iter4_res_phi2_reg_194     |  32|   0|   32|          0|
    |ap_phi_reg_pp0_iter4_res_phi_2_reg_206    |  32|   0|   32|          0|
    |ap_phi_reg_pp0_iter50_res_phi2_reg_194    |  32|   0|   32|          0|
    |ap_phi_reg_pp0_iter50_res_phi_2_reg_206   |  32|   0|   32|          0|
    |ap_phi_reg_pp0_iter51_res_phi2_reg_194    |  32|   0|   32|          0|
    |ap_phi_reg_pp0_iter51_res_phi_2_reg_206   |  32|   0|   32|          0|
    |ap_phi_reg_pp0_iter52_res_phi2_reg_194    |  32|   0|   32|          0|
    |ap_phi_reg_pp0_iter52_res_phi_2_reg_206   |  32|   0|   32|          0|
    |ap_phi_reg_pp0_iter53_res_phi2_reg_194    |  32|   0|   32|          0|
    |ap_phi_reg_pp0_iter53_res_phi_2_reg_206   |  32|   0|   32|          0|
    |ap_phi_reg_pp0_iter54_res_phi2_reg_194    |  32|   0|   32|          0|
    |ap_phi_reg_pp0_iter54_res_phi_2_reg_206   |  32|   0|   32|          0|
    |ap_phi_reg_pp0_iter55_res_phi2_reg_194    |  32|   0|   32|          0|
    |ap_phi_reg_pp0_iter55_res_phi_2_reg_206   |  32|   0|   32|          0|
    |ap_phi_reg_pp0_iter56_res_phi2_reg_194    |  32|   0|   32|          0|
    |ap_phi_reg_pp0_iter56_res_phi_2_reg_206   |  32|   0|   32|          0|
    |ap_phi_reg_pp0_iter57_res_phi2_reg_194    |  32|   0|   32|          0|
    |ap_phi_reg_pp0_iter57_res_phi_2_reg_206   |  32|   0|   32|          0|
    |ap_phi_reg_pp0_iter58_res_phi2_reg_194    |  32|   0|   32|          0|
    |ap_phi_reg_pp0_iter58_res_phi_2_reg_206   |  32|   0|   32|          0|
    |ap_phi_reg_pp0_iter59_res_phi2_reg_194    |  32|   0|   32|          0|
    |ap_phi_reg_pp0_iter59_res_phi_2_reg_206   |  32|   0|   32|          0|
    |ap_phi_reg_pp0_iter5_res_phi2_reg_194     |  32|   0|   32|          0|
    |ap_phi_reg_pp0_iter5_res_phi_2_reg_206    |  32|   0|   32|          0|
    |ap_phi_reg_pp0_iter60_res_phi2_reg_194    |  32|   0|   32|          0|
    |ap_phi_reg_pp0_iter60_res_phi_2_reg_206   |  32|   0|   32|          0|
    |ap_phi_reg_pp0_iter61_res_phi2_reg_194    |  32|   0|   32|          0|
    |ap_phi_reg_pp0_iter61_res_phi_2_reg_206   |  32|   0|   32|          0|
    |ap_phi_reg_pp0_iter62_res_phi2_reg_194    |  32|   0|   32|          0|
    |ap_phi_reg_pp0_iter62_res_phi_2_reg_206   |  32|   0|   32|          0|
    |ap_phi_reg_pp0_iter63_res_phi2_reg_194    |  32|   0|   32|          0|
    |ap_phi_reg_pp0_iter63_res_phi_2_reg_206   |  32|   0|   32|          0|
    |ap_phi_reg_pp0_iter64_res_phi2_reg_194    |  32|   0|   32|          0|
    |ap_phi_reg_pp0_iter64_res_phi_2_reg_206   |  32|   0|   32|          0|
    |ap_phi_reg_pp0_iter65_res_phi2_reg_194    |  32|   0|   32|          0|
    |ap_phi_reg_pp0_iter65_res_phi_2_reg_206   |  32|   0|   32|          0|
    |ap_phi_reg_pp0_iter66_res_phi2_reg_194    |  32|   0|   32|          0|
    |ap_phi_reg_pp0_iter66_res_phi_2_reg_206   |  32|   0|   32|          0|
    |ap_phi_reg_pp0_iter67_res_phi2_reg_194    |  32|   0|   32|          0|
    |ap_phi_reg_pp0_iter67_res_phi_2_reg_206   |  32|   0|   32|          0|
    |ap_phi_reg_pp0_iter68_res_phi2_reg_194    |  32|   0|   32|          0|
    |ap_phi_reg_pp0_iter68_res_phi_2_reg_206   |  32|   0|   32|          0|
    |ap_phi_reg_pp0_iter69_res_phi2_reg_194    |  32|   0|   32|          0|
    |ap_phi_reg_pp0_iter69_res_phi_2_reg_206   |  32|   0|   32|          0|
    |ap_phi_reg_pp0_iter6_res_phi2_reg_194     |  32|   0|   32|          0|
    |ap_phi_reg_pp0_iter6_res_phi_2_reg_206    |  32|   0|   32|          0|
    |ap_phi_reg_pp0_iter70_res_phi2_reg_194    |  32|   0|   32|          0|
    |ap_phi_reg_pp0_iter70_res_phi_2_reg_206   |  32|   0|   32|          0|
    |ap_phi_reg_pp0_iter71_res_phi2_reg_194    |  32|   0|   32|          0|
    |ap_phi_reg_pp0_iter71_res_phi_2_reg_206   |  32|   0|   32|          0|
    |ap_phi_reg_pp0_iter72_res_phi2_reg_194    |  32|   0|   32|          0|
    |ap_phi_reg_pp0_iter72_res_phi_2_reg_206   |  32|   0|   32|          0|
    |ap_phi_reg_pp0_iter73_res_phi2_reg_194    |  32|   0|   32|          0|
    |ap_phi_reg_pp0_iter73_res_phi_2_reg_206   |  32|   0|   32|          0|
    |ap_phi_reg_pp0_iter74_res_phi2_reg_194    |  32|   0|   32|          0|
    |ap_phi_reg_pp0_iter74_res_phi_2_reg_206   |  32|   0|   32|          0|
    |ap_phi_reg_pp0_iter75_res_phi2_reg_194    |  32|   0|   32|          0|
    |ap_phi_reg_pp0_iter75_res_phi_2_reg_206   |  32|   0|   32|          0|
    |ap_phi_reg_pp0_iter76_res_phi2_reg_194    |  32|   0|   32|          0|
    |ap_phi_reg_pp0_iter76_res_phi_2_reg_206   |  32|   0|   32|          0|
    |ap_phi_reg_pp0_iter77_res_phi2_reg_194    |  32|   0|   32|          0|
    |ap_phi_reg_pp0_iter77_res_phi_2_reg_206   |  32|   0|   32|          0|
    |ap_phi_reg_pp0_iter78_res_phi2_reg_194    |  32|   0|   32|          0|
    |ap_phi_reg_pp0_iter78_res_phi_2_reg_206   |  32|   0|   32|          0|
    |ap_phi_reg_pp0_iter79_res_phi2_reg_194    |  32|   0|   32|          0|
    |ap_phi_reg_pp0_iter79_res_phi_2_reg_206   |  32|   0|   32|          0|
    |ap_phi_reg_pp0_iter7_res_phi2_reg_194     |  32|   0|   32|          0|
    |ap_phi_reg_pp0_iter7_res_phi_2_reg_206    |  32|   0|   32|          0|
    |ap_phi_reg_pp0_iter80_res_phi2_reg_194    |  32|   0|   32|          0|
    |ap_phi_reg_pp0_iter80_res_phi_2_reg_206   |  32|   0|   32|          0|
    |ap_phi_reg_pp0_iter81_res_phi2_reg_194    |  32|   0|   32|          0|
    |ap_phi_reg_pp0_iter81_res_phi_2_reg_206   |  32|   0|   32|          0|
    |ap_phi_reg_pp0_iter82_res_phi2_reg_194    |  32|   0|   32|          0|
    |ap_phi_reg_pp0_iter82_res_phi_2_reg_206   |  32|   0|   32|          0|
    |ap_phi_reg_pp0_iter83_res_phi2_reg_194    |  32|   0|   32|          0|
    |ap_phi_reg_pp0_iter83_res_phi_2_reg_206   |  32|   0|   32|          0|
    |ap_phi_reg_pp0_iter84_res_phi2_reg_194    |  32|   0|   32|          0|
    |ap_phi_reg_pp0_iter84_res_phi_2_reg_206   |  32|   0|   32|          0|
    |ap_phi_reg_pp0_iter85_res_phi2_reg_194    |  32|   0|   32|          0|
    |ap_phi_reg_pp0_iter85_res_phi_2_reg_206   |  32|   0|   32|          0|
    |ap_phi_reg_pp0_iter86_res_phi2_reg_194    |  32|   0|   32|          0|
    |ap_phi_reg_pp0_iter86_res_phi_2_reg_206   |  32|   0|   32|          0|
    |ap_phi_reg_pp0_iter87_res_phi2_reg_194    |  32|   0|   32|          0|
    |ap_phi_reg_pp0_iter87_res_phi_2_reg_206   |  32|   0|   32|          0|
    |ap_phi_reg_pp0_iter88_res_phi2_reg_194    |  32|   0|   32|          0|
    |ap_phi_reg_pp0_iter88_res_phi_2_reg_206   |  32|   0|   32|          0|
    |ap_phi_reg_pp0_iter89_res_phi2_reg_194    |  32|   0|   32|          0|
    |ap_phi_reg_pp0_iter89_res_phi_2_reg_206   |  32|   0|   32|          0|
    |ap_phi_reg_pp0_iter8_res_phi2_reg_194     |  32|   0|   32|          0|
    |ap_phi_reg_pp0_iter8_res_phi_2_reg_206    |  32|   0|   32|          0|
    |ap_phi_reg_pp0_iter90_res_phi2_reg_194    |  32|   0|   32|          0|
    |ap_phi_reg_pp0_iter90_res_phi_2_reg_206   |  32|   0|   32|          0|
    |ap_phi_reg_pp0_iter91_res_phi2_reg_194    |  32|   0|   32|          0|
    |ap_phi_reg_pp0_iter91_res_phi_2_reg_206   |  32|   0|   32|          0|
    |ap_phi_reg_pp0_iter92_res_phi2_reg_194    |  32|   0|   32|          0|
    |ap_phi_reg_pp0_iter92_res_phi_2_reg_206   |  32|   0|   32|          0|
    |ap_phi_reg_pp0_iter93_res_phi2_reg_194    |  32|   0|   32|          0|
    |ap_phi_reg_pp0_iter93_res_phi_2_reg_206   |  32|   0|   32|          0|
    |ap_phi_reg_pp0_iter94_res_phi2_reg_194    |  32|   0|   32|          0|
    |ap_phi_reg_pp0_iter94_res_phi_2_reg_206   |  32|   0|   32|          0|
    |ap_phi_reg_pp0_iter95_res_phi2_reg_194    |  32|   0|   32|          0|
    |ap_phi_reg_pp0_iter95_res_phi_2_reg_206   |  32|   0|   32|          0|
    |ap_phi_reg_pp0_iter96_res_phi2_reg_194    |  32|   0|   32|          0|
    |ap_phi_reg_pp0_iter96_res_phi_2_reg_206   |  32|   0|   32|          0|
    |ap_phi_reg_pp0_iter97_res_phi2_reg_194    |  32|   0|   32|          0|
    |ap_phi_reg_pp0_iter97_res_phi_2_reg_206   |  32|   0|   32|          0|
    |ap_phi_reg_pp0_iter98_res_phi2_reg_194    |  32|   0|   32|          0|
    |ap_phi_reg_pp0_iter98_res_phi_2_reg_206   |  32|   0|   32|          0|
    |ap_phi_reg_pp0_iter99_res_phi2_reg_194    |  32|   0|   32|          0|
    |ap_phi_reg_pp0_iter99_res_phi_2_reg_206   |  32|   0|   32|          0|
    |ap_phi_reg_pp0_iter9_res_phi2_reg_194     |  32|   0|   32|          0|
    |ap_phi_reg_pp0_iter9_res_phi_2_reg_206    |  32|   0|   32|          0|
    |dp_1_reg_1261                             |  64|   0|   64|          0|
    |exp_tmp_V_reg_1440                        |  11|   0|   11|          0|
    |grp_acos_fu_253_ap_start_reg              |   1|   0|    1|          0|
    |grp_cos_fu_229_ap_start_reg               |   1|   0|    1|          0|
    |grp_sin_fu_245_ap_start_reg               |   1|   0|    1|          0|
    |icmp1_reg_1485                            |   1|   0|    1|          0|
    |is_neg_reg_1367                           |   1|   0|    1|          0|
    |isneg_1_reg_1434                          |   1|   0|    1|          0|
    |isneg_reg_1271                            |   1|   0|    1|          0|
    |man_V_2_reg_1296                          |  54|   0|   54|          0|
    |man_V_4_reg_1450                          |  54|   0|   54|          0|
    |p_Result_s_84_reg_1409                    |   8|   0|    8|          0|
    |p_Val2_12_reg_1378                        |  29|   0|   29|          0|
    |p_Val2_1_reg_1209                         |  24|   0|   24|          0|
    |p_Val2_2_reg_1236                         |  48|   0|   48|          0|
    |p_Val2_3_reg_1241                         |  48|   0|   48|          0|
    |p_Val2_cast_reg_1357                      |  29|   0|   29|          0|
    |p_Val2_s_reg_1204                         |  24|   0|   24|          0|
    |pt_V_reg_1332                             |  16|   0|   16|          0|
    |res_phi_2_reg_206                         |  32|   0|   32|          0|
    |res_phi_3_reg_1419                        |  32|   0|   32|          0|
    |sel_tmp10_i_reg_1322                      |  16|   0|   16|          0|
    |sel_tmp22_i_reg_1327                      |   1|   0|    1|          0|
    |sel_tmp7_i_reg_1317                       |   1|   0|    1|          0|
    |sh_amt_1_reg_1301                         |  12|   0|   12|          0|
    |sh_amt_reg_1467                           |  12|   0|   12|          0|
    |tmp32_V_3_reg_1399                        |  32|   0|   32|          0|
    |tmp32_V_6_reg_1404                        |  32|   0|   32|          0|
    |tmp_10_i_reg_1246                         |  49|   0|   49|          0|
    |tmp_10_reg_1373                           |  29|   0|   29|          0|
    |tmp_11_i_reg_1251                         |   1|   0|    1|          0|
    |tmp_14_i_reg_1282                         |   1|   0|    1|          0|
    |tmp_16_reg_1455                           |   1|   0|    1|          0|
    |tmp_17_reg_1461                           |   1|   0|    1|          0|
    |tmp_20_reg_1473                           |   1|   0|    1|          0|
    |tmp_21_i_reg_1312                         |   1|   0|    1|          0|
    |tmp_35_reg_1277                           |  52|   0|   52|          0|
    |tmp_36_reg_1307                           |  16|   0|   16|          0|
    |tmp_40_reg_1384                           |  31|   0|   31|          0|
    |tmp_41_reg_1389                           |   1|   0|    1|          0|
    |tmp_47_reg_1394                           |   8|   0|    8|          0|
    |tmp_48_reg_1353                           |   1|   0|    1|          0|
    |tmp_49_reg_1429                           |  63|   0|   63|          0|
    |tmp_51_reg_1445                           |  52|   0|   52|          0|
    |tmp_52_reg_1479                           |  16|   0|   16|          0|
    |tmp_9_reg_1362                            |   1|   0|    1|          0|
    |tmp_reg_1339                              |   1|   0|    1|          0|
    |v_assign_2_reg_1424                       |  32|   0|   32|          0|
    |Inp1_V_read_assign_reg_1224               |  64|  48|   24|          0|
    |Inp2_V_read_assign_reg_1230               |  64|  48|   24|          0|
    |allPT_hw_0_V_read_reg_1184                |  64|  48|   16|          0|
    |allPT_hw_1_V_read_reg_1189                |  64|  56|   16|          0|
    |is_neg_reg_1367                           |  64|  32|    1|          0|
    |pt_V_reg_1332                             |  64|  32|   16|          0|
    |tmp_11_i_reg_1251                         |  64|  32|    1|          0|
    |tmp_47_reg_1394                           |  64|  32|    8|          0|
    |tmp_48_reg_1353                           |  64|  32|    1|          0|
    |tmp_9_reg_1362                            |  64|  32|    1|          0|
    |tmp_reg_1339                              |  64|  32|    1|          0|
    +------------------------------------------+----+----+-----+-----------+
    |Total                                     |8361| 424| 7766|          0|
    +------------------------------------------+----+----+-----+-----------+



================================================================
== Interface
================================================================
* Summary: 
+---------------------+-----+-----+------------+---------------+--------------+
|      RTL Ports      | Dir | Bits|  Protocol  | Source Object |    C Type    |
+---------------------+-----+-----+------------+---------------+--------------+
|ap_clk               |  in |    1| ap_ctrl_hs |     MET_hw    | return value |
|ap_rst               |  in |    1| ap_ctrl_hs |     MET_hw    | return value |
|ap_start             |  in |    1| ap_ctrl_hs |     MET_hw    | return value |
|ap_done              | out |    1| ap_ctrl_hs |     MET_hw    | return value |
|ap_idle              | out |    1| ap_ctrl_hs |     MET_hw    | return value |
|ap_ready             | out |    1| ap_ctrl_hs |     MET_hw    | return value |
|allPT_hw_0_V         |  in |   16|   ap_none  |  allPT_hw_0_V |    pointer   |
|allPT_hw_1_V         |  in |   16|   ap_none  |  allPT_hw_1_V |    pointer   |
|missPT_hw_V          | out |   16|   ap_vld   |  missPT_hw_V  |    pointer   |
|missPT_hw_V_ap_vld   | out |    1|   ap_vld   |  missPT_hw_V  |    pointer   |
|allPhi_hw_0_V        |  in |   10|   ap_none  | allPhi_hw_0_V |    pointer   |
|allPhi_hw_1_V        |  in |   10|   ap_none  | allPhi_hw_1_V |    pointer   |
|missPhi_hw_V         | out |   16|   ap_vld   |  missPhi_hw_V |    pointer   |
|missPhi_hw_V_ap_vld  | out |    1|   ap_vld   |  missPhi_hw_V |    pointer   |
+---------------------+-----+-----+------------+---------------+--------------+

