

================================================================
== Vivado HLS Report for 'Cos'
================================================================
* Date:           Mon Aug 26 17:15:34 2019

* Version:        2018.2 (Build 2258646 on Thu Jun 14 20:25:20 MDT 2018)
* Project:        met
* Solution:       cos_test
* Product family: virtexuplus
* Target device:  xcvu9p-flga2104-2l-e


================================================================
== Performance Estimates
================================================================
+ Timing (ns): 
    * Summary: 
    +--------+-------+----------+------------+
    |  Clock | Target| Estimated| Uncertainty|
    +--------+-------+----------+------------+
    |ap_clk  |   5.00|     3.936|        0.62|
    +--------+-------+----------+------------+

+ Latency (clock cycles): 
    * Summary: 
    +-----+-----+-----+-----+----------+
    |  Latency  |  Interval | Pipeline |
    | min | max | min | max |   Type   |
    +-----+-----+-----+-----+----------+
    |    9|    9|    5|    5| function |
    +-----+-----+-----+-----+----------+

    + Detail: 
        * Instance: 
        N/A

        * Loop: 
        N/A



================================================================
== Utilization Estimates
================================================================
* Summary: 
+-----------------+---------+-------+---------+---------+-----+
|       Name      | BRAM_18K| DSP48E|    FF   |   LUT   | URAM|
+-----------------+---------+-------+---------+---------+-----+
|DSP              |        -|     10|        -|        -|    -|
|Expression       |        -|     30|        0|     3814|    -|
|FIFO             |        -|      -|        -|        -|    -|
|Instance         |        -|      -|        -|        -|    -|
|Memory           |        1|      -|        0|        0|    -|
|Multiplexer      |        -|      -|        -|      306|    -|
|Register         |        -|      -|     1037|        -|    -|
+-----------------+---------+-------+---------+---------+-----+
|Total            |        1|     40|     1037|     4120|    0|
+-----------------+---------+-------+---------+---------+-----+
|Available        |     4320|   6840|  2364480|  1182240|  960|
+-----------------+---------+-------+---------+---------+-----+
|Utilization (%)  |    ~0   |   ~0  |    ~0   |    ~0   |    0|
+-----------------+---------+-------+---------+---------+-----+

+ Detail: 
    * Instance: 
    N/A

    * DSP48: 
    +--------------------------+----------------------+-----------+
    |         Instance         |        Module        | Expression|
    +--------------------------+----------------------+-----------+
    |COS_hw_mul_mul_9nbkb_U1   |COS_hw_mul_mul_9nbkb  |  i0 * i1  |
    |COS_hw_mul_mul_9nbkb_U2   |COS_hw_mul_mul_9nbkb  |  i0 * i1  |
    |COS_hw_mul_mul_9nbkb_U3   |COS_hw_mul_mul_9nbkb  |  i0 * i1  |
    |COS_hw_mul_mul_9nbkb_U4   |COS_hw_mul_mul_9nbkb  |  i0 * i1  |
    |COS_hw_mul_mul_9nbkb_U5   |COS_hw_mul_mul_9nbkb  |  i0 * i1  |
    |COS_hw_mul_mul_9nbkb_U6   |COS_hw_mul_mul_9nbkb  |  i0 * i1  |
    |COS_hw_mul_mul_9nbkb_U7   |COS_hw_mul_mul_9nbkb  |  i0 * i1  |
    |COS_hw_mul_mul_9nbkb_U8   |COS_hw_mul_mul_9nbkb  |  i0 * i1  |
    |COS_hw_mul_mul_9nbkb_U9   |COS_hw_mul_mul_9nbkb  |  i0 * i1  |
    |COS_hw_mul_mul_9nbkb_U10  |COS_hw_mul_mul_9nbkb  |  i0 * i1  |
    +--------------------------+----------------------+-----------+

    * Memory: 
    +--------------+----------------+---------+---+----+------+-----+------+-------------+
    |    Memory    |     Module     | BRAM_18K| FF| LUT| Words| Bits| Banks| W*Bits*Banks|
    +--------------+----------------+---------+---+----+------+-----+------+-------------+
    |cos_table1_U  |Cos_cos_table1  |        1|  0|   0|  1024|   12|     1|        12288|
    +--------------+----------------+---------+---+----+------+-----+------+-------------+
    |Total         |                |        1|  0|   0|  1024|   12|     1|        12288|
    +--------------+----------------+---------+---+----+------+-----+------+-------------+

    * FIFO: 
    N/A

    * Expression: 
    +---------------------------+----------+-------+---+----+------------+------------+
    |       Variable Name       | Operation| DSP48E| FF| LUT| Bitwidth P0| Bitwidth P1|
    +---------------------------+----------+-------+---+----+------------+------------+
    |mul1_fu_464_p2             |     *    |      3|  0|  20|          32|          31|
    |mul2_fu_2186_p2            |     *    |      3|  0|  20|          32|          31|
    |mul3_fu_517_p2             |     *    |      3|  0|  20|          32|          31|
    |mul4_fu_864_p2             |     *    |      3|  0|  20|          32|          31|
    |mul5_fu_917_p2             |     *    |      3|  0|  20|          32|          31|
    |mul6_fu_1298_p2            |     *    |      3|  0|  20|          32|          31|
    |mul7_fu_1351_p2            |     *    |      3|  0|  20|          32|          31|
    |mul8_fu_1742_p2            |     *    |      3|  0|  20|          32|          31|
    |mul9_fu_1795_p2            |     *    |      3|  0|  20|          32|          31|
    |mul_fu_2239_p2             |     *    |      3|  0|  20|          32|          31|
    |p_Val2_2_1_fu_499_p2       |     +    |      0|  0|  25|          15|          18|
    |p_Val2_2_2_fu_846_p2       |     +    |      0|  0|  25|          15|          18|
    |p_Val2_2_3_fu_899_p2       |     +    |      0|  0|  25|          15|          18|
    |p_Val2_2_4_fu_1280_p2      |     +    |      0|  0|  25|          15|          18|
    |p_Val2_2_5_fu_1333_p2      |     +    |      0|  0|  25|          15|          18|
    |p_Val2_2_6_fu_1724_p2      |     +    |      0|  0|  25|          15|          18|
    |p_Val2_2_7_fu_1777_p2      |     +    |      0|  0|  25|          15|          18|
    |p_Val2_2_8_fu_2168_p2      |     +    |      0|  0|  25|          15|          18|
    |p_Val2_2_9_fu_2221_p2      |     +    |      0|  0|  25|          15|          18|
    |p_Val2_2_fu_446_p2         |     +    |      0|  0|  25|          15|          18|
    |ret_V_1_1_fu_783_p2        |     +    |      0|  0|  36|           1|          29|
    |ret_V_1_2_fu_1083_p2       |     +    |      0|  0|  36|           1|          29|
    |ret_V_1_3_fu_1217_p2       |     +    |      0|  0|  36|           1|          29|
    |ret_V_1_4_fu_1527_p2       |     +    |      0|  0|  36|           1|          29|
    |ret_V_1_5_fu_1661_p2       |     +    |      0|  0|  36|           1|          29|
    |ret_V_1_6_fu_1971_p2       |     +    |      0|  0|  36|           1|          29|
    |ret_V_1_7_fu_2105_p2       |     +    |      0|  0|  36|           1|          29|
    |ret_V_1_8_fu_2389_p2       |     +    |      0|  0|  36|           1|          29|
    |ret_V_1_9_fu_2523_p2       |     +    |      0|  0|  36|           1|          29|
    |ret_V_1_fu_649_p2          |     +    |      0|  0|  36|           1|          29|
    |neg_mul1_fu_567_p2         |     -    |      0|  0|  70|           1|          63|
    |neg_mul2_fu_701_p2         |     -    |      0|  0|  70|           1|          63|
    |neg_mul3_fu_2307_p2        |     -    |      0|  0|  70|           1|          63|
    |neg_mul4_fu_1001_p2        |     -    |      0|  0|  70|           1|          63|
    |neg_mul5_fu_1135_p2        |     -    |      0|  0|  70|           1|          63|
    |neg_mul6_fu_1445_p2        |     -    |      0|  0|  70|           1|          63|
    |neg_mul7_fu_1579_p2        |     -    |      0|  0|  70|           1|          63|
    |neg_mul8_fu_1889_p2        |     -    |      0|  0|  70|           1|          63|
    |neg_mul9_fu_2023_p2        |     -    |      0|  0|  70|           1|          63|
    |neg_mul_fu_2441_p2         |     -    |      0|  0|  70|           1|          63|
    |neg_ti1_fu_596_p2          |     -    |      0|  0|  38|           1|          31|
    |neg_ti2_fu_730_p2          |     -    |      0|  0|  38|           1|          31|
    |neg_ti3_fu_1030_p2         |     -    |      0|  0|  38|           1|          31|
    |neg_ti4_fu_1164_p2         |     -    |      0|  0|  38|           1|          31|
    |neg_ti5_fu_1474_p2         |     -    |      0|  0|  38|           1|          31|
    |neg_ti6_fu_1608_p2         |     -    |      0|  0|  38|           1|          31|
    |neg_ti7_fu_1918_p2         |     -    |      0|  0|  38|           1|          31|
    |neg_ti8_fu_2336_p2         |     -    |      0|  0|  38|           1|          31|
    |neg_ti9_fu_2052_p2         |     -    |      0|  0|  38|           1|          31|
    |neg_ti_fu_2470_p2          |     -    |      0|  0|  38|           1|          31|
    |ap_block_pp0_stage0_11001  |    and   |      0|  0|   2|           1|           1|
    |icmp1_fu_984_p2            |   icmp   |      0|  0|  20|          19|           1|
    |icmp2_fu_1411_p2           |   icmp   |      0|  0|  20|          19|           1|
    |icmp3_fu_1428_p2           |   icmp   |      0|  0|  20|          19|           1|
    |icmp4_fu_1855_p2           |   icmp   |      0|  0|  20|          19|           1|
    |icmp5_fu_1872_p2           |   icmp   |      0|  0|  20|          19|           1|
    |icmp6_fu_2273_p2           |   icmp   |      0|  0|  20|          19|           1|
    |icmp7_fu_2290_p2           |   icmp   |      0|  0|  20|          19|           1|
    |icmp8_fu_2585_p2           |   icmp   |      0|  0|  20|          19|           1|
    |icmp9_fu_2602_p2           |   icmp   |      0|  0|  20|          19|           1|
    |icmp_fu_967_p2             |   icmp   |      0|  0|  20|          19|           1|
    |tmp_11_1_fu_777_p2         |   icmp   |      0|  0|  13|          13|           1|
    |tmp_11_2_fu_1077_p2        |   icmp   |      0|  0|  13|          13|           1|
    |tmp_11_3_fu_1211_p2        |   icmp   |      0|  0|  13|          13|           1|
    |tmp_11_4_fu_1521_p2        |   icmp   |      0|  0|  13|          13|           1|
    |tmp_11_5_fu_1655_p2        |   icmp   |      0|  0|  13|          13|           1|
    |tmp_11_6_fu_1965_p2        |   icmp   |      0|  0|  13|          13|           1|
    |tmp_11_7_fu_2099_p2        |   icmp   |      0|  0|  13|          13|           1|
    |tmp_11_8_fu_2383_p2        |   icmp   |      0|  0|  13|          13|           1|
    |tmp_11_9_fu_2517_p2        |   icmp   |      0|  0|  13|          13|           1|
    |tmp_s_fu_643_p2            |   icmp   |      0|  0|  13|          13|           1|
    |index_1_1_fu_989_p3        |  select  |      0|  0|  10|           1|           2|
    |index_1_2_fu_1416_p3       |  select  |      0|  0|  10|           1|           2|
    |index_1_3_fu_1433_p3       |  select  |      0|  0|  10|           1|           2|
    |index_1_4_fu_1860_p3       |  select  |      0|  0|  10|           1|           2|
    |index_1_5_fu_1877_p3       |  select  |      0|  0|  10|           1|           2|
    |index_1_6_fu_2278_p3       |  select  |      0|  0|  10|           1|           2|
    |index_1_7_fu_2295_p3       |  select  |      0|  0|  10|           1|           2|
    |index_1_8_fu_2590_p3       |  select  |      0|  0|  10|           1|           2|
    |index_1_9_fu_2607_p3       |  select  |      0|  0|  10|           1|           2|
    |index_1_fu_972_p3          |  select  |      0|  0|  10|           1|           2|
    |p_1_1_fu_813_p3            |  select  |      0|  0|  29|           1|           1|
    |p_1_2_fu_1113_p3           |  select  |      0|  0|  29|           1|           1|
    |p_1_36_fu_789_p3           |  select  |      0|  0|  29|           1|          29|
    |p_1_3_fu_1247_p3           |  select  |      0|  0|  29|           1|           1|
    |p_1_4_fu_1557_p3           |  select  |      0|  0|  29|           1|           1|
    |p_1_5_fu_1691_p3           |  select  |      0|  0|  29|           1|           1|
    |p_1_6_fu_2001_p3           |  select  |      0|  0|  29|           1|           1|
    |p_1_7_fu_2135_p3           |  select  |      0|  0|  29|           1|           1|
    |p_1_8_fu_2419_p3           |  select  |      0|  0|  29|           1|           1|
    |p_1_9_fu_2553_p3           |  select  |      0|  0|  29|           1|           1|
    |p_1_fu_679_p3              |  select  |      0|  0|  29|           1|           1|
    |p_2_1_fu_797_p3            |  select  |      0|  0|  29|           1|          29|
    |p_2_2_fu_1097_p3           |  select  |      0|  0|  29|           1|          29|
    |p_2_37_fu_1089_p3          |  select  |      0|  0|  29|           1|          29|
    |p_2_3_fu_1231_p3           |  select  |      0|  0|  29|           1|          29|
    |p_2_4_fu_1541_p3           |  select  |      0|  0|  29|           1|          29|
    |p_2_5_fu_1675_p3           |  select  |      0|  0|  29|           1|          29|
    |p_2_6_fu_1985_p3           |  select  |      0|  0|  29|           1|          29|
    |p_2_7_fu_2119_p3           |  select  |      0|  0|  29|           1|          29|
    |p_2_8_fu_2403_p3           |  select  |      0|  0|  29|           1|          29|
    |p_2_9_fu_2537_p3           |  select  |      0|  0|  29|           1|          29|
    |p_2_fu_663_p3              |  select  |      0|  0|  29|           1|          29|
    |p_3_fu_1223_p3             |  select  |      0|  0|  29|           1|          29|
    |p_4_fu_1533_p3             |  select  |      0|  0|  29|           1|          29|
    |p_5_fu_1667_p3             |  select  |      0|  0|  29|           1|          29|
    |p_6_fu_1977_p3             |  select  |      0|  0|  29|           1|          29|
    |p_7_fu_2111_p3             |  select  |      0|  0|  29|           1|          29|
    |p_8_fu_2395_p3             |  select  |      0|  0|  29|           1|          29|
    |p_9_fu_2529_p3             |  select  |      0|  0|  29|           1|          29|
    |p_s_fu_655_p3              |  select  |      0|  0|  29|           1|          29|
    |tmp_10_fu_1036_p3          |  select  |      0|  0|  31|           1|          31|
    |tmp_12_fu_589_p3           |  select  |      0|  0|  31|           1|          31|
    |tmp_19_fu_1170_p3          |  select  |      0|  0|  31|           1|          31|
    |tmp_22_fu_1480_p3          |  select  |      0|  0|  31|           1|          31|
    |tmp_25_fu_1614_p3          |  select  |      0|  0|  31|           1|          31|
    |tmp_28_fu_1924_p3          |  select  |      0|  0|  31|           1|          31|
    |tmp_31_fu_2058_p3          |  select  |      0|  0|  31|           1|          31|
    |tmp_34_fu_2342_p3          |  select  |      0|  0|  31|           1|          31|
    |tmp_37_fu_2476_p3          |  select  |      0|  0|  31|           1|          31|
    |tmp_38_fu_723_p3           |  select  |      0|  0|  31|           1|          31|
    |tmp_4_fu_736_p3            |  select  |      0|  0|  31|           1|          31|
    |tmp_63_fu_1023_p3          |  select  |      0|  0|  31|           1|          31|
    |tmp_70_fu_1157_p3          |  select  |      0|  0|  31|           1|          31|
    |tmp_74_fu_1467_p3          |  select  |      0|  0|  31|           1|          31|
    |tmp_78_fu_1601_p3          |  select  |      0|  0|  31|           1|          31|
    |tmp_82_fu_1911_p3          |  select  |      0|  0|  31|           1|          31|
    |tmp_86_fu_2045_p3          |  select  |      0|  0|  31|           1|          31|
    |tmp_90_fu_2329_p3          |  select  |      0|  0|  31|           1|          31|
    |tmp_94_fu_2463_p3          |  select  |      0|  0|  31|           1|          31|
    |tmp_fu_602_p3              |  select  |      0|  0|  31|           1|          31|
    |ap_enable_pp0              |    xor   |      0|  0|   2|           1|           2|
    +---------------------------+----------+-------+---+----+------------+------------+
    |Total                      |          |     30|  0|3814|         882|        2973|
    +---------------------------+----------+-------+---+----+------------+------------+

    * Multiplexer: 
    +-------------------------+----+-----------+-----+-----------+
    |           Name          | LUT| Input Size| Bits| Total Bits|
    +-------------------------+----+-----------+-----+-----------+
    |ap_NS_fsm                |  33|          6|    1|          6|
    |ap_enable_reg_pp0_iter0  |   9|          2|    1|          2|
    |cos_table1_address0      |  33|          6|   10|         60|
    |cos_table1_address1      |  33|          6|   10|         60|
    |data_V_address0          |  33|          6|    4|         24|
    |data_V_address1          |  33|          6|    4|         24|
    |res_V_address0           |  33|          6|    4|         24|
    |res_V_address1           |  33|          6|    4|         24|
    |res_V_d0                 |  33|          6|   10|         60|
    |res_V_d1                 |  33|          6|   10|         60|
    +-------------------------+----+-----------+-----+-----------+
    |Total                    | 306|         56|   58|        344|
    +-------------------------+----+-----------+-----+-----------+

    * Register: 
    +-----------------------------+----+----+-----+-----------+
    |             Name            | FF | LUT| Bits| Const Bits|
    +-----------------------------+----+----+-----+-----------+
    |ap_CS_fsm                    |   5|   0|    5|          0|
    |ap_enable_reg_pp0_iter0_reg  |   1|   0|    1|          0|
    |ap_enable_reg_pp0_iter1      |   1|   0|    1|          0|
    |mul1_reg_2729                |  45|   0|   63|         18|
    |mul2_reg_3037                |  45|   0|   63|         18|
    |mul3_reg_2745                |  45|   0|   63|         18|
    |mul4_reg_2801                |  45|   0|   63|         18|
    |mul5_reg_2817                |  45|   0|   63|         18|
    |mul6_reg_2883                |  45|   0|   63|         18|
    |mul7_reg_2899                |  45|   0|   63|         18|
    |mul8_reg_2965                |  45|   0|   63|         18|
    |mul9_reg_2981                |  45|   0|   63|         18|
    |mul_reg_3053                 |  45|   0|   63|         18|
    |tmp_100_reg_2822             |   1|   0|    1|          0|
    |tmp_102_reg_2828             |  16|   0|   16|          0|
    |tmp_107_reg_2873             |  10|   0|   10|          0|
    |tmp_108_reg_2878             |  19|   0|   19|          0|
    |tmp_109_reg_2888             |   1|   0|    1|          0|
    |tmp_111_reg_2894             |  16|   0|   16|          0|
    |tmp_116_reg_2945             |  10|   0|   10|          0|
    |tmp_117_reg_2950             |  19|   0|   19|          0|
    |tmp_118_reg_2904             |   1|   0|    1|          0|
    |tmp_120_reg_2910             |  16|   0|   16|          0|
    |tmp_125_reg_2955             |  10|   0|   10|          0|
    |tmp_126_reg_2960             |  19|   0|   19|          0|
    |tmp_127_reg_2970             |   1|   0|    1|          0|
    |tmp_129_reg_2976             |  16|   0|   16|          0|
    |tmp_134_reg_3017             |  10|   0|   10|          0|
    |tmp_135_reg_3022             |  19|   0|   19|          0|
    |tmp_136_reg_2986             |   1|   0|    1|          0|
    |tmp_138_reg_2992             |  16|   0|   16|          0|
    |tmp_143_reg_3027             |  10|   0|   10|          0|
    |tmp_144_reg_3032             |  19|   0|   19|          0|
    |tmp_145_reg_3042             |   1|   0|    1|          0|
    |tmp_147_reg_3048             |  16|   0|   16|          0|
    |tmp_152_reg_3079             |  10|   0|   10|          0|
    |tmp_153_reg_3084             |  19|   0|   19|          0|
    |tmp_154_reg_3058             |   1|   0|    1|          0|
    |tmp_156_reg_3064             |  16|   0|   16|          0|
    |tmp_161_reg_3089             |  10|   0|   10|          0|
    |tmp_162_reg_3094             |  19|   0|   19|          0|
    |tmp_1_reg_2734               |   1|   0|    1|          0|
    |tmp_23_reg_2781              |  10|   0|   10|          0|
    |tmp_24_reg_2786              |  19|   0|   19|          0|
    |tmp_26_reg_2714              |  12|   0|   12|          0|
    |tmp_27_reg_2750              |   1|   0|    1|          0|
    |tmp_35_reg_2756              |  16|   0|   16|          0|
    |tmp_47_reg_2791              |  10|   0|   10|          0|
    |tmp_50_reg_2796              |  19|   0|   19|          0|
    |tmp_51_reg_2761              |  12|   0|   12|          0|
    |tmp_54_reg_2806              |   1|   0|    1|          0|
    |tmp_59_reg_2812              |  16|   0|   16|          0|
    |tmp_5_reg_2709               |  12|   0|   12|          0|
    |tmp_67_reg_2766              |  12|   0|   12|          0|
    |tmp_71_reg_2833              |  12|   0|   12|          0|
    |tmp_75_reg_2838              |  12|   0|   12|          0|
    |tmp_79_reg_2915              |  12|   0|   12|          0|
    |tmp_7_reg_2740               |  16|   0|   16|          0|
    |tmp_83_reg_2920              |  12|   0|   12|          0|
    |tmp_87_reg_2997              |  12|   0|   12|          0|
    |tmp_91_reg_3002              |  12|   0|   12|          0|
    |tmp_98_reg_2863              |  10|   0|   10|          0|
    |tmp_99_reg_2868              |  19|   0|   19|          0|
    +-----------------------------+----+----+-----+-----------+
    |Total                        |1037|   0| 1217|        180|
    +-----------------------------+----+----+-----+-----------+



================================================================
== Interface
================================================================
* Summary: 
+-----------------+-----+-----+------------+--------------+--------------+
|    RTL Ports    | Dir | Bits|  Protocol  | Source Object|    C Type    |
+-----------------+-----+-----+------------+--------------+--------------+
|ap_clk           |  in |    1| ap_ctrl_hs |      Cos     | return value |
|ap_rst           |  in |    1| ap_ctrl_hs |      Cos     | return value |
|ap_start         |  in |    1| ap_ctrl_hs |      Cos     | return value |
|ap_done          | out |    1| ap_ctrl_hs |      Cos     | return value |
|ap_idle          | out |    1| ap_ctrl_hs |      Cos     | return value |
|ap_ready         | out |    1| ap_ctrl_hs |      Cos     | return value |
|data_V_address0  | out |    4|  ap_memory |    data_V    |     array    |
|data_V_ce0       | out |    1|  ap_memory |    data_V    |     array    |
|data_V_q0        |  in |   18|  ap_memory |    data_V    |     array    |
|data_V_address1  | out |    4|  ap_memory |    data_V    |     array    |
|data_V_ce1       | out |    1|  ap_memory |    data_V    |     array    |
|data_V_q1        |  in |   18|  ap_memory |    data_V    |     array    |
|res_V_address0   | out |    4|  ap_memory |     res_V    |     array    |
|res_V_ce0        | out |    1|  ap_memory |     res_V    |     array    |
|res_V_we0        | out |    1|  ap_memory |     res_V    |     array    |
|res_V_d0         | out |   10|  ap_memory |     res_V    |     array    |
|res_V_address1   | out |    4|  ap_memory |     res_V    |     array    |
|res_V_ce1        | out |    1|  ap_memory |     res_V    |     array    |
|res_V_we1        | out |    1|  ap_memory |     res_V    |     array    |
|res_V_d1         | out |   10|  ap_memory |     res_V    |     array    |
+-----------------+-----+-----+------------+--------------+--------------+

