

================================================================
== Vivado HLS Report for 'doublecordic_apfixed'
================================================================
* Date:           Wed May 22 02:21:43 2019

* Version:        2018.2 (Build 2258646 on Thu Jun 14 20:25:20 MDT 2018)
* Project:        met_testf2
* Solution:       solution1
* Product family: virtex7
* Target device:  xc7vx690tffg1927-2


================================================================
== Performance Estimates
================================================================
+ Timing (ns): 
    * Summary: 
    +--------+-------+----------+------------+
    |  Clock | Target| Estimated| Uncertainty|
    +--------+-------+----------+------------+
    |ap_clk  |   5.00|     4.254|        0.62|
    +--------+-------+----------+------------+

+ Latency (clock cycles): 
    * Summary: 
    +-----+-----+-----+-----+----------+
    |  Latency  |  Interval | Pipeline |
    | min | max | min | max |   Type   |
    +-----+-----+-----+-----+----------+
    |   52|   52|    2|    2| function |
    +-----+-----+-----+-----+----------+

    + Detail: 
        * Instance: 
        N/A

        * Loop: 
        N/A



================================================================
== Utilization Estimates
================================================================
* Summary: 
+-----------------+---------+-------+--------+--------+
|       Name      | BRAM_18K| DSP48E|   FF   |   LUT  |
+-----------------+---------+-------+--------+--------+
|DSP              |        -|      -|       -|       -|
|Expression       |        -|      -|       0|   31159|
|FIFO             |        -|      -|       -|       -|
|Instance         |        -|      -|       -|       -|
|Memory           |        -|      -|       -|       -|
|Multiplexer      |        -|      -|       -|      33|
|Register         |        2|      -|   13349|    1538|
+-----------------+---------+-------+--------+--------+
|Total            |        2|      0|   13349|   32730|
+-----------------+---------+-------+--------+--------+
|Available        |     2940|   3600|  866400|  433200|
+-----------------+---------+-------+--------+--------+
|Utilization (%)  |    ~0   |      0|       1|       7|
+-----------------+---------+-------+--------+--------+

+ Detail: 
    * Instance: 
    N/A

    * DSP48: 
    N/A

    * Memory: 
    N/A

    * FIFO: 
    N/A

    * Expression: 
    +------------------------------+----------+-------+---+-----+------------+------------+
    |         Variable Name        | Operation| DSP48E| FF| LUT | Bitwidth P0| Bitwidth P1|
    +------------------------------+----------+-------+---+-----+------------+------------+
    |ap_return                     |     +    |      0|  0|   55|          55|          55|
    |p_Val2_125_10_fu_2119_p2      |     +    |      0|  0|   62|          55|          55|
    |p_Val2_125_11_fu_2264_p2      |     +    |      0|  0|   62|          55|          55|
    |p_Val2_125_12_fu_2409_p2      |     +    |      0|  0|   62|          55|          55|
    |p_Val2_125_13_fu_2554_p2      |     +    |      0|  0|   62|          55|          55|
    |p_Val2_125_14_fu_2699_p2      |     +    |      0|  0|   62|          55|          55|
    |p_Val2_125_15_fu_2844_p2      |     +    |      0|  0|   62|          55|          55|
    |p_Val2_125_16_fu_2989_p2      |     +    |      0|  0|   62|          55|          55|
    |p_Val2_125_17_fu_3134_p2      |     +    |      0|  0|   62|          55|          55|
    |p_Val2_125_18_fu_3279_p2      |     +    |      0|  0|   62|          55|          55|
    |p_Val2_125_19_fu_3424_p2      |     +    |      0|  0|   62|          55|          55|
    |p_Val2_125_1_fu_1974_p2       |     +    |      0|  0|   62|          55|          55|
    |p_Val2_125_20_fu_3569_p2      |     +    |      0|  0|   62|          55|          55|
    |p_Val2_125_21_fu_3714_p2      |     +    |      0|  0|   62|          55|          55|
    |p_Val2_125_22_fu_3859_p2      |     +    |      0|  0|   62|          55|          55|
    |p_Val2_125_23_fu_4004_p2      |     +    |      0|  0|   62|          55|          55|
    |p_Val2_125_24_fu_4131_p2      |     +    |      0|  0|   62|          55|          55|
    |p_Val2_125_25_fu_4285_p2      |     +    |      0|  0|   62|          55|          55|
    |p_Val2_125_26_fu_4408_p2      |     +    |      0|  0|   62|          55|          55|
    |p_Val2_125_27_fu_4531_p2      |     +    |      0|  0|   62|          55|          55|
    |p_Val2_125_28_fu_4654_p2      |     +    |      0|  0|   62|          55|          55|
    |p_Val2_125_29_fu_4777_p2      |     +    |      0|  0|   62|          55|          55|
    |p_Val2_125_2_fu_669_p2        |     +    |      0|  0|   62|          55|          55|
    |p_Val2_125_30_fu_4900_p2      |     +    |      0|  0|   62|          55|          55|
    |p_Val2_125_31_fu_5023_p2      |     +    |      0|  0|   62|          55|          55|
    |p_Val2_125_32_fu_5146_p2      |     +    |      0|  0|   62|          55|          55|
    |p_Val2_125_33_fu_5269_p2      |     +    |      0|  0|   62|          55|          55|
    |p_Val2_125_34_fu_5392_p2      |     +    |      0|  0|   62|          55|          55|
    |p_Val2_125_35_fu_5515_p2      |     +    |      0|  0|   62|          55|          55|
    |p_Val2_125_36_fu_5638_p2      |     +    |      0|  0|   62|          55|          55|
    |p_Val2_125_37_fu_5761_p2      |     +    |      0|  0|   62|          55|          55|
    |p_Val2_125_38_fu_5884_p2      |     +    |      0|  0|   62|          55|          55|
    |p_Val2_125_39_fu_6007_p2      |     +    |      0|  0|   62|          55|          55|
    |p_Val2_125_3_fu_814_p2        |     +    |      0|  0|   62|          55|          55|
    |p_Val2_125_40_fu_6130_p2      |     +    |      0|  0|   62|          55|          55|
    |p_Val2_125_41_fu_6253_p2      |     +    |      0|  0|   62|          55|          55|
    |p_Val2_125_42_fu_6376_p2      |     +    |      0|  0|   62|          55|          55|
    |p_Val2_125_43_fu_6499_p2      |     +    |      0|  0|   62|          55|          55|
    |p_Val2_125_44_fu_6622_p2      |     +    |      0|  0|   62|          55|          55|
    |p_Val2_125_45_fu_6745_p2      |     +    |      0|  0|   62|          55|          55|
    |p_Val2_125_46_fu_6868_p2      |     +    |      0|  0|   62|          55|          55|
    |p_Val2_125_47_fu_6991_p2      |     +    |      0|  0|   62|          55|          55|
    |p_Val2_125_48_fu_7226_p2      |     +    |      0|  0|   62|          55|          55|
    |p_Val2_125_4_fu_959_p2        |     +    |      0|  0|   62|          55|          55|
    |p_Val2_125_5_fu_1104_p2       |     +    |      0|  0|   62|          55|          55|
    |p_Val2_125_6_fu_1249_p2       |     +    |      0|  0|   62|          55|          55|
    |p_Val2_125_7_fu_1394_p2       |     +    |      0|  0|   62|          55|          55|
    |p_Val2_125_8_fu_1539_p2       |     +    |      0|  0|   62|          55|          55|
    |p_Val2_125_9_fu_1684_p2       |     +    |      0|  0|   62|          55|          55|
    |p_Val2_125_s_fu_1829_p2       |     +    |      0|  0|   62|          55|          55|
    |p_Val2_128_10_fu_1938_p2      |     +    |      0|  0|   62|          55|          55|
    |p_Val2_128_11_fu_2083_p2      |     +    |      0|  0|   62|          55|          55|
    |p_Val2_128_12_fu_2228_p2      |     +    |      0|  0|   62|          55|          55|
    |p_Val2_128_13_fu_2373_p2      |     +    |      0|  0|   62|          55|          55|
    |p_Val2_128_14_fu_2518_p2      |     +    |      0|  0|   62|          55|          55|
    |p_Val2_128_15_fu_2663_p2      |     +    |      0|  0|   62|          55|          55|
    |p_Val2_128_16_fu_2808_p2      |     +    |      0|  0|   62|          55|          55|
    |p_Val2_128_17_fu_2953_p2      |     +    |      0|  0|   62|          55|          55|
    |p_Val2_128_18_fu_3098_p2      |     +    |      0|  0|   62|          55|          55|
    |p_Val2_128_19_fu_3243_p2      |     +    |      0|  0|   62|          55|          55|
    |p_Val2_128_1_fu_524_p2        |     +    |      0|  0|   62|          55|          55|
    |p_Val2_128_20_fu_3388_p2      |     +    |      0|  0|   62|          55|          55|
    |p_Val2_128_21_fu_3533_p2      |     +    |      0|  0|   62|          55|          55|
    |p_Val2_128_22_fu_3678_p2      |     +    |      0|  0|   62|          55|          55|
    |p_Val2_128_23_fu_3823_p2      |     +    |      0|  0|   62|          55|          55|
    |p_Val2_128_24_fu_3968_p2      |     +    |      0|  0|   62|          55|          55|
    |p_Val2_128_25_fu_4153_p2      |     +    |      0|  0|   62|          55|          55|
    |p_Val2_128_26_fu_4258_p2      |     +    |      0|  0|   62|          55|          55|
    |p_Val2_128_2_fu_632_p2        |     +    |      0|  0|   62|          55|          55|
    |p_Val2_128_3_fu_778_p2        |     +    |      0|  0|   62|          55|          55|
    |p_Val2_128_4_fu_923_p2        |     +    |      0|  0|   62|          55|          55|
    |p_Val2_128_5_fu_1068_p2       |     +    |      0|  0|   62|          55|          55|
    |p_Val2_128_6_fu_1213_p2       |     +    |      0|  0|   62|          55|          55|
    |p_Val2_128_7_fu_1358_p2       |     +    |      0|  0|   62|          55|          55|
    |p_Val2_128_8_fu_1503_p2       |     +    |      0|  0|   62|          55|          55|
    |p_Val2_128_9_fu_1648_p2       |     +    |      0|  0|   62|          55|          55|
    |p_Val2_128_s_fu_1793_p2       |     +    |      0|  0|   62|          55|          55|
    |p_Val2_98_10_fu_2104_p2       |     +    |      0|  0|   62|          55|          55|
    |p_Val2_98_11_fu_2249_p2       |     +    |      0|  0|   62|          55|          55|
    |p_Val2_98_12_fu_2394_p2       |     +    |      0|  0|   62|          55|          55|
    |p_Val2_98_13_fu_2539_p2       |     +    |      0|  0|   62|          55|          55|
    |p_Val2_98_14_fu_2684_p2       |     +    |      0|  0|   62|          55|          55|
    |p_Val2_98_15_fu_2829_p2       |     +    |      0|  0|   62|          55|          55|
    |p_Val2_98_16_fu_2974_p2       |     +    |      0|  0|   62|          55|          55|
    |p_Val2_98_17_fu_3119_p2       |     +    |      0|  0|   62|          55|          55|
    |p_Val2_98_18_fu_3264_p2       |     +    |      0|  0|   62|          55|          55|
    |p_Val2_98_19_fu_3409_p2       |     +    |      0|  0|   62|          55|          55|
    |p_Val2_98_1_fu_1959_p2        |     +    |      0|  0|   62|          55|          55|
    |p_Val2_98_20_fu_3554_p2       |     +    |      0|  0|   62|          55|          55|
    |p_Val2_98_21_fu_3699_p2       |     +    |      0|  0|   62|          55|          55|
    |p_Val2_98_22_fu_3844_p2       |     +    |      0|  0|   62|          55|          55|
    |p_Val2_98_23_fu_3989_p2       |     +    |      0|  0|   62|          55|          55|
    |p_Val2_98_24_fu_4116_p2       |     +    |      0|  0|   62|          55|          55|
    |p_Val2_98_25_fu_4270_p2       |     +    |      0|  0|   62|          55|          55|
    |p_Val2_98_26_fu_4393_p2       |     +    |      0|  0|   62|          55|          55|
    |p_Val2_98_27_fu_4516_p2       |     +    |      0|  0|   62|          55|          55|
    |p_Val2_98_28_fu_4639_p2       |     +    |      0|  0|   62|          55|          55|
    |p_Val2_98_29_fu_4762_p2       |     +    |      0|  0|   62|          55|          55|
    |p_Val2_98_2_fu_654_p2         |     +    |      0|  0|   62|          55|          55|
    |p_Val2_98_30_fu_4885_p2       |     +    |      0|  0|   62|          55|          55|
    |p_Val2_98_31_fu_5008_p2       |     +    |      0|  0|   62|          55|          55|
    |p_Val2_98_32_fu_5131_p2       |     +    |      0|  0|   62|          55|          55|
    |p_Val2_98_33_fu_5254_p2       |     +    |      0|  0|   62|          55|          55|
    |p_Val2_98_34_fu_5377_p2       |     +    |      0|  0|   62|          55|          55|
    |p_Val2_98_35_fu_5500_p2       |     +    |      0|  0|   62|          55|          55|
    |p_Val2_98_36_fu_5623_p2       |     +    |      0|  0|   62|          55|          55|
    |p_Val2_98_37_fu_5746_p2       |     +    |      0|  0|   62|          55|          55|
    |p_Val2_98_38_fu_5869_p2       |     +    |      0|  0|   62|          55|          55|
    |p_Val2_98_39_fu_5992_p2       |     +    |      0|  0|   62|          55|          55|
    |p_Val2_98_3_fu_799_p2         |     +    |      0|  0|   62|          55|          55|
    |p_Val2_98_40_fu_6115_p2       |     +    |      0|  0|   62|          55|          55|
    |p_Val2_98_41_fu_6238_p2       |     +    |      0|  0|   62|          55|          55|
    |p_Val2_98_42_fu_6361_p2       |     +    |      0|  0|   62|          55|          55|
    |p_Val2_98_43_fu_6484_p2       |     +    |      0|  0|   62|          55|          55|
    |p_Val2_98_44_fu_6607_p2       |     +    |      0|  0|   62|          55|          55|
    |p_Val2_98_45_fu_6730_p2       |     +    |      0|  0|   62|          55|          55|
    |p_Val2_98_46_fu_6853_p2       |     +    |      0|  0|   62|          55|          55|
    |p_Val2_98_47_fu_6976_p2       |     +    |      0|  0|   62|          55|          55|
    |p_Val2_98_48_fu_7211_p2       |     +    |      0|  0|   62|          55|          55|
    |p_Val2_98_4_fu_944_p2         |     +    |      0|  0|   62|          55|          55|
    |p_Val2_98_5_fu_1089_p2        |     +    |      0|  0|   62|          55|          55|
    |p_Val2_98_6_fu_1234_p2        |     +    |      0|  0|   62|          55|          55|
    |p_Val2_98_7_fu_1379_p2        |     +    |      0|  0|   62|          55|          55|
    |p_Val2_98_8_fu_1524_p2        |     +    |      0|  0|   62|          55|          55|
    |p_Val2_98_9_fu_1669_p2        |     +    |      0|  0|   62|          55|          55|
    |p_Val2_98_s_fu_1814_p2        |     +    |      0|  0|   62|          55|          55|
    |tmp10_fu_7595_p2              |     +    |      0|  0|   55|          48|          48|
    |tmp11_fu_7311_p2              |     +    |      0|  0|   55|          46|          46|
    |tmp12_fu_7295_p2              |     +    |      0|  0|   55|          46|          46|
    |tmp13_fu_7301_p2              |     +    |      0|  0|   51|          44|          44|
    |tmp14_fu_7884_p2              |     +    |      0|  0|   55|          42|          42|
    |tmp15_fu_7875_p2              |     +    |      0|  0|   55|          42|          42|
    |tmp16_fu_7856_p2              |     +    |      0|  0|   49|          42|          42|
    |tmp17_fu_7620_p2              |     +    |      0|  0|   48|          41|          41|
    |tmp18_fu_7865_p2              |     +    |      0|  0|   46|          39|          39|
    |tmp19_fu_7626_p2              |     +    |      0|  0|   45|          38|          38|
    |tmp1_fu_7928_p2               |     +    |      0|  0|   55|          55|          55|
    |tmp20_fu_7651_p2              |     +    |      0|  0|   55|          36|          36|
    |tmp21_fu_7642_p2              |     +    |      0|  0|   55|          36|          36|
    |tmp22_fu_7632_p2              |     +    |      0|  0|   42|          35|          35|
    |tmp23_fu_7333_p2              |     +    |      0|  0|   55|          33|          33|
    |tmp24_fu_7317_p2              |     +    |      0|  0|   55|          33|          33|
    |tmp25_fu_7323_p2              |     +    |      0|  0|   38|          31|          31|
    |tmp26_fu_7919_p2              |     +    |      0|  0|   55|          29|          29|
    |tmp27_fu_7893_p2              |     +    |      0|  0|   55|          29|          29|
    |tmp28_fu_7686_p2              |     +    |      0|  0|   55|          29|          29|
    |tmp29_fu_7667_p2              |     +    |      0|  0|   55|          29|          29|
    |tmp2_fu_7847_p2               |     +    |      0|  0|   55|          55|          55|
    |tmp30_fu_7657_p2              |     +    |      0|  0|   35|          28|          28|
    |tmp31_fu_7676_p2              |     +    |      0|  0|   33|          26|          26|
    |tmp32_fu_7339_p2              |     +    |      0|  0|   32|          25|          25|
    |tmp33_fu_7711_p2              |     +    |      0|  0|   55|          23|          23|
    |tmp34_fu_7702_p2              |     +    |      0|  0|   55|          23|          23|
    |tmp35_fu_7692_p2              |     +    |      0|  0|   29|          22|          22|
    |tmp36_fu_7361_p2              |     +    |      0|  0|   55|          20|          20|
    |tmp37_fu_7345_p2              |     +    |      0|  0|   55|          20|          20|
    |tmp38_fu_7351_p2              |     +    |      0|  0|   25|          18|          18|
    |tmp39_fu_7909_p2              |     +    |      0|  0|   55|          16|          16|
    |tmp3_fu_7838_p2               |     +    |      0|  0|   55|          55|          55|
    |tmp40_fu_7901_p2              |     +    |      0|  0|   55|          16|          16|
    |tmp41_fu_7727_p2              |     +    |      0|  0|   23|          16|          16|
    |tmp42_fu_7717_p2              |     +    |      0|  0|   22|          15|          15|
    |tmp43_fu_7743_p2              |     +    |      0|  0|   20|          13|          13|
    |tmp44_fu_7733_p2              |     +    |      0|  0|   19|          12|          12|
    |tmp45_fu_7782_p2              |     +    |      0|  0|   55|          10|          10|
    |tmp46_fu_7759_p2              |     +    |      0|  0|   55|          10|          10|
    |tmp47_fu_7749_p2              |     +    |      0|  0|   16|           9|           9|
    |tmp48_fu_7772_p2              |     +    |      0|  0|   55|           7|           7|
    |tmp49_fu_7765_p2              |     +    |      0|  0|   55|           7|           7|
    |tmp4_fu_7819_p2               |     +    |      0|  0|   62|          55|          55|
    |tmp50_fu_7367_p2              |     +    |      0|  0|   15|           5|           5|
    |tmp5_fu_7583_p2               |     +    |      0|  0|   61|          54|          54|
    |tmp6_fu_7828_p2               |     +    |      0|  0|   59|          52|          52|
    |tmp7_fu_7589_p2               |     +    |      0|  0|   58|          51|          51|
    |tmp8_fu_7614_p2               |     +    |      0|  0|   55|          49|          49|
    |tmp9_fu_7605_p2               |     +    |      0|  0|   55|          49|          49|
    |p_Val2_121_10_fu_2109_p2      |     -    |      0|  0|   62|          55|          55|
    |p_Val2_121_11_fu_2254_p2      |     -    |      0|  0|   62|          55|          55|
    |p_Val2_121_12_fu_2399_p2      |     -    |      0|  0|   62|          55|          55|
    |p_Val2_121_13_fu_2544_p2      |     -    |      0|  0|   62|          55|          55|
    |p_Val2_121_14_fu_2689_p2      |     -    |      0|  0|   62|          55|          55|
    |p_Val2_121_15_fu_2834_p2      |     -    |      0|  0|   62|          55|          55|
    |p_Val2_121_16_fu_2979_p2      |     -    |      0|  0|   62|          55|          55|
    |p_Val2_121_17_fu_3124_p2      |     -    |      0|  0|   62|          55|          55|
    |p_Val2_121_18_fu_3269_p2      |     -    |      0|  0|   62|          55|          55|
    |p_Val2_121_19_fu_3414_p2      |     -    |      0|  0|   62|          55|          55|
    |p_Val2_121_1_fu_1964_p2       |     -    |      0|  0|   62|          55|          55|
    |p_Val2_121_20_fu_3559_p2      |     -    |      0|  0|   62|          55|          55|
    |p_Val2_121_21_fu_3704_p2      |     -    |      0|  0|   62|          55|          55|
    |p_Val2_121_22_fu_3849_p2      |     -    |      0|  0|   62|          55|          55|
    |p_Val2_121_23_fu_3994_p2      |     -    |      0|  0|   62|          55|          55|
    |p_Val2_121_24_fu_4121_p2      |     -    |      0|  0|   62|          55|          55|
    |p_Val2_121_25_fu_4275_p2      |     -    |      0|  0|   62|          55|          55|
    |p_Val2_121_26_fu_4398_p2      |     -    |      0|  0|   62|          55|          55|
    |p_Val2_121_27_fu_4521_p2      |     -    |      0|  0|   62|          55|          55|
    |p_Val2_121_28_fu_4644_p2      |     -    |      0|  0|   62|          55|          55|
    |p_Val2_121_29_fu_4767_p2      |     -    |      0|  0|   62|          55|          55|
    |p_Val2_121_2_fu_659_p2        |     -    |      0|  0|   62|          55|          55|
    |p_Val2_121_30_fu_4890_p2      |     -    |      0|  0|   62|          55|          55|
    |p_Val2_121_31_fu_5013_p2      |     -    |      0|  0|   62|          55|          55|
    |p_Val2_121_32_fu_5136_p2      |     -    |      0|  0|   62|          55|          55|
    |p_Val2_121_33_fu_5259_p2      |     -    |      0|  0|   62|          55|          55|
    |p_Val2_121_34_fu_5382_p2      |     -    |      0|  0|   62|          55|          55|
    |p_Val2_121_35_fu_5505_p2      |     -    |      0|  0|   62|          55|          55|
    |p_Val2_121_36_fu_5628_p2      |     -    |      0|  0|   62|          55|          55|
    |p_Val2_121_37_fu_5751_p2      |     -    |      0|  0|   62|          55|          55|
    |p_Val2_121_38_fu_5874_p2      |     -    |      0|  0|   62|          55|          55|
    |p_Val2_121_39_fu_5997_p2      |     -    |      0|  0|   62|          55|          55|
    |p_Val2_121_3_fu_804_p2        |     -    |      0|  0|   62|          55|          55|
    |p_Val2_121_40_fu_6120_p2      |     -    |      0|  0|   62|          55|          55|
    |p_Val2_121_41_fu_6243_p2      |     -    |      0|  0|   62|          55|          55|
    |p_Val2_121_42_fu_6366_p2      |     -    |      0|  0|   62|          55|          55|
    |p_Val2_121_43_fu_6489_p2      |     -    |      0|  0|   62|          55|          55|
    |p_Val2_121_44_fu_6612_p2      |     -    |      0|  0|   62|          55|          55|
    |p_Val2_121_45_fu_6735_p2      |     -    |      0|  0|   62|          55|          55|
    |p_Val2_121_46_fu_6858_p2      |     -    |      0|  0|   62|          55|          55|
    |p_Val2_121_47_fu_6981_p2      |     -    |      0|  0|   62|          55|          55|
    |p_Val2_121_48_fu_7216_p2      |     -    |      0|  0|   62|          55|          55|
    |p_Val2_121_4_fu_949_p2        |     -    |      0|  0|   62|          55|          55|
    |p_Val2_121_5_fu_1094_p2       |     -    |      0|  0|   62|          55|          55|
    |p_Val2_121_6_fu_1239_p2       |     -    |      0|  0|   62|          55|          55|
    |p_Val2_121_7_fu_1384_p2       |     -    |      0|  0|   62|          55|          55|
    |p_Val2_121_8_fu_1529_p2       |     -    |      0|  0|   62|          55|          55|
    |p_Val2_121_9_fu_1674_p2       |     -    |      0|  0|   62|          55|          55|
    |p_Val2_121_s_fu_1819_p2       |     -    |      0|  0|   62|          55|          55|
    |p_Val2_123_10_fu_1969_p2      |     -    |      0|  0|   62|          55|          55|
    |p_Val2_123_11_fu_2114_p2      |     -    |      0|  0|   62|          55|          55|
    |p_Val2_123_12_fu_2259_p2      |     -    |      0|  0|   62|          55|          55|
    |p_Val2_123_13_fu_2404_p2      |     -    |      0|  0|   62|          55|          55|
    |p_Val2_123_14_fu_2549_p2      |     -    |      0|  0|   62|          55|          55|
    |p_Val2_123_15_fu_2694_p2      |     -    |      0|  0|   62|          55|          55|
    |p_Val2_123_16_fu_2839_p2      |     -    |      0|  0|   62|          55|          55|
    |p_Val2_123_17_fu_2984_p2      |     -    |      0|  0|   62|          55|          55|
    |p_Val2_123_18_fu_3129_p2      |     -    |      0|  0|   62|          55|          55|
    |p_Val2_123_19_fu_3274_p2      |     -    |      0|  0|   62|          55|          55|
    |p_Val2_123_1_fu_496_p2        |     -    |      0|  0|   62|           1|          55|
    |p_Val2_123_20_fu_3419_p2      |     -    |      0|  0|   62|          55|          55|
    |p_Val2_123_21_fu_3564_p2      |     -    |      0|  0|   62|          55|          55|
    |p_Val2_123_22_fu_3709_p2      |     -    |      0|  0|   62|          55|          55|
    |p_Val2_123_23_fu_3854_p2      |     -    |      0|  0|   62|          55|          55|
    |p_Val2_123_24_fu_3999_p2      |     -    |      0|  0|   62|          55|          55|
    |p_Val2_123_25_fu_4126_p2      |     -    |      0|  0|   62|          55|          55|
    |p_Val2_123_26_fu_4280_p2      |     -    |      0|  0|   62|          55|          55|
    |p_Val2_123_27_fu_4403_p2      |     -    |      0|  0|   62|          55|          55|
    |p_Val2_123_28_fu_4526_p2      |     -    |      0|  0|   62|          55|          55|
    |p_Val2_123_29_fu_4649_p2      |     -    |      0|  0|   62|          55|          55|
    |p_Val2_123_2_fu_664_p2        |     -    |      0|  0|   62|          55|          55|
    |p_Val2_123_30_fu_4772_p2      |     -    |      0|  0|   62|          55|          55|
    |p_Val2_123_31_fu_4895_p2      |     -    |      0|  0|   62|          55|          55|
    |p_Val2_123_32_fu_5018_p2      |     -    |      0|  0|   62|          55|          55|
    |p_Val2_123_33_fu_5141_p2      |     -    |      0|  0|   62|          55|          55|
    |p_Val2_123_34_fu_5264_p2      |     -    |      0|  0|   62|          55|          55|
    |p_Val2_123_35_fu_5387_p2      |     -    |      0|  0|   62|          55|          55|
    |p_Val2_123_36_fu_5510_p2      |     -    |      0|  0|   62|          55|          55|
    |p_Val2_123_37_fu_5633_p2      |     -    |      0|  0|   62|          55|          55|
    |p_Val2_123_38_fu_5756_p2      |     -    |      0|  0|   62|          55|          55|
    |p_Val2_123_39_fu_5879_p2      |     -    |      0|  0|   62|          55|          55|
    |p_Val2_123_3_fu_809_p2        |     -    |      0|  0|   62|          55|          55|
    |p_Val2_123_40_fu_6002_p2      |     -    |      0|  0|   62|          55|          55|
    |p_Val2_123_41_fu_6125_p2      |     -    |      0|  0|   62|          55|          55|
    |p_Val2_123_42_fu_6248_p2      |     -    |      0|  0|   62|          55|          55|
    |p_Val2_123_43_fu_6371_p2      |     -    |      0|  0|   62|          55|          55|
    |p_Val2_123_44_fu_6494_p2      |     -    |      0|  0|   62|          55|          55|
    |p_Val2_123_45_fu_6617_p2      |     -    |      0|  0|   62|          55|          55|
    |p_Val2_123_46_fu_6740_p2      |     -    |      0|  0|   62|          55|          55|
    |p_Val2_123_47_fu_6863_p2      |     -    |      0|  0|   62|          55|          55|
    |p_Val2_123_48_fu_6986_p2      |     -    |      0|  0|   62|          55|          55|
    |p_Val2_123_49_fu_7221_p2      |     -    |      0|  0|   62|          55|          55|
    |p_Val2_123_4_fu_954_p2        |     -    |      0|  0|   62|          55|          55|
    |p_Val2_123_5_fu_1099_p2       |     -    |      0|  0|   62|          55|          55|
    |p_Val2_123_6_fu_1244_p2       |     -    |      0|  0|   62|          55|          55|
    |p_Val2_123_7_fu_1389_p2       |     -    |      0|  0|   62|          55|          55|
    |p_Val2_123_8_fu_1534_p2       |     -    |      0|  0|   62|          55|          55|
    |p_Val2_123_9_fu_1679_p2       |     -    |      0|  0|   62|          55|          55|
    |p_Val2_123_s_fu_1824_p2       |     -    |      0|  0|   62|          55|          55|
    |p_Val2_96_10_fu_2068_p2       |     -    |      0|  0|   62|          55|          55|
    |p_Val2_96_11_fu_2213_p2       |     -    |      0|  0|   62|          55|          55|
    |p_Val2_96_12_fu_2358_p2       |     -    |      0|  0|   62|          55|          55|
    |p_Val2_96_13_fu_2503_p2       |     -    |      0|  0|   62|          55|          55|
    |p_Val2_96_14_fu_2648_p2       |     -    |      0|  0|   62|          55|          55|
    |p_Val2_96_15_fu_2793_p2       |     -    |      0|  0|   62|          55|          55|
    |p_Val2_96_16_fu_2938_p2       |     -    |      0|  0|   62|          55|          55|
    |p_Val2_96_17_fu_3083_p2       |     -    |      0|  0|   62|          55|          55|
    |p_Val2_96_18_fu_3228_p2       |     -    |      0|  0|   62|          55|          55|
    |p_Val2_96_19_fu_3373_p2       |     -    |      0|  0|   62|          55|          55|
    |p_Val2_96_1_fu_1923_p2        |     -    |      0|  0|   62|          55|          55|
    |p_Val2_96_20_fu_3518_p2       |     -    |      0|  0|   62|          55|          55|
    |p_Val2_96_21_fu_3663_p2       |     -    |      0|  0|   62|          55|          55|
    |p_Val2_96_22_fu_3808_p2       |     -    |      0|  0|   62|          55|          55|
    |p_Val2_96_23_fu_3953_p2       |     -    |      0|  0|   62|          55|          55|
    |p_Val2_96_24_fu_4098_p2       |     -    |      0|  0|   62|          55|          55|
    |p_Val2_96_25_fu_4230_p2       |     -    |      0|  0|   62|          55|          55|
    |p_Val2_96_26_fu_4375_p2       |     -    |      0|  0|   62|          55|          55|
    |p_Val2_96_27_fu_4498_p2       |     -    |      0|  0|   62|          55|          55|
    |p_Val2_96_28_fu_4621_p2       |     -    |      0|  0|   62|          55|          55|
    |p_Val2_96_29_fu_4744_p2       |     -    |      0|  0|   62|          55|          55|
    |p_Val2_96_2_fu_606_p2         |     -    |      0|  0|   62|          55|          55|
    |p_Val2_96_30_fu_4867_p2       |     -    |      0|  0|   62|          55|          55|
    |p_Val2_96_31_fu_4990_p2       |     -    |      0|  0|   62|          55|          55|
    |p_Val2_96_32_fu_5113_p2       |     -    |      0|  0|   62|          55|          55|
    |p_Val2_96_33_fu_5236_p2       |     -    |      0|  0|   62|          55|          55|
    |p_Val2_96_34_fu_5359_p2       |     -    |      0|  0|   62|          55|          55|
    |p_Val2_96_35_fu_5482_p2       |     -    |      0|  0|   62|          55|          55|
    |p_Val2_96_36_fu_5605_p2       |     -    |      0|  0|   62|          55|          55|
    |p_Val2_96_37_fu_5728_p2       |     -    |      0|  0|   62|          55|          55|
    |p_Val2_96_38_fu_5851_p2       |     -    |      0|  0|   62|          55|          55|
    |p_Val2_96_39_fu_5974_p2       |     -    |      0|  0|   62|          55|          55|
    |p_Val2_96_3_fu_763_p2         |     -    |      0|  0|   62|          55|          55|
    |p_Val2_96_40_fu_6097_p2       |     -    |      0|  0|   62|          55|          55|
    |p_Val2_96_41_fu_6220_p2       |     -    |      0|  0|   62|          55|          55|
    |p_Val2_96_42_fu_6343_p2       |     -    |      0|  0|   62|          55|          55|
    |p_Val2_96_43_fu_6466_p2       |     -    |      0|  0|   62|          55|          55|
    |p_Val2_96_44_fu_6589_p2       |     -    |      0|  0|   62|          55|          55|
    |p_Val2_96_45_fu_6712_p2       |     -    |      0|  0|   62|          55|          55|
    |p_Val2_96_46_fu_6835_p2       |     -    |      0|  0|   62|          55|          55|
    |p_Val2_96_47_fu_6958_p2       |     -    |      0|  0|   62|          55|          55|
    |p_Val2_96_48_fu_7081_p2       |     -    |      0|  0|   62|          55|          55|
    |p_Val2_96_4_fu_908_p2         |     -    |      0|  0|   62|          55|          55|
    |p_Val2_96_5_fu_1053_p2        |     -    |      0|  0|   62|          55|          55|
    |p_Val2_96_6_fu_1198_p2        |     -    |      0|  0|   62|          55|          55|
    |p_Val2_96_7_fu_1343_p2        |     -    |      0|  0|   62|          55|          55|
    |p_Val2_96_8_fu_1488_p2        |     -    |      0|  0|   62|          55|          55|
    |p_Val2_96_9_fu_1633_p2        |     -    |      0|  0|   62|          55|          55|
    |p_Val2_96_s_fu_1778_p2        |     -    |      0|  0|   62|          55|          55|
    |p_Val2_97_10_fu_1929_p2       |     -    |      0|  0|   62|          55|          55|
    |p_Val2_97_11_fu_2074_p2       |     -    |      0|  0|   62|          55|          55|
    |p_Val2_97_12_fu_2219_p2       |     -    |      0|  0|   62|          55|          55|
    |p_Val2_97_13_fu_2364_p2       |     -    |      0|  0|   62|          55|          55|
    |p_Val2_97_14_fu_2509_p2       |     -    |      0|  0|   62|          55|          55|
    |p_Val2_97_15_fu_2654_p2       |     -    |      0|  0|   62|          55|          55|
    |p_Val2_97_16_fu_2799_p2       |     -    |      0|  0|   62|          55|          55|
    |p_Val2_97_17_fu_2944_p2       |     -    |      0|  0|   62|          55|          55|
    |p_Val2_97_18_fu_3089_p2       |     -    |      0|  0|   62|          55|          55|
    |p_Val2_97_19_fu_3234_p2       |     -    |      0|  0|   62|          55|          55|
    |p_Val2_97_1_fu_490_p2         |     -    |      0|  0|   62|          55|          55|
    |p_Val2_97_20_fu_3379_p2       |     -    |      0|  0|   62|          55|          55|
    |p_Val2_97_21_fu_3524_p2       |     -    |      0|  0|   62|          55|          55|
    |p_Val2_97_22_fu_3669_p2       |     -    |      0|  0|   62|          55|          55|
    |p_Val2_97_23_fu_3814_p2       |     -    |      0|  0|   62|          55|          55|
    |p_Val2_97_24_fu_3959_p2       |     -    |      0|  0|   62|          55|          55|
    |p_Val2_97_25_fu_4104_p2       |     -    |      0|  0|   62|          55|          55|
    |p_Val2_97_26_fu_4236_p2       |     -    |      0|  0|   62|          55|          55|
    |p_Val2_97_27_fu_4381_p2       |     -    |      0|  0|   62|          55|          55|
    |p_Val2_97_28_fu_4504_p2       |     -    |      0|  0|   62|          55|          55|
    |p_Val2_97_29_fu_4627_p2       |     -    |      0|  0|   62|          55|          55|
    |p_Val2_97_2_fu_612_p2         |     -    |      0|  0|   62|          55|          55|
    |p_Val2_97_30_fu_4750_p2       |     -    |      0|  0|   62|          55|          55|
    |p_Val2_97_31_fu_4873_p2       |     -    |      0|  0|   62|          55|          55|
    |p_Val2_97_32_fu_4996_p2       |     -    |      0|  0|   62|          55|          55|
    |p_Val2_97_33_fu_5119_p2       |     -    |      0|  0|   62|          55|          55|
    |p_Val2_97_34_fu_5242_p2       |     -    |      0|  0|   62|          55|          55|
    |p_Val2_97_35_fu_5365_p2       |     -    |      0|  0|   62|          55|          55|
    |p_Val2_97_36_fu_5488_p2       |     -    |      0|  0|   62|          55|          55|
    |p_Val2_97_37_fu_5611_p2       |     -    |      0|  0|   62|          55|          55|
    |p_Val2_97_38_fu_5734_p2       |     -    |      0|  0|   62|          55|          55|
    |p_Val2_97_39_fu_5857_p2       |     -    |      0|  0|   62|          55|          55|
    |p_Val2_97_3_fu_769_p2         |     -    |      0|  0|   62|          55|          55|
    |p_Val2_97_40_fu_5980_p2       |     -    |      0|  0|   62|          55|          55|
    |p_Val2_97_41_fu_6103_p2       |     -    |      0|  0|   62|          55|          55|
    |p_Val2_97_42_fu_6226_p2       |     -    |      0|  0|   62|          55|          55|
    |p_Val2_97_43_fu_6349_p2       |     -    |      0|  0|   62|          55|          55|
    |p_Val2_97_44_fu_6472_p2       |     -    |      0|  0|   62|          55|          55|
    |p_Val2_97_45_fu_6595_p2       |     -    |      0|  0|   62|          55|          55|
    |p_Val2_97_46_fu_6718_p2       |     -    |      0|  0|   62|          55|          55|
    |p_Val2_97_47_fu_6841_p2       |     -    |      0|  0|   62|          55|          55|
    |p_Val2_97_48_fu_6964_p2       |     -    |      0|  0|   62|          55|          55|
    |p_Val2_97_49_fu_7087_p2       |     -    |      0|  0|   62|          55|          55|
    |p_Val2_97_4_fu_914_p2         |     -    |      0|  0|   62|          55|          55|
    |p_Val2_97_5_fu_1059_p2        |     -    |      0|  0|   62|          55|          55|
    |p_Val2_97_6_fu_1204_p2        |     -    |      0|  0|   62|          55|          55|
    |p_Val2_97_7_fu_1349_p2        |     -    |      0|  0|   62|          55|          55|
    |p_Val2_97_8_fu_1494_p2        |     -    |      0|  0|   62|          55|          55|
    |p_Val2_97_9_fu_1639_p2        |     -    |      0|  0|   62|          55|          55|
    |p_Val2_97_s_fu_1784_p2        |     -    |      0|  0|   62|          55|          55|
    |ap_block_pp0_stage0_11001     |    and   |      0|  0|    2|           1|           1|
    |tmp_10_fu_1703_p2             |   icmp   |      0|  0|   29|          55|          55|
    |tmp_11_fu_1848_p2             |   icmp   |      0|  0|   29|          55|          55|
    |tmp_12_fu_1993_p2             |   icmp   |      0|  0|   29|          55|          55|
    |tmp_13_fu_2138_p2             |   icmp   |      0|  0|   29|          55|          55|
    |tmp_14_fu_2283_p2             |   icmp   |      0|  0|   29|          55|          55|
    |tmp_15_fu_2428_p2             |   icmp   |      0|  0|   29|          55|          55|
    |tmp_16_fu_2573_p2             |   icmp   |      0|  0|   29|          55|          55|
    |tmp_17_fu_2718_p2             |   icmp   |      0|  0|   29|          55|          55|
    |tmp_18_fu_2863_p2             |   icmp   |      0|  0|   29|          55|          55|
    |tmp_19_fu_3008_p2             |   icmp   |      0|  0|   29|          55|          55|
    |tmp_1_fu_470_p2               |   icmp   |      0|  0|   29|          55|          55|
    |tmp_20_fu_3153_p2             |   icmp   |      0|  0|   29|          55|          55|
    |tmp_21_fu_3298_p2             |   icmp   |      0|  0|   29|          55|          55|
    |tmp_22_fu_3443_p2             |   icmp   |      0|  0|   29|          55|          55|
    |tmp_23_fu_3588_p2             |   icmp   |      0|  0|   29|          55|          55|
    |tmp_24_fu_3733_p2             |   icmp   |      0|  0|   29|          55|          55|
    |tmp_25_fu_3878_p2             |   icmp   |      0|  0|   29|          55|          55|
    |tmp_26_fu_4023_p2             |   icmp   |      0|  0|   29|          55|          55|
    |tmp_27_fu_4158_p2             |   icmp   |      0|  0|   29|          55|          55|
    |tmp_28_fu_4304_p2             |   icmp   |      0|  0|   29|          55|          55|
    |tmp_29_fu_4427_p2             |   icmp   |      0|  0|   29|          55|          55|
    |tmp_2_fu_530_p2               |   icmp   |      0|  0|   29|          55|          55|
    |tmp_30_fu_4550_p2             |   icmp   |      0|  0|   29|          55|          55|
    |tmp_31_fu_4673_p2             |   icmp   |      0|  0|   29|          55|          55|
    |tmp_32_fu_4796_p2             |   icmp   |      0|  0|   29|          55|          55|
    |tmp_33_fu_4919_p2             |   icmp   |      0|  0|   29|          55|          55|
    |tmp_34_fu_5042_p2             |   icmp   |      0|  0|   29|          55|          55|
    |tmp_35_fu_5165_p2             |   icmp   |      0|  0|   29|          55|          55|
    |tmp_36_fu_5288_p2             |   icmp   |      0|  0|   29|          55|          55|
    |tmp_37_fu_5411_p2             |   icmp   |      0|  0|   29|          55|          55|
    |tmp_38_fu_5534_p2             |   icmp   |      0|  0|   29|          55|          55|
    |tmp_39_fu_5657_p2             |   icmp   |      0|  0|   29|          55|          55|
    |tmp_3_fu_688_p2               |   icmp   |      0|  0|   29|          55|          55|
    |tmp_40_fu_5780_p2             |   icmp   |      0|  0|   29|          55|          55|
    |tmp_41_fu_5903_p2             |   icmp   |      0|  0|   29|          55|          55|
    |tmp_42_fu_6026_p2             |   icmp   |      0|  0|   29|          55|          55|
    |tmp_43_fu_6149_p2             |   icmp   |      0|  0|   29|          55|          55|
    |tmp_44_fu_6272_p2             |   icmp   |      0|  0|   29|          55|          55|
    |tmp_45_fu_6395_p2             |   icmp   |      0|  0|   29|          55|          55|
    |tmp_46_fu_6518_p2             |   icmp   |      0|  0|   29|          55|          55|
    |tmp_47_fu_6641_p2             |   icmp   |      0|  0|   29|          55|          55|
    |tmp_48_fu_6764_p2             |   icmp   |      0|  0|   29|          55|          55|
    |tmp_49_fu_6887_p2             |   icmp   |      0|  0|   29|          55|          55|
    |tmp_4_fu_833_p2               |   icmp   |      0|  0|   29|          55|          55|
    |tmp_50_fu_7010_p2             |   icmp   |      0|  0|   29|          55|          55|
    |tmp_51_fu_7245_p2             |   icmp   |      0|  0|   29|          55|          55|
    |tmp_5_fu_978_p2               |   icmp   |      0|  0|   29|          55|          55|
    |tmp_6_fu_1123_p2              |   icmp   |      0|  0|   29|          55|          55|
    |tmp_7_fu_1268_p2              |   icmp   |      0|  0|   29|          55|          55|
    |tmp_8_fu_1413_p2              |   icmp   |      0|  0|   29|          55|          55|
    |tmp_9_fu_1558_p2              |   icmp   |      0|  0|   29|          55|          55|
    |tmp_s_fu_458_p2               |    or    |      0|  0|   55|          55|          54|
    |p_0_10_fu_2012_p3             |  select  |      0|  0|    2|           1|           1|
    |p_0_11_fu_2157_p3             |  select  |      0|  0|    2|           1|           1|
    |p_0_12_fu_2302_p3             |  select  |      0|  0|    2|           1|           1|
    |p_0_13_fu_2447_p3             |  select  |      0|  0|    2|           1|           1|
    |p_0_14_fu_2592_p3             |  select  |      0|  0|    2|           1|           1|
    |p_0_15_fu_2737_p3             |  select  |      0|  0|    2|           1|           1|
    |p_0_16_fu_2882_p3             |  select  |      0|  0|    2|           1|           1|
    |p_0_17_fu_3027_p3             |  select  |      0|  0|    2|           1|           1|
    |p_0_18_fu_3172_p3             |  select  |      0|  0|    2|           1|           1|
    |p_0_19_fu_3317_p3             |  select  |      0|  0|    2|           1|           1|
    |p_0_1_fu_1867_p3              |  select  |      0|  0|    2|           1|           1|
    |p_0_20_fu_3462_p3             |  select  |      0|  0|    2|           1|           1|
    |p_0_21_fu_3607_p3             |  select  |      0|  0|    2|           1|           1|
    |p_0_22_fu_3752_p3             |  select  |      0|  0|    2|           1|           1|
    |p_0_23_fu_3897_p3             |  select  |      0|  0|    2|           1|           1|
    |p_0_24_fu_4042_p3             |  select  |      0|  0|    2|           1|           1|
    |p_0_25_fu_4178_p3             |  select  |      0|  0|    2|           1|           1|
    |p_0_26_fu_4323_p3             |  select  |      0|  0|    2|           1|           1|
    |p_0_27_fu_4446_p3             |  select  |      0|  0|    2|           1|           1|
    |p_0_28_fu_4569_p3             |  select  |      0|  0|    2|           1|           1|
    |p_0_29_fu_4692_p3             |  select  |      0|  0|    2|           1|           1|
    |p_0_2_fu_550_p3               |  select  |      0|  0|    2|           1|           1|
    |p_0_30_fu_4815_p3             |  select  |      0|  0|    2|           1|           1|
    |p_0_31_fu_4938_p3             |  select  |      0|  0|    2|           1|           1|
    |p_0_32_fu_5061_p3             |  select  |      0|  0|    2|           1|           1|
    |p_0_33_fu_5184_p3             |  select  |      0|  0|    2|           1|           1|
    |p_0_34_fu_5307_p3             |  select  |      0|  0|    2|           1|           1|
    |p_0_35_fu_5430_p3             |  select  |      0|  0|    2|           1|           1|
    |p_0_36_fu_5553_p3             |  select  |      0|  0|    2|           1|           1|
    |p_0_37_fu_5676_p3             |  select  |      0|  0|    2|           1|           1|
    |p_0_38_fu_5799_p3             |  select  |      0|  0|    2|           1|           1|
    |p_0_39_fu_5922_p3             |  select  |      0|  0|    2|           1|           1|
    |p_0_3_fu_707_p3               |  select  |      0|  0|    2|           1|           1|
    |p_0_40_fu_6045_p3             |  select  |      0|  0|    2|           1|           1|
    |p_0_41_fu_6168_p3             |  select  |      0|  0|    2|           1|           1|
    |p_0_42_fu_6291_p3             |  select  |      0|  0|    2|           1|           1|
    |p_0_43_fu_6414_p3             |  select  |      0|  0|    2|           1|           1|
    |p_0_44_fu_6537_p3             |  select  |      0|  0|    2|           1|           1|
    |p_0_45_fu_6660_p3             |  select  |      0|  0|    2|           1|           1|
    |p_0_46_fu_6783_p3             |  select  |      0|  0|    2|           1|           1|
    |p_0_47_fu_6906_p3             |  select  |      0|  0|    2|           1|           1|
    |p_0_48_fu_7029_p3             |  select  |      0|  0|    2|           1|           1|
    |p_0_49_fu_7279_p3             |  select  |      0|  0|    2|           1|           1|
    |p_0_4_fu_852_p3               |  select  |      0|  0|    2|           1|           1|
    |p_0_5_fu_997_p3               |  select  |      0|  0|    2|           1|           1|
    |p_0_6_fu_1142_p3              |  select  |      0|  0|    2|           1|           1|
    |p_0_7_fu_1287_p3              |  select  |      0|  0|    2|           1|           1|
    |p_0_8_fu_1432_p3              |  select  |      0|  0|    2|           1|           1|
    |p_0_9_fu_1577_p3              |  select  |      0|  0|    2|           1|           1|
    |p_0_s_fu_1722_p3              |  select  |      0|  0|    2|           1|           1|
    |p_10_v_cast_cast_fu_7100_p3   |  select  |      0|  0|   44|           1|          44|
    |p_11_v_cast_cast_fu_7107_p3   |  select  |      0|  0|   43|           1|          43|
    |p_12_v_cast_cast_fu_7114_p3   |  select  |      0|  0|   42|           1|          42|
    |p_13_v_cast_cast_fu_7802_p3   |  select  |      0|  0|   41|           1|          41|
    |p_14_v_cast_cast_fu_7422_p3   |  select  |      0|  0|   40|           1|          40|
    |p_15_v_cast_cast_fu_7429_p3   |  select  |      0|  0|   39|           1|          39|
    |p_16_v_cast_cast_fu_7809_p3   |  select  |      0|  0|   38|           1|          38|
    |p_17_v_cast_cast_fu_7436_p3   |  select  |      0|  0|   37|           1|          37|
    |p_18_v_cast_cast_fu_7443_p3   |  select  |      0|  0|   36|           1|          36|
    |p_19_v_cast_cast_fu_7450_p3   |  select  |      0|  0|   35|           1|          35|
    |p_1_Val2_123_1_fu_502_p3      |  select  |      0|  0|   55|           1|          55|
    |p_1_v_cast_cast_fu_7373_p3    |  select  |      0|  0|   53|           1|          53|
    |p_20_v_cast_cast_fu_7457_p3   |  select  |      0|  0|   34|           1|          34|
    |p_21_v_cast_cast_fu_7464_p3   |  select  |      0|  0|   33|           1|          33|
    |p_22_v_cast_cast_fu_7121_p3   |  select  |      0|  0|   32|           1|          32|
    |p_23_v_cast_cast_fu_7128_p3   |  select  |      0|  0|   31|           1|          31|
    |p_24_v_cast_cast_fu_7135_p3   |  select  |      0|  0|   30|           1|          30|
    |p_25_v_cast_cast_fu_7142_p3   |  select  |      0|  0|   29|           1|          29|
    |p_26_v_cast_cast_fu_7471_p3   |  select  |      0|  0|   28|           1|          28|
    |p_27_v_cast_cast_fu_7478_p3   |  select  |      0|  0|   27|           1|          27|
    |p_28_v_cast_cast_fu_7485_p3   |  select  |      0|  0|   26|           1|          26|
    |p_29_v_cast_cast_fu_7492_p3   |  select  |      0|  0|   25|           1|          25|
    |p_2_v_cast_cast_fu_7380_p3    |  select  |      0|  0|   52|           1|          52|
    |p_30_v_cast_cast_fu_7149_p3   |  select  |      0|  0|   24|           1|          24|
    |p_31_v_cast_cast_fu_7156_p3   |  select  |      0|  0|   23|           1|          23|
    |p_32_v_cast_cast_fu_7499_p3   |  select  |      0|  0|   22|           1|          22|
    |p_33_v_cast_cast_fu_7506_p3   |  select  |      0|  0|   21|           1|          21|
    |p_34_v_cast_cast_fu_7513_p3   |  select  |      0|  0|   20|           1|          20|
    |p_35_v_cast_cast_fu_7163_p3   |  select  |      0|  0|   19|           1|          19|
    |p_36_v_cast_cast_fu_7170_p3   |  select  |      0|  0|   18|           1|          18|
    |p_37_v_cast_cast_fu_7177_p3   |  select  |      0|  0|   17|           1|          17|
    |p_38_v_cast_cast_fu_7184_p3   |  select  |      0|  0|   16|           1|          16|
    |p_39_v_cast_cast_fu_7520_p3   |  select  |      0|  0|   15|           1|          15|
    |p_3_v_cast_cast_fu_7795_p3    |  select  |      0|  0|   51|           1|          51|
    |p_40_v_cast_cast_fu_7527_p3   |  select  |      0|  0|   14|           1|          14|
    |p_41_v_cast_cast_fu_7534_p3   |  select  |      0|  0|   13|           1|          13|
    |p_42_v_cast_cast_fu_7541_p3   |  select  |      0|  0|   12|           1|          12|
    |p_43_v_cast_cast_fu_7548_p3   |  select  |      0|  0|   11|           1|          11|
    |p_44_v_cast_cast_fu_7555_p3   |  select  |      0|  0|   10|           1|          10|
    |p_45_v_cast_cast_fu_7562_p3   |  select  |      0|  0|    9|           1|           9|
    |p_46_v_cast_cast_fu_7569_p3   |  select  |      0|  0|    8|           1|           8|
    |p_47_v_cast_cast_fu_7576_p3   |  select  |      0|  0|    7|           1|           7|
    |p_48_v_cast_cast_fu_7191_p3   |  select  |      0|  0|    6|           1|           6|
    |p_49_v_cast_cast_fu_7198_p3   |  select  |      0|  0|    5|           1|           5|
    |p_4_v_cast_cast_fu_7387_p3    |  select  |      0|  0|   50|           1|          50|
    |p_50_v_cast_cast_fu_7238_p3   |  select  |      0|  0|    4|           1|           4|
    |p_51_v_cast_cast_fu_7287_p3   |  select  |      0|  0|    3|           1|           3|
    |p_5_v_cast_cast_fu_7394_p3    |  select  |      0|  0|   49|           1|          49|
    |p_6_v_cast_cast_fu_7401_p3    |  select  |      0|  0|   48|           1|          48|
    |p_7_v_cast_cast_fu_7408_p3    |  select  |      0|  0|   47|           1|          47|
    |p_8_v_cast_cast_fu_7415_p3    |  select  |      0|  0|   46|           1|          46|
    |p_9_v_cast_cast_fu_7093_p3    |  select  |      0|  0|   45|           1|          45|
    |storemerge_10_fu_2131_p3      |  select  |      0|  0|   55|           1|          55|
    |storemerge_11_fu_2276_p3      |  select  |      0|  0|   55|           1|          55|
    |storemerge_12_fu_2421_p3      |  select  |      0|  0|   55|           1|          55|
    |storemerge_13_fu_2566_p3      |  select  |      0|  0|   55|           1|          55|
    |storemerge_14_fu_2711_p3      |  select  |      0|  0|   55|           1|          55|
    |storemerge_15_fu_2856_p3      |  select  |      0|  0|   55|           1|          55|
    |storemerge_16_fu_3001_p3      |  select  |      0|  0|   55|           1|          55|
    |storemerge_17_fu_3146_p3      |  select  |      0|  0|   55|           1|          55|
    |storemerge_18_fu_3291_p3      |  select  |      0|  0|   55|           1|          55|
    |storemerge_19_fu_3436_p3      |  select  |      0|  0|   55|           1|          55|
    |storemerge_1_fu_1986_p3       |  select  |      0|  0|   55|           1|          55|
    |storemerge_20_fu_3581_p3      |  select  |      0|  0|   55|           1|          55|
    |storemerge_21_fu_3726_p3      |  select  |      0|  0|   55|           1|          55|
    |storemerge_22_fu_3871_p3      |  select  |      0|  0|   55|           1|          55|
    |storemerge_23_fu_4016_p3      |  select  |      0|  0|   55|           1|          55|
    |storemerge_24_fu_4143_p3      |  select  |      0|  0|   55|           1|          55|
    |storemerge_25_fu_4297_p3      |  select  |      0|  0|   55|           1|          55|
    |storemerge_26_fu_4420_p3      |  select  |      0|  0|   55|           1|          55|
    |storemerge_27_fu_4543_p3      |  select  |      0|  0|   55|           1|          55|
    |storemerge_28_fu_4666_p3      |  select  |      0|  0|   55|           1|          55|
    |storemerge_29_fu_4789_p3      |  select  |      0|  0|   55|           1|          55|
    |storemerge_2_fu_681_p3        |  select  |      0|  0|   55|           1|          55|
    |storemerge_30_fu_4912_p3      |  select  |      0|  0|   55|           1|          55|
    |storemerge_31_fu_5035_p3      |  select  |      0|  0|   55|           1|          55|
    |storemerge_32_fu_5158_p3      |  select  |      0|  0|   55|           1|          55|
    |storemerge_33_fu_5281_p3      |  select  |      0|  0|   55|           1|          55|
    |storemerge_34_fu_5404_p3      |  select  |      0|  0|   55|           1|          55|
    |storemerge_35_fu_5527_p3      |  select  |      0|  0|   55|           1|          55|
    |storemerge_36_fu_5650_p3      |  select  |      0|  0|   55|           1|          55|
    |storemerge_37_fu_5773_p3      |  select  |      0|  0|   55|           1|          55|
    |storemerge_38_fu_5896_p3      |  select  |      0|  0|   55|           1|          55|
    |storemerge_39_fu_6019_p3      |  select  |      0|  0|   55|           1|          55|
    |storemerge_3_fu_826_p3        |  select  |      0|  0|   55|           1|          55|
    |storemerge_40_fu_6142_p3      |  select  |      0|  0|   55|           1|          55|
    |storemerge_41_fu_6265_p3      |  select  |      0|  0|   55|           1|          55|
    |storemerge_42_fu_6388_p3      |  select  |      0|  0|   55|           1|          55|
    |storemerge_43_fu_6511_p3      |  select  |      0|  0|   55|           1|          55|
    |storemerge_44_fu_6634_p3      |  select  |      0|  0|   55|           1|          55|
    |storemerge_45_fu_6757_p3      |  select  |      0|  0|   55|           1|          55|
    |storemerge_46_fu_6880_p3      |  select  |      0|  0|   55|           1|          55|
    |storemerge_47_fu_7003_p3      |  select  |      0|  0|   55|           1|          55|
    |storemerge_48_fu_7231_p3      |  select  |      0|  0|   55|           1|          55|
    |storemerge_4_fu_971_p3        |  select  |      0|  0|   55|           1|          55|
    |storemerge_5_fu_1116_p3       |  select  |      0|  0|   55|           1|          55|
    |storemerge_6_fu_1261_p3       |  select  |      0|  0|   55|           1|          55|
    |storemerge_7_fu_1406_p3       |  select  |      0|  0|   55|           1|          55|
    |storemerge_8_fu_1551_p3       |  select  |      0|  0|   55|           1|          55|
    |storemerge_9_fu_1696_p3       |  select  |      0|  0|   55|           1|          55|
    |storemerge_s_fu_1841_p3       |  select  |      0|  0|   55|           1|          55|
    |tmp_127_cast_cast_fu_7788_p3  |  select  |      0|  0|   54|           1|          54|
    |tmp_283_fu_7266_p3            |  select  |      0|  0|    2|           1|           1|
    |tmp_412_25_fu_4206_p3         |  select  |      0|  0|    2|           1|           2|
    |tmp_412_26_fu_4351_p3         |  select  |      0|  0|    2|           1|           2|
    |tmp_412_27_fu_4474_p3         |  select  |      0|  0|    2|           1|           2|
    |tmp_412_28_fu_4597_p3         |  select  |      0|  0|    2|           1|           2|
    |tmp_412_29_fu_4720_p3         |  select  |      0|  0|    2|           1|           2|
    |tmp_412_30_fu_4843_p3         |  select  |      0|  0|    2|           1|           2|
    |tmp_412_31_fu_4966_p3         |  select  |      0|  0|    2|           1|           2|
    |tmp_412_32_fu_5089_p3         |  select  |      0|  0|    2|           1|           2|
    |tmp_412_33_fu_5212_p3         |  select  |      0|  0|    2|           1|           2|
    |tmp_412_34_fu_5335_p3         |  select  |      0|  0|    2|           1|           2|
    |tmp_412_35_fu_5458_p3         |  select  |      0|  0|    2|           1|           2|
    |tmp_412_36_fu_5581_p3         |  select  |      0|  0|    2|           1|           2|
    |tmp_412_37_fu_5704_p3         |  select  |      0|  0|    2|           1|           2|
    |tmp_412_38_fu_5827_p3         |  select  |      0|  0|    2|           1|           2|
    |tmp_412_39_fu_5950_p3         |  select  |      0|  0|    2|           1|           2|
    |tmp_412_40_fu_6073_p3         |  select  |      0|  0|    2|           1|           2|
    |tmp_412_41_fu_6196_p3         |  select  |      0|  0|    2|           1|           2|
    |tmp_412_42_fu_6319_p3         |  select  |      0|  0|    2|           1|           2|
    |tmp_412_43_fu_6442_p3         |  select  |      0|  0|    2|           1|           2|
    |tmp_412_44_fu_6565_p3         |  select  |      0|  0|    2|           1|           2|
    |tmp_412_45_fu_6688_p3         |  select  |      0|  0|    2|           1|           2|
    |tmp_412_46_fu_6811_p3         |  select  |      0|  0|    2|           1|           2|
    |tmp_412_47_fu_6934_p3         |  select  |      0|  0|    2|           1|           2|
    |tmp_412_48_fu_7057_p3         |  select  |      0|  0|    2|           1|           2|
    |tmp_416_26_fu_4222_p3         |  select  |      0|  0|    2|           1|           2|
    |tmp_416_27_fu_4367_p3         |  select  |      0|  0|    2|           1|           2|
    |tmp_416_28_fu_4490_p3         |  select  |      0|  0|    2|           1|           2|
    |tmp_416_29_fu_4613_p3         |  select  |      0|  0|    2|           1|           2|
    |tmp_416_30_fu_4736_p3         |  select  |      0|  0|    2|           1|           2|
    |tmp_416_31_fu_4859_p3         |  select  |      0|  0|    2|           1|           2|
    |tmp_416_32_fu_4982_p3         |  select  |      0|  0|    2|           1|           2|
    |tmp_416_33_fu_5105_p3         |  select  |      0|  0|    2|           1|           2|
    |tmp_416_34_fu_5228_p3         |  select  |      0|  0|    2|           1|           2|
    |tmp_416_35_fu_5351_p3         |  select  |      0|  0|    2|           1|           2|
    |tmp_416_36_fu_5474_p3         |  select  |      0|  0|    2|           1|           2|
    |tmp_416_37_fu_5597_p3         |  select  |      0|  0|    2|           1|           2|
    |tmp_416_38_fu_5720_p3         |  select  |      0|  0|    2|           1|           2|
    |tmp_416_39_fu_5843_p3         |  select  |      0|  0|    2|           1|           2|
    |tmp_416_40_fu_5966_p3         |  select  |      0|  0|    2|           1|           2|
    |tmp_416_41_fu_6089_p3         |  select  |      0|  0|    2|           1|           2|
    |tmp_416_42_fu_6212_p3         |  select  |      0|  0|    2|           1|           2|
    |tmp_416_43_fu_6335_p3         |  select  |      0|  0|    2|           1|           2|
    |tmp_416_44_fu_6458_p3         |  select  |      0|  0|    2|           1|           2|
    |tmp_416_45_fu_6581_p3         |  select  |      0|  0|    2|           1|           2|
    |tmp_416_46_fu_6704_p3         |  select  |      0|  0|    2|           1|           2|
    |tmp_416_47_fu_6827_p3         |  select  |      0|  0|    2|           1|           2|
    |tmp_416_48_fu_6950_p3         |  select  |      0|  0|    2|           1|           2|
    |tmp_416_49_fu_7073_p3         |  select  |      0|  0|    2|           1|           2|
    |tmp_440_26_fu_4250_p3         |  select  |      0|  0|    2|           1|           2|
    |x_V_1_10_fu_2124_p3           |  select  |      0|  0|   55|           1|          55|
    |x_V_1_11_fu_2269_p3           |  select  |      0|  0|   55|           1|          55|
    |x_V_1_12_fu_2414_p3           |  select  |      0|  0|   55|           1|          55|
    |x_V_1_13_fu_2559_p3           |  select  |      0|  0|   55|           1|          55|
    |x_V_1_14_fu_2704_p3           |  select  |      0|  0|   55|           1|          55|
    |x_V_1_15_fu_2849_p3           |  select  |      0|  0|   55|           1|          55|
    |x_V_1_16_fu_2994_p3           |  select  |      0|  0|   55|           1|          55|
    |x_V_1_17_fu_3139_p3           |  select  |      0|  0|   55|           1|          55|
    |x_V_1_18_fu_3284_p3           |  select  |      0|  0|   55|           1|          55|
    |x_V_1_19_fu_3429_p3           |  select  |      0|  0|   55|           1|          55|
    |x_V_1_1_fu_1979_p3            |  select  |      0|  0|   55|           1|          55|
    |x_V_1_20_fu_3574_p3           |  select  |      0|  0|   55|           1|          55|
    |x_V_1_21_fu_3719_p3           |  select  |      0|  0|   55|           1|          55|
    |x_V_1_22_fu_3864_p3           |  select  |      0|  0|   55|           1|          55|
    |x_V_1_23_fu_4009_p3           |  select  |      0|  0|   55|           1|          55|
    |x_V_1_24_fu_4136_p3           |  select  |      0|  0|   55|           1|          55|
    |x_V_1_25_fu_4290_p3           |  select  |      0|  0|   55|           1|          55|
    |x_V_1_26_fu_4413_p3           |  select  |      0|  0|   55|           1|          55|
    |x_V_1_27_fu_4536_p3           |  select  |      0|  0|   55|           1|          55|
    |x_V_1_28_fu_4659_p3           |  select  |      0|  0|   55|           1|          55|
    |x_V_1_29_fu_4782_p3           |  select  |      0|  0|   55|           1|          55|
    |x_V_1_2_fu_674_p3             |  select  |      0|  0|   55|           1|          55|
    |x_V_1_30_fu_4905_p3           |  select  |      0|  0|   55|           1|          55|
    |x_V_1_31_fu_5028_p3           |  select  |      0|  0|   55|           1|          55|
    |x_V_1_32_fu_5151_p3           |  select  |      0|  0|   55|           1|          55|
    |x_V_1_33_fu_5274_p3           |  select  |      0|  0|   55|           1|          55|
    |x_V_1_34_fu_5397_p3           |  select  |      0|  0|   55|           1|          55|
    |x_V_1_35_fu_5520_p3           |  select  |      0|  0|   55|           1|          55|
    |x_V_1_36_fu_5643_p3           |  select  |      0|  0|   55|           1|          55|
    |x_V_1_37_fu_5766_p3           |  select  |      0|  0|   55|           1|          55|
    |x_V_1_38_fu_5889_p3           |  select  |      0|  0|   55|           1|          55|
    |x_V_1_39_fu_6012_p3           |  select  |      0|  0|   55|           1|          55|
    |x_V_1_3_fu_819_p3             |  select  |      0|  0|   55|           1|          55|
    |x_V_1_40_fu_6135_p3           |  select  |      0|  0|   55|           1|          55|
    |x_V_1_41_fu_6258_p3           |  select  |      0|  0|   55|           1|          55|
    |x_V_1_42_fu_6381_p3           |  select  |      0|  0|   55|           1|          55|
    |x_V_1_43_fu_6504_p3           |  select  |      0|  0|   55|           1|          55|
    |x_V_1_44_fu_6627_p3           |  select  |      0|  0|   55|           1|          55|
    |x_V_1_45_fu_6750_p3           |  select  |      0|  0|   55|           1|          55|
    |x_V_1_46_fu_6873_p3           |  select  |      0|  0|   55|           1|          55|
    |x_V_1_47_fu_6996_p3           |  select  |      0|  0|   55|           1|          55|
    |x_V_1_4_fu_964_p3             |  select  |      0|  0|   55|           1|          55|
    |x_V_1_5_fu_1109_p3            |  select  |      0|  0|   55|           1|          55|
    |x_V_1_6_fu_1254_p3            |  select  |      0|  0|   55|           1|          55|
    |x_V_1_7_fu_1399_p3            |  select  |      0|  0|   55|           1|          55|
    |x_V_1_8_fu_1544_p3            |  select  |      0|  0|   55|           1|          55|
    |x_V_1_9_fu_1689_p3            |  select  |      0|  0|   55|           1|          55|
    |x_V_1_s_fu_1834_p3            |  select  |      0|  0|   55|           1|          55|
    |ap_enable_pp0                 |    xor   |      0|  0|    2|           1|           2|
    |val_assign_10_fu_2006_p2      |    xor   |      0|  0|    2|           1|           2|
    |val_assign_11_fu_2151_p2      |    xor   |      0|  0|    2|           1|           2|
    |val_assign_12_fu_2296_p2      |    xor   |      0|  0|    2|           1|           2|
    |val_assign_13_fu_2441_p2      |    xor   |      0|  0|    2|           1|           2|
    |val_assign_14_fu_2586_p2      |    xor   |      0|  0|    2|           1|           2|
    |val_assign_15_fu_2731_p2      |    xor   |      0|  0|    2|           1|           2|
    |val_assign_16_fu_2876_p2      |    xor   |      0|  0|    2|           1|           2|
    |val_assign_17_fu_3021_p2      |    xor   |      0|  0|    2|           1|           2|
    |val_assign_18_fu_3166_p2      |    xor   |      0|  0|    2|           1|           2|
    |val_assign_19_fu_3311_p2      |    xor   |      0|  0|    2|           1|           2|
    |val_assign_1_fu_1861_p2       |    xor   |      0|  0|    2|           1|           2|
    |val_assign_20_fu_3456_p2      |    xor   |      0|  0|    2|           1|           2|
    |val_assign_21_fu_3601_p2      |    xor   |      0|  0|    2|           1|           2|
    |val_assign_22_fu_3746_p2      |    xor   |      0|  0|    2|           1|           2|
    |val_assign_23_fu_3891_p2      |    xor   |      0|  0|    2|           1|           2|
    |val_assign_24_fu_4036_p2      |    xor   |      0|  0|    2|           1|           2|
    |val_assign_25_fu_4172_p2      |    xor   |      0|  0|    2|           1|           2|
    |val_assign_26_fu_4317_p2      |    xor   |      0|  0|    2|           1|           2|
    |val_assign_27_fu_4440_p2      |    xor   |      0|  0|    2|           1|           2|
    |val_assign_28_fu_4563_p2      |    xor   |      0|  0|    2|           1|           2|
    |val_assign_29_fu_4686_p2      |    xor   |      0|  0|    2|           1|           2|
    |val_assign_2_fu_544_p2        |    xor   |      0|  0|    2|           1|           2|
    |val_assign_30_fu_4809_p2      |    xor   |      0|  0|    2|           1|           2|
    |val_assign_31_fu_4932_p2      |    xor   |      0|  0|    2|           1|           2|
    |val_assign_32_fu_5055_p2      |    xor   |      0|  0|    2|           1|           2|
    |val_assign_33_fu_5178_p2      |    xor   |      0|  0|    2|           1|           2|
    |val_assign_34_fu_5301_p2      |    xor   |      0|  0|    2|           1|           2|
    |val_assign_35_fu_5424_p2      |    xor   |      0|  0|    2|           1|           2|
    |val_assign_36_fu_5547_p2      |    xor   |      0|  0|    2|           1|           2|
    |val_assign_37_fu_5670_p2      |    xor   |      0|  0|    2|           1|           2|
    |val_assign_38_fu_5793_p2      |    xor   |      0|  0|    2|           1|           2|
    |val_assign_39_fu_5916_p2      |    xor   |      0|  0|    2|           1|           2|
    |val_assign_3_fu_701_p2        |    xor   |      0|  0|    2|           1|           2|
    |val_assign_40_fu_6039_p2      |    xor   |      0|  0|    2|           1|           2|
    |val_assign_41_fu_6162_p2      |    xor   |      0|  0|    2|           1|           2|
    |val_assign_42_fu_6285_p2      |    xor   |      0|  0|    2|           1|           2|
    |val_assign_43_fu_6408_p2      |    xor   |      0|  0|    2|           1|           2|
    |val_assign_44_fu_6531_p2      |    xor   |      0|  0|    2|           1|           2|
    |val_assign_45_fu_6654_p2      |    xor   |      0|  0|    2|           1|           2|
    |val_assign_46_fu_6777_p2      |    xor   |      0|  0|    2|           1|           2|
    |val_assign_47_fu_6900_p2      |    xor   |      0|  0|    2|           1|           2|
    |val_assign_48_fu_7023_p2      |    xor   |      0|  0|    2|           1|           2|
    |val_assign_49_fu_7273_p2      |    xor   |      0|  0|    2|           1|           2|
    |val_assign_4_fu_846_p2        |    xor   |      0|  0|    2|           1|           2|
    |val_assign_5_fu_991_p2        |    xor   |      0|  0|    2|           1|           2|
    |val_assign_6_fu_1136_p2       |    xor   |      0|  0|    2|           1|           2|
    |val_assign_7_fu_1281_p2       |    xor   |      0|  0|    2|           1|           2|
    |val_assign_8_fu_1426_p2       |    xor   |      0|  0|    2|           1|           2|
    |val_assign_9_fu_1571_p2       |    xor   |      0|  0|    2|           1|           2|
    |val_assign_s_fu_1716_p2       |    xor   |      0|  0|    2|           1|           2|
    +------------------------------+----------+-------+---+-----+------------+------------+
    |Total                         |          |      0|  0|31159|       22492|       29367|
    +------------------------------+----------+-------+---+-----+------------+------------+

    * Multiplexer: 
    +--------------------------+----+-----------+-----+-----------+
    |           Name           | LUT| Input Size| Bits| Total Bits|
    +--------------------------+----+-----------+-----+-----------+
    |ap_NS_fsm                 |  15|          3|    1|          3|
    |ap_enable_reg_pp0_iter0   |   9|          2|    1|          2|
    |ap_enable_reg_pp0_iter26  |   9|          2|    1|          2|
    +--------------------------+----+-----------+-----+-----------+
    |Total                     |  33|          7|    3|          7|
    +--------------------------+----+-----------+-----+-----------+

    * Register: 
    +--------------------------------+-----+----+-----+-----------+
    |              Name              |  FF | LUT| Bits| Const Bits|
    +--------------------------------+-----+----+-----+-----------+
    |ap_CS_fsm                       |    2|   0|    2|          0|
    |ap_enable_reg_pp0_iter0_reg     |    1|   0|    1|          0|
    |ap_enable_reg_pp0_iter1         |    1|   0|    1|          0|
    |ap_enable_reg_pp0_iter10        |    1|   0|    1|          0|
    |ap_enable_reg_pp0_iter11        |    1|   0|    1|          0|
    |ap_enable_reg_pp0_iter12        |    1|   0|    1|          0|
    |ap_enable_reg_pp0_iter13        |    1|   0|    1|          0|
    |ap_enable_reg_pp0_iter14        |    1|   0|    1|          0|
    |ap_enable_reg_pp0_iter15        |    1|   0|    1|          0|
    |ap_enable_reg_pp0_iter16        |    1|   0|    1|          0|
    |ap_enable_reg_pp0_iter17        |    1|   0|    1|          0|
    |ap_enable_reg_pp0_iter18        |    1|   0|    1|          0|
    |ap_enable_reg_pp0_iter19        |    1|   0|    1|          0|
    |ap_enable_reg_pp0_iter2         |    1|   0|    1|          0|
    |ap_enable_reg_pp0_iter20        |    1|   0|    1|          0|
    |ap_enable_reg_pp0_iter21        |    1|   0|    1|          0|
    |ap_enable_reg_pp0_iter22        |    1|   0|    1|          0|
    |ap_enable_reg_pp0_iter23        |    1|   0|    1|          0|
    |ap_enable_reg_pp0_iter24        |    1|   0|    1|          0|
    |ap_enable_reg_pp0_iter25        |    1|   0|    1|          0|
    |ap_enable_reg_pp0_iter26        |    1|   0|    1|          0|
    |ap_enable_reg_pp0_iter3         |    1|   0|    1|          0|
    |ap_enable_reg_pp0_iter4         |    1|   0|    1|          0|
    |ap_enable_reg_pp0_iter5         |    1|   0|    1|          0|
    |ap_enable_reg_pp0_iter6         |    1|   0|    1|          0|
    |ap_enable_reg_pp0_iter7         |    1|   0|    1|          0|
    |ap_enable_reg_pp0_iter8         |    1|   0|    1|          0|
    |ap_enable_reg_pp0_iter9         |    1|   0|    1|          0|
    |p_0_10_reg_8352                 |    1|   0|    1|          0|
    |p_0_11_reg_8392                 |    1|   0|    1|          0|
    |p_0_12_reg_8432                 |    1|   0|    1|          0|
    |p_0_13_reg_8472                 |    1|   0|    1|          0|
    |p_0_14_reg_8512                 |    1|   0|    1|          0|
    |p_0_15_reg_8552                 |    1|   0|    1|          0|
    |p_0_16_reg_8592                 |    1|   0|    1|          0|
    |p_0_17_reg_8632                 |    1|   0|    1|          0|
    |p_0_18_reg_8672                 |    1|   0|    1|          0|
    |p_0_19_reg_8712                 |    1|   0|    1|          0|
    |p_0_1_reg_8312                  |    1|   0|    1|          0|
    |p_0_20_reg_8752                 |    1|   0|    1|          0|
    |p_0_21_reg_8792                 |    1|   0|    1|          0|
    |p_0_22_reg_8832                 |    1|   0|    1|          0|
    |p_0_23_reg_8872                 |    1|   0|    1|          0|
    |p_0_24_reg_8912                 |    1|   0|    1|          0|
    |p_0_25_reg_8941                 |    1|   0|    1|          0|
    |p_0_26_reg_8998                 |    1|   0|    1|          0|
    |p_0_27_reg_9027                 |    1|   0|    1|          0|
    |p_0_28_reg_9056                 |    1|   0|    1|          0|
    |p_0_29_reg_9085                 |    1|   0|    1|          0|
    |p_0_2_reg_7952                  |    1|   0|    1|          0|
    |p_0_30_reg_9114                 |    1|   0|    1|          0|
    |p_0_31_reg_9143                 |    1|   0|    1|          0|
    |p_0_32_reg_9172                 |    1|   0|    1|          0|
    |p_0_33_reg_9201                 |    1|   0|    1|          0|
    |p_0_34_reg_9230                 |    1|   0|    1|          0|
    |p_0_35_reg_9259                 |    1|   0|    1|          0|
    |p_0_36_reg_9288                 |    1|   0|    1|          0|
    |p_0_37_reg_9317                 |    1|   0|    1|          0|
    |p_0_38_reg_9346                 |    1|   0|    1|          0|
    |p_0_39_reg_9375                 |    1|   0|    1|          0|
    |p_0_3_reg_7992                  |    1|   0|    1|          0|
    |p_0_40_reg_9404                 |    1|   0|    1|          0|
    |p_0_41_reg_9433                 |    1|   0|    1|          0|
    |p_0_42_reg_9462                 |    1|   0|    1|          0|
    |p_0_43_reg_9491                 |    1|   0|    1|          0|
    |p_0_44_reg_9520                 |    1|   0|    1|          0|
    |p_0_45_reg_9549                 |    1|   0|    1|          0|
    |p_0_46_reg_9578                 |    1|   0|    1|          0|
    |p_0_46_reg_9578_pp0_iter24_reg  |    1|   0|    1|          0|
    |p_0_47_reg_9607                 |    1|   0|    1|          0|
    |p_0_48_reg_9636                 |    1|   0|    1|          0|
    |p_0_4_reg_8032                  |    1|   0|    1|          0|
    |p_0_5_reg_8072                  |    1|   0|    1|          0|
    |p_0_6_reg_8112                  |    1|   0|    1|          0|
    |p_0_7_reg_8152                  |    1|   0|    1|          0|
    |p_0_8_reg_8192                  |    1|   0|    1|          0|
    |p_0_9_reg_8232                  |    1|   0|    1|          0|
    |p_0_s_reg_8272                  |    1|   0|    1|          0|
    |p_48_v_cast_cast_reg_9665       |    5|   0|    7|          2|
    |p_49_v_cast_cast_reg_9670       |    5|   0|    7|          2|
    |p_Val2_128_10_reg_8341          |   55|   0|   55|          0|
    |p_Val2_128_11_reg_8381          |   55|   0|   55|          0|
    |p_Val2_128_12_reg_8421          |   55|   0|   55|          0|
    |p_Val2_128_13_reg_8461          |   55|   0|   55|          0|
    |p_Val2_128_14_reg_8501          |   55|   0|   55|          0|
    |p_Val2_128_15_reg_8541          |   55|   0|   55|          0|
    |p_Val2_128_16_reg_8581          |   55|   0|   55|          0|
    |p_Val2_128_17_reg_8621          |   55|   0|   55|          0|
    |p_Val2_128_18_reg_8661          |   55|   0|   55|          0|
    |p_Val2_128_19_reg_8701          |   55|   0|   55|          0|
    |p_Val2_128_20_reg_8741          |   55|   0|   55|          0|
    |p_Val2_128_21_reg_8781          |   55|   0|   55|          0|
    |p_Val2_128_22_reg_8821          |   55|   0|   55|          0|
    |p_Val2_128_23_reg_8861          |   55|   0|   55|          0|
    |p_Val2_128_24_reg_8901          |   55|   0|   55|          0|
    |p_Val2_128_26_reg_8970          |   55|   0|   55|          0|
    |p_Val2_128_2_reg_7981           |   55|   0|   55|          0|
    |p_Val2_128_3_reg_8021           |   55|   0|   55|          0|
    |p_Val2_128_4_reg_8061           |   55|   0|   55|          0|
    |p_Val2_128_5_reg_8101           |   55|   0|   55|          0|
    |p_Val2_128_6_reg_8141           |   55|   0|   55|          0|
    |p_Val2_128_7_reg_8181           |   55|   0|   55|          0|
    |p_Val2_128_8_reg_8221           |   55|   0|   55|          0|
    |p_Val2_128_9_reg_8261           |   55|   0|   55|          0|
    |p_Val2_128_s_reg_8301           |   55|   0|   55|          0|
    |p_Val2_96_10_reg_8369           |   55|   0|   55|          0|
    |p_Val2_96_11_reg_8409           |   55|   0|   55|          0|
    |p_Val2_96_12_reg_8449           |   55|   0|   55|          0|
    |p_Val2_96_13_reg_8489           |   55|   0|   55|          0|
    |p_Val2_96_14_reg_8529           |   55|   0|   55|          0|
    |p_Val2_96_15_reg_8569           |   55|   0|   55|          0|
    |p_Val2_96_16_reg_8609           |   55|   0|   55|          0|
    |p_Val2_96_17_reg_8649           |   55|   0|   55|          0|
    |p_Val2_96_18_reg_8689           |   55|   0|   55|          0|
    |p_Val2_96_19_reg_8729           |   55|   0|   55|          0|
    |p_Val2_96_1_reg_8329            |   55|   0|   55|          0|
    |p_Val2_96_20_reg_8769           |   55|   0|   55|          0|
    |p_Val2_96_21_reg_8809           |   55|   0|   55|          0|
    |p_Val2_96_22_reg_8849           |   55|   0|   55|          0|
    |p_Val2_96_23_reg_8889           |   55|   0|   55|          0|
    |p_Val2_96_24_reg_8929           |   55|   0|   55|          0|
    |p_Val2_96_25_reg_8958           |   55|   0|   55|          0|
    |p_Val2_96_26_reg_9015           |   55|   0|   55|          0|
    |p_Val2_96_27_reg_9044           |   55|   0|   55|          0|
    |p_Val2_96_28_reg_9073           |   55|   0|   55|          0|
    |p_Val2_96_29_reg_9102           |   55|   0|   55|          0|
    |p_Val2_96_2_reg_7969            |    5|   0|   55|         50|
    |p_Val2_96_30_reg_9131           |   55|   0|   55|          0|
    |p_Val2_96_31_reg_9160           |   55|   0|   55|          0|
    |p_Val2_96_32_reg_9189           |   55|   0|   55|          0|
    |p_Val2_96_33_reg_9218           |   55|   0|   55|          0|
    |p_Val2_96_34_reg_9247           |   55|   0|   55|          0|
    |p_Val2_96_35_reg_9276           |   55|   0|   55|          0|
    |p_Val2_96_36_reg_9305           |   55|   0|   55|          0|
    |p_Val2_96_37_reg_9334           |   55|   0|   55|          0|
    |p_Val2_96_38_reg_9363           |   55|   0|   55|          0|
    |p_Val2_96_39_reg_9392           |   55|   0|   55|          0|
    |p_Val2_96_3_reg_8009            |   11|   0|   55|         44|
    |p_Val2_96_40_reg_9421           |   55|   0|   55|          0|
    |p_Val2_96_41_reg_9450           |   55|   0|   55|          0|
    |p_Val2_96_42_reg_9479           |   55|   0|   55|          0|
    |p_Val2_96_43_reg_9508           |   55|   0|   55|          0|
    |p_Val2_96_44_reg_9537           |   55|   0|   55|          0|
    |p_Val2_96_45_reg_9566           |   55|   0|   55|          0|
    |p_Val2_96_46_reg_9595           |   55|   0|   55|          0|
    |p_Val2_96_47_reg_9624           |   55|   0|   55|          0|
    |p_Val2_96_48_reg_9653           |   55|   0|   55|          0|
    |p_Val2_96_4_reg_8049            |   19|   0|   55|         36|
    |p_Val2_96_5_reg_8089            |   29|   0|   55|         26|
    |p_Val2_96_6_reg_8129            |   41|   0|   55|         14|
    |p_Val2_96_7_reg_8169            |   55|   0|   55|          0|
    |p_Val2_96_8_reg_8209            |   55|   0|   55|          0|
    |p_Val2_96_9_reg_8249            |   55|   0|   55|          0|
    |p_Val2_96_s_reg_8289            |   55|   0|   55|          0|
    |p_Val2_97_10_reg_8335           |   55|   0|   55|          0|
    |p_Val2_97_11_reg_8375           |   55|   0|   55|          0|
    |p_Val2_97_12_reg_8415           |   55|   0|   55|          0|
    |p_Val2_97_13_reg_8455           |   55|   0|   55|          0|
    |p_Val2_97_14_reg_8495           |   55|   0|   55|          0|
    |p_Val2_97_15_reg_8535           |   55|   0|   55|          0|
    |p_Val2_97_16_reg_8575           |   55|   0|   55|          0|
    |p_Val2_97_17_reg_8615           |   55|   0|   55|          0|
    |p_Val2_97_18_reg_8655           |   55|   0|   55|          0|
    |p_Val2_97_19_reg_8695           |   55|   0|   55|          0|
    |p_Val2_97_20_reg_8735           |   55|   0|   55|          0|
    |p_Val2_97_21_reg_8775           |   55|   0|   55|          0|
    |p_Val2_97_22_reg_8815           |   55|   0|   55|          0|
    |p_Val2_97_23_reg_8855           |   55|   0|   55|          0|
    |p_Val2_97_24_reg_8895           |   55|   0|   55|          0|
    |p_Val2_97_25_reg_8935           |   55|   0|   55|          0|
    |p_Val2_97_26_reg_8964           |   55|   0|   55|          0|
    |p_Val2_97_27_reg_9021           |   55|   0|   55|          0|
    |p_Val2_97_28_reg_9050           |   55|   0|   55|          0|
    |p_Val2_97_29_reg_9079           |   55|   0|   55|          0|
    |p_Val2_97_2_reg_7975            |    7|   0|   55|         48|
    |p_Val2_97_30_reg_9108           |   55|   0|   55|          0|
    |p_Val2_97_31_reg_9137           |   55|   0|   55|          0|
    |p_Val2_97_32_reg_9166           |   55|   0|   55|          0|
    |p_Val2_97_33_reg_9195           |   55|   0|   55|          0|
    |p_Val2_97_34_reg_9224           |   55|   0|   55|          0|
    |p_Val2_97_35_reg_9253           |   55|   0|   55|          0|
    |p_Val2_97_36_reg_9282           |   55|   0|   55|          0|
    |p_Val2_97_37_reg_9311           |   55|   0|   55|          0|
    |p_Val2_97_38_reg_9340           |   55|   0|   55|          0|
    |p_Val2_97_39_reg_9369           |   55|   0|   55|          0|
    |p_Val2_97_3_reg_8015            |   13|   0|   55|         42|
    |p_Val2_97_40_reg_9398           |   55|   0|   55|          0|
    |p_Val2_97_41_reg_9427           |   55|   0|   55|          0|
    |p_Val2_97_42_reg_9456           |   55|   0|   55|          0|
    |p_Val2_97_43_reg_9485           |   55|   0|   55|          0|
    |p_Val2_97_44_reg_9514           |   55|   0|   55|          0|
    |p_Val2_97_45_reg_9543           |   55|   0|   55|          0|
    |p_Val2_97_46_reg_9572           |   55|   0|   55|          0|
    |p_Val2_97_47_reg_9601           |   55|   0|   55|          0|
    |p_Val2_97_48_reg_9630           |   55|   0|   55|          0|
    |p_Val2_97_49_reg_9659           |   55|   0|   55|          0|
    |p_Val2_97_4_reg_8055            |   21|   0|   55|         34|
    |p_Val2_97_5_reg_8095            |   31|   0|   55|         24|
    |p_Val2_97_6_reg_8135            |   43|   0|   55|         12|
    |p_Val2_97_7_reg_8175            |   55|   0|   55|          0|
    |p_Val2_97_8_reg_8215            |   55|   0|   55|          0|
    |p_Val2_97_9_reg_8255            |   55|   0|   55|          0|
    |p_Val2_97_s_reg_8295            |   55|   0|   55|          0|
    |tmp11_reg_9675                  |   44|   0|   46|          2|
    |tmp14_reg_9760                  |   40|   0|   42|          2|
    |tmp17_reg_9715                  |   39|   0|   41|          2|
    |tmp19_reg_9720                  |   36|   0|   38|          2|
    |tmp20_reg_9725                  |   34|   0|   36|          2|
    |tmp23_reg_9680                  |   31|   0|   33|          2|
    |tmp26_reg_9765                  |   27|   0|   29|          2|
    |tmp28_reg_9730                  |   27|   0|   29|          2|
    |tmp2_reg_9755                   |   53|   0|   55|          2|
    |tmp32_reg_9685                  |   23|   0|   25|          2|
    |tmp33_reg_9735                  |   21|   0|   23|          2|
    |tmp36_reg_9690                  |   18|   0|   20|          2|
    |tmp41_reg_9740                  |   14|   0|   16|          2|
    |tmp43_reg_9745                  |   11|   0|   13|          2|
    |tmp45_reg_9750                  |    8|   0|   10|          2|
    |tmp50_reg_9695                  |    3|   0|    5|          2|
    |tmp5_reg_9700                   |   52|   0|   54|          2|
    |tmp7_reg_9705                   |   49|   0|   51|          2|
    |tmp8_reg_9710                   |   47|   0|   49|          2|
    |tmp_102_reg_8227                |   37|   0|   37|          0|
    |tmp_103_reg_8279                |   46|   0|   46|          0|
    |tmp_104_reg_8284                |   46|   0|   46|          0|
    |tmp_107_reg_8267                |   35|   0|   35|          0|
    |tmp_108_reg_8319                |   45|   0|   45|          0|
    |tmp_109_reg_8324                |   45|   0|   45|          0|
    |tmp_112_reg_8307                |   33|   0|   33|          0|
    |tmp_113_reg_8359                |   44|   0|   44|          0|
    |tmp_114_reg_8364                |   44|   0|   44|          0|
    |tmp_117_reg_8347                |   31|   0|   31|          0|
    |tmp_118_reg_8399                |   43|   0|   43|          0|
    |tmp_119_reg_8404                |   43|   0|   43|          0|
    |tmp_122_reg_8387                |   29|   0|   29|          0|
    |tmp_123_reg_8439                |   42|   0|   42|          0|
    |tmp_124_reg_8444                |   42|   0|   42|          0|
    |tmp_127_reg_8427                |   27|   0|   27|          0|
    |tmp_128_reg_8479                |   41|   0|   41|          0|
    |tmp_129_reg_8484                |   41|   0|   41|          0|
    |tmp_132_reg_8467                |   25|   0|   25|          0|
    |tmp_133_reg_8519                |   40|   0|   40|          0|
    |tmp_134_reg_8524                |   40|   0|   40|          0|
    |tmp_137_reg_8507                |   23|   0|   23|          0|
    |tmp_138_reg_8559                |   39|   0|   39|          0|
    |tmp_139_reg_8564                |   39|   0|   39|          0|
    |tmp_142_reg_8547                |   21|   0|   21|          0|
    |tmp_143_reg_8599                |   38|   0|   38|          0|
    |tmp_144_reg_8604                |   38|   0|   38|          0|
    |tmp_147_reg_8587                |   19|   0|   19|          0|
    |tmp_148_reg_8639                |   37|   0|   37|          0|
    |tmp_149_reg_8644                |   37|   0|   37|          0|
    |tmp_152_reg_8627                |   17|   0|   17|          0|
    |tmp_153_reg_8679                |   36|   0|   36|          0|
    |tmp_154_reg_8684                |   36|   0|   36|          0|
    |tmp_157_reg_8667                |   15|   0|   15|          0|
    |tmp_158_reg_8719                |   35|   0|   35|          0|
    |tmp_159_reg_8724                |   35|   0|   35|          0|
    |tmp_162_reg_8707                |   13|   0|   13|          0|
    |tmp_163_reg_8759                |   34|   0|   34|          0|
    |tmp_164_reg_8764                |   34|   0|   34|          0|
    |tmp_167_reg_8747                |   11|   0|   11|          0|
    |tmp_168_reg_8799                |   33|   0|   33|          0|
    |tmp_169_reg_8804                |   33|   0|   33|          0|
    |tmp_172_reg_8787                |    9|   0|    9|          0|
    |tmp_173_reg_8839                |   32|   0|   32|          0|
    |tmp_174_reg_8844                |   32|   0|   32|          0|
    |tmp_177_reg_8827                |    7|   0|    7|          0|
    |tmp_178_reg_8879                |   31|   0|   31|          0|
    |tmp_179_reg_8884                |   31|   0|   31|          0|
    |tmp_182_reg_8867                |    5|   0|    5|          0|
    |tmp_183_reg_8919                |   30|   0|   30|          0|
    |tmp_184_reg_8924                |   30|   0|   30|          0|
    |tmp_187_reg_8907                |    3|   0|    3|          0|
    |tmp_188_reg_8948                |   29|   0|   29|          0|
    |tmp_189_reg_8953                |   29|   0|   29|          0|
    |tmp_190_reg_9005                |   28|   0|   28|          0|
    |tmp_191_reg_9010                |   28|   0|   28|          0|
    |tmp_192_reg_7942                |    1|   0|    1|          0|
    |tmp_195_reg_9034                |   27|   0|   27|          0|
    |tmp_196_reg_9039                |   27|   0|   27|          0|
    |tmp_199_reg_9063                |   26|   0|   26|          0|
    |tmp_1_reg_7947                  |    1|   0|    1|          0|
    |tmp_200_reg_9068                |   26|   0|   26|          0|
    |tmp_203_reg_9092                |   25|   0|   25|          0|
    |tmp_204_reg_9097                |   25|   0|   25|          0|
    |tmp_207_reg_9121                |   24|   0|   24|          0|
    |tmp_208_reg_9126                |   24|   0|   24|          0|
    |tmp_211_reg_9150                |   23|   0|   23|          0|
    |tmp_212_reg_9155                |   23|   0|   23|          0|
    |tmp_215_reg_9179                |   22|   0|   22|          0|
    |tmp_216_reg_9184                |   22|   0|   22|          0|
    |tmp_219_reg_9208                |   21|   0|   21|          0|
    |tmp_220_reg_9213                |   21|   0|   21|          0|
    |tmp_223_reg_9237                |   20|   0|   20|          0|
    |tmp_224_reg_9242                |   20|   0|   20|          0|
    |tmp_227_reg_9266                |   19|   0|   19|          0|
    |tmp_228_reg_9271                |   19|   0|   19|          0|
    |tmp_231_reg_9295                |   18|   0|   18|          0|
    |tmp_232_reg_9300                |   18|   0|   18|          0|
    |tmp_235_reg_9324                |   17|   0|   17|          0|
    |tmp_236_reg_9329                |   17|   0|   17|          0|
    |tmp_239_reg_9353                |   16|   0|   16|          0|
    |tmp_240_reg_9358                |   16|   0|   16|          0|
    |tmp_243_reg_9382                |   15|   0|   15|          0|
    |tmp_244_reg_9387                |   15|   0|   15|          0|
    |tmp_247_reg_9411                |   14|   0|   14|          0|
    |tmp_248_reg_9416                |   14|   0|   14|          0|
    |tmp_251_reg_9440                |   13|   0|   13|          0|
    |tmp_252_reg_9445                |   13|   0|   13|          0|
    |tmp_255_reg_9469                |   12|   0|   12|          0|
    |tmp_256_reg_9474                |   12|   0|   12|          0|
    |tmp_259_reg_9498                |   11|   0|   11|          0|
    |tmp_260_reg_9503                |   11|   0|   11|          0|
    |tmp_263_reg_9527                |   10|   0|   10|          0|
    |tmp_264_reg_9532                |   10|   0|   10|          0|
    |tmp_267_reg_9556                |    9|   0|    9|          0|
    |tmp_268_reg_9561                |    9|   0|    9|          0|
    |tmp_271_reg_9585                |    8|   0|    8|          0|
    |tmp_272_reg_9590                |    8|   0|    8|          0|
    |tmp_275_reg_9614                |    7|   0|    7|          0|
    |tmp_276_reg_9619                |    7|   0|    7|          0|
    |tmp_279_reg_9643                |    6|   0|    6|          0|
    |tmp_280_reg_9648                |    6|   0|    6|          0|
    |tmp_59_reg_7959                 |    1|   0|   54|         53|
    |tmp_61_reg_7964                 |    3|   0|   54|         51|
    |tmp_68_reg_7999                 |    5|   0|   53|         48|
    |tmp_69_reg_8004                 |    7|   0|   53|         46|
    |tmp_72_reg_7987                 |   49|   0|   49|          0|
    |tmp_73_reg_8039                 |   11|   0|   52|         41|
    |tmp_74_reg_8044                 |   13|   0|   52|         39|
    |tmp_77_reg_8027                 |   47|   0|   47|          0|
    |tmp_78_reg_8079                 |   19|   0|   51|         32|
    |tmp_79_reg_8084                 |   21|   0|   51|         30|
    |tmp_82_reg_8067                 |   45|   0|   45|          0|
    |tmp_83_reg_8119                 |   29|   0|   50|         21|
    |tmp_84_reg_8124                 |   31|   0|   50|         19|
    |tmp_87_reg_8107                 |   43|   0|   43|          0|
    |tmp_88_reg_8159                 |   41|   0|   49|          8|
    |tmp_89_reg_8164                 |   43|   0|   49|          6|
    |tmp_92_reg_8147                 |   41|   0|   41|          0|
    |tmp_93_reg_8199                 |   48|   0|   48|          0|
    |tmp_94_reg_8204                 |   48|   0|   48|          0|
    |tmp_97_reg_8187                 |   39|   0|   39|          0|
    |tmp_98_reg_8239                 |   47|   0|   47|          0|
    |tmp_99_reg_8244                 |   47|   0|   47|          0|
    |p_0_10_reg_8352                 |   64|  32|    1|          0|
    |p_0_11_reg_8392                 |   64|  32|    1|          0|
    |p_0_12_reg_8432                 |   64|  32|    1|          0|
    |p_0_13_reg_8472                 |   64|  32|    1|          0|
    |p_0_14_reg_8512                 |   64|  32|    1|          0|
    |p_0_15_reg_8552                 |   64|  32|    1|          0|
    |p_0_16_reg_8592                 |   64|  32|    1|          0|
    |p_0_17_reg_8632                 |   64|  32|    1|          0|
    |p_0_18_reg_8672                 |   64|  32|    1|          0|
    |p_0_19_reg_8712                 |   64|  32|    1|          0|
    |p_0_1_reg_8312                  |   64|  32|    1|          0|
    |p_0_20_reg_8752                 |   64|  32|    1|          0|
    |p_0_21_reg_8792                 |   64|  32|    1|          0|
    |p_0_22_reg_8832                 |   64|  32|    1|          0|
    |p_0_23_reg_8872                 |   64|  32|    1|          0|
    |p_0_24_reg_8912                 |   64|  32|    1|          0|
    |p_0_25_reg_8941                 |   64|  32|    1|          0|
    |p_0_26_reg_8998                 |   64|  32|    1|          0|
    |p_0_27_reg_9027                 |   64|  32|    1|          0|
    |p_0_28_reg_9056                 |   64|  32|    1|          0|
    |p_0_29_reg_9085                 |   64|  32|    1|          0|
    |p_0_2_reg_7952                  |   64|  32|    1|          0|
    |p_0_30_reg_9114                 |   64|  32|    1|          0|
    |p_0_31_reg_9143                 |   64|  32|    1|          0|
    |p_0_32_reg_9172                 |   64|  32|    1|          0|
    |p_0_33_reg_9201                 |   64|  32|    1|          0|
    |p_0_34_reg_9230                 |   64|  32|    1|          0|
    |p_0_35_reg_9259                 |   64|  32|    1|          0|
    |p_0_36_reg_9288                 |   64|  32|    1|          0|
    |p_0_37_reg_9317                 |   64|  32|    1|          0|
    |p_0_38_reg_9346                 |   64|  32|    1|          0|
    |p_0_39_reg_9375                 |   64|  32|    1|          0|
    |p_0_3_reg_7992                  |   64|  32|    1|          0|
    |p_0_40_reg_9404                 |   64|  32|    1|          0|
    |p_0_41_reg_9433                 |   64|  32|    1|          0|
    |p_0_42_reg_9462                 |   64|  32|    1|          0|
    |p_0_43_reg_9491                 |   64|  32|    1|          0|
    |p_0_44_reg_9520                 |   64|  32|    1|          0|
    |p_0_45_reg_9549                 |   64|  32|    1|          0|
    |p_0_4_reg_8032                  |   64|  32|    1|          0|
    |p_0_5_reg_8072                  |   64|  32|    1|          0|
    |p_0_6_reg_8112                  |   64|  32|    1|          0|
    |p_0_7_reg_8152                  |   64|  32|    1|          0|
    |p_0_8_reg_8192                  |   64|  32|    1|          0|
    |p_0_9_reg_8232                  |   64|  32|    1|          0|
    |p_0_s_reg_8272                  |   64|  32|    1|          0|
    |p_Val2_128_26_reg_8970          |    4|   2|   55|          0|
    |tmp_192_reg_7942                |   64|  32|    1|          0|
    |tmp_1_reg_7947                  |   64|  32|    1|          0|
    +--------------------------------+-----+----+-----+-----------+
    |Total                           |13349|1538|11142|        766|
    +--------------------------------+-----+----+-----+-----------+



================================================================
== Interface
================================================================
* Summary: 
+-----------+-----+-----+------------+----------------------+--------------+
| RTL Ports | Dir | Bits|  Protocol  |     Source Object    |    C Type    |
+-----------+-----+-----+------------+----------------------+--------------+
|ap_clk     |  in |    1| ap_ctrl_hs | doublecordic_apfixed | return value |
|ap_rst     |  in |    1| ap_ctrl_hs | doublecordic_apfixed | return value |
|ap_start   |  in |    1| ap_ctrl_hs | doublecordic_apfixed | return value |
|ap_done    | out |    1| ap_ctrl_hs | doublecordic_apfixed | return value |
|ap_idle    | out |    1| ap_ctrl_hs | doublecordic_apfixed | return value |
|ap_ready   | out |    1| ap_ctrl_hs | doublecordic_apfixed | return value |
|ap_return  | out |   55| ap_ctrl_hs | doublecordic_apfixed | return value |
|t_V_read   |  in |   55|   ap_none  |       t_V_read       |    scalar    |
+-----------+-----+-----+------------+----------------------+--------------+

