

================================================================
== Vivado HLS Report for 'generic_asin_float_s'
================================================================
* Date:           Fri May 17 02:41:04 2019

* Version:        2018.2 (Build 2258646 on Thu Jun 14 20:25:20 MDT 2018)
* Project:        met_testf
* Solution:       solution1
* Product family: virtex7
* Target device:  xc7vx690tffg1927-2


================================================================
== Performance Estimates
================================================================
+ Timing (ns): 
    * Summary: 
    +--------+-------+----------+------------+
    |  Clock | Target| Estimated| Uncertainty|
    +--------+-------+----------+------------+
    |ap_clk  |   5.00|     4.289|        0.62|
    +--------+-------+----------+------------+

+ Latency (clock cycles): 
    * Summary: 
    +-----+-----+-----+-----+---------+
    |  Latency  |  Interval | Pipeline|
    | min | max | min | max |   Type  |
    +-----+-----+-----+-----+---------+
    |    1|  172|    1|  172|   none  |
    +-----+-----+-----+-----+---------+

    + Detail: 
        * Instance: 
        N/A

        * Loop: 
        +----------+-----+-----+----------+-----------+-----------+------+----------+
        |          |  Latency  | Iteration|  Initiation Interval  | Trip |          |
        | Loop Name| min | max |  Latency |  achieved |   target  | Count| Pipelined|
        +----------+-----+-----+----------+-----------+-----------+------+----------+
        |- Loop 1  |  159|  159|         3|          3|          3|    53|    yes   |
        +----------+-----+-----+----------+-----------+-----------+------+----------+



================================================================
== Utilization Estimates
================================================================
* Summary: 
+-----------------+---------+-------+--------+--------+
|       Name      | BRAM_18K| DSP48E|   FF   |   LUT  |
+-----------------+---------+-------+--------+--------+
|DSP              |        -|      -|       -|       -|
|Expression       |        -|      -|      73|    3879|
|FIFO             |        -|      -|       -|       -|
|Instance         |        -|      0|     329|     503|
|Memory           |        4|      -|       0|       0|
|Multiplexer      |        -|      -|       -|     175|
|Register         |        -|      -|    1194|       -|
+-----------------+---------+-------+--------+--------+
|Total            |        4|      0|    1596|    4557|
+-----------------+---------+-------+--------+--------+
|Available        |     2940|   3600|  866400|  433200|
+-----------------+---------+-------+--------+--------+
|Utilization (%)  |    ~0   |      0|   ~0   |       1|
+-----------------+---------+-------+--------+--------+

+ Detail: 
    * Instance: 
    +--------------------------+----------------------+---------+-------+-----+-----+
    |         Instance         |        Module        | BRAM_18K| DSP48E|  FF | LUT |
    +--------------------------+----------------------+---------+-------+-----+-----+
    |MET_hw_fpext_32nsNgs_U67  |MET_hw_fpext_32nsNgs  |        0|      0|  100|  138|
    |MET_hw_uitofp_32nMgi_U66  |MET_hw_uitofp_32nMgi  |        0|      0|  229|  365|
    +--------------------------+----------------------+---------+-------+-----+-----+
    |Total                     |                      |        0|      0|  329|  503|
    +--------------------------+----------------------+---------+-------+-----+-----+

    * DSP48: 
    N/A

    * Memory: 
    +-----------------------+----------------------+---------+---+----+------+-----+------+-------------+
    |         Memory        |        Module        | BRAM_18K| FF| LUT| Words| Bits| Banks| W*Bits*Banks|
    +-----------------------+----------------------+---------+---+----+------+-----+------+-------------+
    |cordic_apfixed_circ_U  |generic_asin_floaLf8  |        4|  0|   0|   128|  126|     1|        16128|
    +-----------------------+----------------------+---------+---+----+------+-----+------+-------------+
    |Total                  |                      |        4|  0|   0|   128|  126|     1|        16128|
    +-----------------------+----------------------+---------+---+----+------+-----+------+-------------+

    * FIFO: 
    N/A

    * Expression: 
    +------------------------------+----------+-------+----+-----+------------+------------+
    |         Variable Name        | Operation| DSP48E| FF | LUT | Bitwidth P0| Bitwidth P1|
    +------------------------------+----------+-------+----+-----+------------+------------+
    |exp_V_fu_379_p2               |     +    |      0|   0|   19|          11|          12|
    |n_fu_611_p2                   |     +    |      0|   0|   15|           6|           1|
    |p_Repl2_25_trunc_fu_1035_p2   |     +    |      0|   0|   15|           8|           8|
    |p_Val2_46_i_fu_825_p2         |     +    |      0|   0|   62|          55|          55|
    |p_Val2_48_i_fu_837_p2         |     +    |      0|   0|   62|          55|          55|
    |p_Val2_50_i_fu_777_p2         |     +    |      0|   0|   62|          55|          55|
    |sh_assign_fu_621_p2           |     +    |      0|   0|   15|           7|           2|
    |tmp_51_fu_426_p2              |     +    |      0|   0|   19|           7|          12|
    |tmp_83_fu_980_p2              |     +    |      0|   0|   15|           6|           6|
    |tz_V_1_fu_819_p2              |     +    |      0|   0|   62|          55|          55|
    |F2_fu_414_p2                  |     -    |      0|   0|   19|          11|          12|
    |man_V_1_fu_396_p2             |     -    |      0|   0|   61|           1|          54|
    |msb_idx_fu_917_p2             |     -    |      0|   0|   39|           6|          32|
    |p_Val2_47_i_fu_833_p2         |     -    |      0|   0|   62|          55|          55|
    |p_Val2_72_fu_751_p2           |     -    |      0|   0|   62|          55|          55|
    |p_Val2_73_fu_757_p2           |     -    |      0|   0|   62|          55|          55|
    |p_Val2_i_fu_829_p2            |     -    |      0|   0|   62|          55|          55|
    |tmp_63_fu_874_p2              |     -    |      0|   0|   62|           1|          55|
    |tmp_65_fu_968_p2              |     -    |      0|   0|   39|           5|          32|
    |tmp_i_79_fu_635_p2            |     -    |      0|   0|   15|           1|           7|
    |tz_V_fu_813_p2                |     -    |      0|   0|   62|          55|          55|
    |sel_tmp1_fu_531_p2            |    and   |      0|   0|    2|           1|           1|
    |sel_tmp3_fu_504_p2            |    and   |      0|   0|    2|           1|           1|
    |sel_tmp5_fu_547_p2            |    and   |      0|   0|    2|           1|           1|
    |sel_tmp8_fu_514_p2            |    and   |      0|   0|    2|           1|           1|
    |sel_tmp_fu_525_p2             |    and   |      0|   0|    2|           1|           1|
    |p_Val2_114_fu_771_p2          |   ashr   |      0|   0|  164|          55|          55|
    |p_Val2_70_fu_741_p2           |   ashr   |      0|   0|  164|          55|          55|
    |p_Val2_71_fu_746_p2           |   ashr   |      0|   0|  164|          55|          55|
    |tmp_134_i_fu_657_p2           |   ashr   |      0|   0|  164|          55|          55|
    |tmp_136_i_fu_677_p2           |   ashr   |      0|   0|  164|          55|          55|
    |tmp_57_fu_473_p2              |   ashr   |      0|   0|  162|          54|          54|
    |tmp_64_fu_905_p3              |   cttz   |      0|  73|   71|          64|           0|
    |exitcond_i_fu_605_p2          |   icmp   |      0|   0|   11|           6|           5|
    |icmp_fu_952_p2                |   icmp   |      0|   0|   18|          26|           1|
    |tmp_139_i_fu_763_p2           |   icmp   |      0|   0|   11|           7|           6|
    |tmp_43_fu_312_p2              |   icmp   |      0|   0|   11|           8|           7|
    |tmp_44_fu_318_p2              |   icmp   |      0|   0|   11|           8|           7|
    |tmp_45_fu_362_p2              |   icmp   |      0|   0|   18|          23|           1|
    |tmp_49_fu_409_p2              |   icmp   |      0|   0|   29|          63|           1|
    |tmp_50_fu_420_p2              |   icmp   |      0|   0|   13|          12|           6|
    |tmp_52_fu_440_p2              |   icmp   |      0|   0|   13|          12|           1|
    |tmp_54_fu_464_p2              |   icmp   |      0|   0|   13|          12|           6|
    |tmp_55_fu_446_p2              |   icmp   |      0|   0|   13|          12|           6|
    |tmp_61_fu_860_p2              |   icmp   |      0|   0|   29|          55|           1|
    |tmp_66_fu_1019_p2             |   icmp   |      0|   0|   11|           8|           8|
    |tmp_fu_300_p2                 |   icmp   |      0|   0|   11|           8|           2|
    |tmp_i_fu_710_p2               |   icmp   |      0|   0|   29|          55|          55|
    |tmp_s_fu_306_p2               |   icmp   |      0|   0|   11|           8|           1|
    |tmp_85_fu_989_p2              |   lshr   |      0|   0|  164|          55|          55|
    |or_cond1_fu_577_p2            |    or    |      0|   0|    2|           1|           1|
    |or_cond2_fu_591_p2            |    or    |      0|   0|    2|           1|           1|
    |or_cond_fu_560_p2             |    or    |      0|   0|    2|           1|           1|
    |sel_tmp22_demorgan_fu_537_p2  |    or    |      0|   0|    2|           1|           1|
    |sel_tmp7_demorgan_fu_452_p2   |    or    |      0|   0|    2|           1|           1|
    |d_V_2_fu_730_p3               |  select  |      0|   0|    2|           1|           1|
    |d_assign_fu_252_p0            |  select  |      0|   0|   32|           1|          32|
    |man_V_2_fu_402_p3             |  select  |      0|   0|   54|           1|          54|
    |msb_idx_1_fu_934_p3           |  select  |      0|   0|   31|           1|           1|
    |newSel1_fu_566_p3             |  select  |      0|   0|   54|           1|          54|
    |newSel2_fu_583_p3             |  select  |      0|   0|   55|           1|          55|
    |newSel_fu_552_p3              |  select  |      0|   0|   55|           1|          55|
    |out_2_fu_1078_p3              |  select  |      0|   0|   32|           1|          32|
    |p_Val2_113_fu_669_p3          |  select  |      0|   0|   55|           1|          55|
    |p_Val2_119_fu_880_p3          |  select  |      0|   0|   55|           1|          55|
    |p_Val2_69_fu_689_p3           |  select  |      0|   0|   55|           1|          55|
    |p_s_fu_368_p3                 |  select  |      0|   0|   31|           1|          30|
    |sh_amt_fu_432_p3              |  select  |      0|   0|   12|           1|          12|
    |sh_assign_2_fu_641_p3         |  select  |      0|   0|    7|           1|           7|
    |storemerge_i_fu_848_p3        |  select  |      0|   0|   55|           1|          55|
    |t_V_1_i_fu_783_p3             |  select  |      0|   0|   55|           1|          55|
    |t_V_fu_597_p3                 |  select  |      0|   0|   55|           1|          55|
    |tmp27_cast_cast_fu_1027_p3    |  select  |      0|   0|    7|           1|           7|
    |tmp32_V_3_fu_998_p3           |  select  |      0|   0|   32|           1|          32|
    |tmp_162_cast_fu_482_p3        |  select  |      0|   0|    2|           1|           2|
    |tz_V_2_fu_855_p3              |  select  |      0|   0|   55|           1|          55|
    |x_V_1_i_fu_841_p3             |  select  |      0|   0|   55|           1|          55|
    |tmp32_V_1_fu_974_p2           |    shl   |      0|   0|   85|          32|          32|
    |tmp_135_i_fu_663_p2           |    shl   |      0|   0|  164|          55|          55|
    |tmp_137_i_fu_683_p2           |    shl   |      0|   0|  164|          55|          55|
    |tmp_60_fu_493_p2              |    shl   |      0|   0|  164|          55|          55|
    |d_V_1_fu_724_p2               |    xor   |      0|   0|    2|           1|           2|
    |inabs_neg_fu_281_p2           |    xor   |      0|   0|   33|          32|          33|
    |out_neg_fu_1068_p2            |    xor   |      0|   0|   33|          32|          33|
    |sel_tmp2_fu_499_p2            |    xor   |      0|   0|    2|           1|           2|
    |sel_tmp4_fu_541_p2            |    xor   |      0|   0|    2|           1|           2|
    |sel_tmp7_fu_509_p2            |    xor   |      0|   0|    2|           1|           2|
    |sel_tmp9_fu_519_p2            |    xor   |      0|   0|    2|           1|           2|
    +------------------------------+----------+-------+----+-----+------------+------------+
    |Total                         |          |      0|  73| 3879|        1634|        2323|
    +------------------------------+----------+-------+----+-----+------------+------------+

    * Multiplexer: 
    +---------------------------------+----+-----------+-----+-----------+
    |               Name              | LUT| Input Size| Bits| Total Bits|
    +---------------------------------+----+-----------+-----+-----------+
    |ap_NS_fsm                        |  85|         17|    1|         17|
    |ap_phi_mux_out_5_phi_fu_229_p14  |   9|          2|   32|         64|
    |ap_return                        |   9|          2|   32|         64|
    |n_i_reg_213                      |   9|          2|    6|         12|
    |out_5_reg_224                    |  27|          5|   32|        160|
    |p_Val2_112_reg_167               |   9|          2|   55|        110|
    |p_Val2_116_reg_191               |   9|          2|   55|        110|
    |p_Val2_66_reg_179                |   9|          2|   55|        110|
    |p_Val2_68_reg_203                |   9|          2|   55|        110|
    +---------------------------------+----+-----------+-----+-----------+
    |Total                            | 175|         36|  323|        757|
    +---------------------------------+----+-----------+-----+-----------+

    * Register: 
    +----------------------------+----+----+-----+-----------+
    |            Name            | FF | LUT| Bits| Const Bits|
    +----------------------------+----+----+-----+-----------+
    |ap_CS_fsm                   |  16|   0|   16|          0|
    |ap_return_preg              |  32|   0|   32|          0|
    |d_V_2_reg_1220              |   1|   0|    1|          0|
    |exp_tmp_V_reg_1126          |  11|   0|   11|          0|
    |icmp_reg_1304               |   1|   0|    1|          0|
    |is_neg_reg_1273             |   1|   0|    1|          0|
    |isneg_reg_1120              |   1|   0|    1|          0|
    |man_V_2_reg_1141            |  54|   0|   54|          0|
    |msb_idx_1_reg_1299          |  31|   0|   31|          0|
    |msb_idx_reg_1294            |  32|   0|   32|          0|
    |n2_reg_1209                 |   6|   0|    7|          1|
    |n_i_reg_213                 |   6|   0|    6|          0|
    |n_reg_1189                  |   6|   0|    6|          0|
    |num_zeros_reg_1289          |  32|   0|   32|          0|
    |out_5_reg_224               |  32|   0|   32|          0|
    |p_Result_62_reg_1284        |  55|   0|   55|          0|
    |p_Result_6_reg_1324         |   8|   0|    8|          0|
    |p_Result_s_reg_1085         |   1|   0|    1|          0|
    |p_Val2_112_reg_167          |  55|   0|   55|          0|
    |p_Val2_113_reg_1195         |  55|   0|   55|          0|
    |p_Val2_116_reg_191          |  55|   0|   55|          0|
    |p_Val2_119_reg_1278         |  55|   0|   55|          0|
    |p_Val2_66_reg_179           |  55|   0|   55|          0|
    |p_Val2_68_reg_203           |  55|   0|   55|          0|
    |p_Val2_69_reg_1202          |  55|   0|   55|          0|
    |p_Val2_72_reg_1227          |  55|   0|   55|          0|
    |p_Val2_73_reg_1233          |  55|   0|   55|          0|
    |sel_tmp7_demorgan_reg_1175  |   1|   0|    1|          0|
    |sh_amt_reg_1159             |  12|   0|   12|          0|
    |t_V_1_i_reg_1239            |  55|   0|   55|          0|
    |tmp32_V_3_reg_1314          |  32|   0|   32|          0|
    |tmp32_V_6_reg_1319          |  32|   0|   32|          0|
    |tmp_43_reg_1103             |   1|   0|    1|          0|
    |tmp_44_reg_1107             |   1|   0|    1|          0|
    |tmp_49_reg_1148             |   1|   0|    1|          0|
    |tmp_50_reg_1153             |   1|   0|    1|          0|
    |tmp_52_reg_1165             |   1|   0|    1|          0|
    |tmp_55_reg_1170             |   1|   0|    1|          0|
    |tmp_61_reg_1269             |   1|   0|    1|          0|
    |tmp_68_reg_1111             |   1|   0|    1|          0|
    |tmp_70_reg_1115             |  63|   0|   63|          0|
    |tmp_73_reg_1131             |  52|   0|   52|          0|
    |tmp_82_reg_1309             |   6|   0|    6|          0|
    |tmp_reg_1095                |   1|   0|    1|          0|
    |tmp_s_reg_1099              |   1|   0|    1|          0|
    |tz_V_1_reg_1249             |  55|   0|   55|          0|
    |tz_V_reg_1244               |  55|   0|   55|          0|
    +----------------------------+----+----+-----+-----------+
    |Total                       |1194|   0| 1195|          1|
    +----------------------------+----+----+-----+-----------+



================================================================
== Interface
================================================================
* Summary: 
+-----------+-----+-----+------------+---------------------+--------------+
| RTL Ports | Dir | Bits|  Protocol  |    Source Object    |    C Type    |
+-----------+-----+-----+------------+---------------------+--------------+
|ap_clk     |  in |    1| ap_ctrl_hs | generic_asin<float> | return value |
|ap_rst     |  in |    1| ap_ctrl_hs | generic_asin<float> | return value |
|ap_start   |  in |    1| ap_ctrl_hs | generic_asin<float> | return value |
|ap_done    | out |    1| ap_ctrl_hs | generic_asin<float> | return value |
|ap_idle    | out |    1| ap_ctrl_hs | generic_asin<float> | return value |
|ap_ready   | out |    1| ap_ctrl_hs | generic_asin<float> | return value |
|ap_return  | out |   32| ap_ctrl_hs | generic_asin<float> | return value |
|in_r       |  in |   32|   ap_none  |         in_r        |    scalar    |
+-----------+-----+-----+------------+---------------------+--------------+

