

================================================================
== Vivado HLS Report for 'acos'
================================================================
* Date:           Sat Sep 21 22:26:09 2019

* Version:        2018.2 (Build 2258646 on Thu Jun 14 20:25:20 MDT 2018)
* Project:        met
* Solution:       solution_test
* Product family: virtexuplus
* Target device:  xcvu9p-flga2104-2l-e


================================================================
== Performance Estimates
================================================================
+ Timing (ns): 
    * Summary: 
    +--------+-------+----------+------------+
    |  Clock | Target| Estimated| Uncertainty|
    +--------+-------+----------+------------+
    |ap_clk  |   5.00|     4.199|        0.62|
    +--------+-------+----------+------------+

+ Latency (clock cycles): 
    * Summary: 
    +-----+-----+-----+-----+----------+
    |  Latency  |  Interval | Pipeline |
    | min | max | min | max |   Type   |
    +-----+-----+-----+-----+----------+
    |    2|    2|    1|    1| function |
    +-----+-----+-----+-----+----------+

    + Detail: 
        * Instance: 
        N/A

        * Loop: 
        N/A



================================================================
== Utilization Estimates
================================================================
* Summary: 
+-----------------+---------+-------+---------+---------+-----+
|       Name      | BRAM_18K| DSP48E|    FF   |   LUT   | URAM|
+-----------------+---------+-------+---------+---------+-----+
|DSP              |        -|      -|        -|        -|    -|
|Expression       |        -|      -|        0|      215|    -|
|FIFO             |        -|      -|        -|        -|    -|
|Instance         |        -|      -|        -|        -|    -|
|Memory           |        1|      -|        0|        0|    -|
|Multiplexer      |        -|      -|        -|        -|    -|
|Register         |        -|      -|       13|        -|    -|
+-----------------+---------+-------+---------+---------+-----+
|Total            |        1|      0|       13|      215|    0|
+-----------------+---------+-------+---------+---------+-----+
|Available        |     4320|   6840|  2364480|  1182240|  960|
+-----------------+---------+-------+---------+---------+-----+
|Utilization (%)  |    ~0   |      0|    ~0   |    ~0   |    0|
+-----------------+---------+-------+---------+---------+-----+

+ Detail: 
    * Instance: 
    N/A

    * DSP48: 
    N/A

    * Memory: 
    +---------------+------------------+---------+---+----+------+-----+------+-------------+
    |     Memory    |      Module      | BRAM_18K| FF| LUT| Words| Bits| Banks| W*Bits*Banks|
    +---------------+------------------+---------+---+----+------+-----+------+-------------+
    |acos_table3_U  |acos_acos_table3  |        1|  0|   0|  1024|    9|     1|         9216|
    +---------------+------------------+---------+---+----+------+-----+------+-------------+
    |Total          |                  |        1|  0|   0|  1024|    9|     1|         9216|
    +---------------+------------------+---------+---+----+------+-----+------+-------------+

    * FIFO: 
    N/A

    * Expression: 
    +---------------------------+----------+-------+---+----+------------+------------+
    |       Variable Name       | Operation| DSP48E| FF| LUT| Bitwidth P0| Bitwidth P1|
    +---------------------------+----------+-------+---+----+------------+------------+
    |r_V_tr_fu_85_p2            |     +    |      0|  0|  26|          14|          19|
    |ret_V_fu_195_p2            |     +    |      0|  0|  25|           1|          18|
    |p_neg_fu_99_p2             |     -    |      0|  0|  26|          15|          19|
    |p_neg_t_fu_123_p2          |     -    |      0|  0|  27|           1|          20|
    |ap_block_pp0_stage0_11001  |    and   |      0|  0|   2|           1|           1|
    |icmp_fu_251_p2             |   icmp   |      0|  0|  11|           7|           1|
    |tmp_s_fu_189_p2            |   icmp   |      0|  0|  13|          13|           1|
    |index_1_fu_257_p3          |  select  |      0|  0|  10|           1|           2|
    |p_1_fu_229_p3              |  select  |      0|  0|  17|           1|           1|
    |p_2_fu_209_p3              |  select  |      0|  0|  18|           1|          18|
    |p_s_fu_201_p3              |  select  |      0|  0|  18|           1|          18|
    |tmp_17_fu_147_p3           |  select  |      0|  0|  20|           1|          20|
    |ap_enable_pp0              |    xor   |      0|  0|   2|           1|           2|
    +---------------------------+----------+-------+---+----+------------+------------+
    |Total                      |          |      0|  0| 215|          58|         140|
    +---------------------------+----------+-------+---+----+------------+------------+

    * Multiplexer: 
    N/A

    * Register: 
    +-------------------------+----+----+-----+-----------+
    |           Name          | FF | LUT| Bits| Const Bits|
    +-------------------------+----+----+-----+-----------+
    |ap_CS_fsm                |   1|   0|    1|          0|
    |ap_enable_reg_pp0_iter1  |   1|   0|    1|          0|
    |ap_enable_reg_pp0_iter2  |   1|   0|    1|          0|
    |index_1_reg_269          |  10|   0|   10|          0|
    +-------------------------+----+----+-----+-----------+
    |Total                    |  13|   0|   13|          0|
    +-------------------------+----+----+-----+-----------+



================================================================
== Interface
================================================================
* Summary: 
+-------------+-----+-----+------------+--------------+--------------+
|  RTL Ports  | Dir | Bits|  Protocol  | Source Object|    C Type    |
+-------------+-----+-----+------------+--------------+--------------+
|ap_clk       |  in |    1| ap_ctrl_hs |     acos     | return value |
|ap_rst       |  in |    1| ap_ctrl_hs |     acos     | return value |
|ap_start     |  in |    1| ap_ctrl_hs |     acos     | return value |
|ap_done      | out |    1| ap_ctrl_hs |     acos     | return value |
|ap_idle      | out |    1| ap_ctrl_hs |     acos     | return value |
|ap_ready     | out |    1| ap_ctrl_hs |     acos     | return value |
|ap_return    | out |    9| ap_ctrl_hs |     acos     | return value |
|data_V_read  |  in |   18|   ap_none  |  data_V_read |    scalar    |
+-------------+-----+-----+------------+--------------+--------------+

