

================================================================
== Vivado HLS Report for 'MET_hw'
================================================================
* Date:           Wed Jul 24 10:59:29 2019

* Version:        2018.2 (Build 2258646 on Thu Jun 14 20:25:20 MDT 2018)
* Project:        met
* Solution:       solution_test
* Product family: virtex7
* Target device:  xc7vx690tffg1927-2


================================================================
== Performance Estimates
================================================================
+ Timing (ns): 
    * Summary: 
    +--------+-------+----------+------------+
    |  Clock | Target| Estimated| Uncertainty|
    +--------+-------+----------+------------+
    |ap_clk  |   5.00|     4.890|        0.62|
    +--------+-------+----------+------------+

+ Latency (clock cycles): 
    * Summary: 
    +-----+-----+-----+-----+----------+
    |  Latency  |  Interval | Pipeline |
    | min | max | min | max |   Type   |
    +-----+-----+-----+-----+----------+
    |  196|  196|    2|    2| function |
    +-----+-----+-----+-----+----------+

    + Detail: 
        * Instance: 
        +-----------------+-------+-----+-----+-----+-----+----------+
        |                 |       |  Latency  |  Interval | Pipeline |
        |     Instance    | Module| min | max | min | max |   Type   |
        +-----------------+-------+-----+-----+-----+-----+----------+
        |grp_Cos_fu_357   |Cos    |   50|   50|    1|    1| function |
        |grp_Cos_fu_375   |Cos    |   50|   50|    1|    1| function |
        |grp_Cos_fu_393   |Cos    |   50|   50|    1|    1| function |
        |grp_Cos_fu_410   |Cos    |   50|   50|    1|    1| function |
        |grp_Cos_fu_427   |Cos    |   50|   50|    1|    1| function |
        |grp_Sin_fu_444   |Sin    |   50|   50|    1|    1| function |
        |grp_Sin_fu_462   |Sin    |   50|   50|    1|    1| function |
        |grp_Sin_fu_480   |Sin    |   50|   50|    1|    1| function |
        |grp_Sin_fu_497   |Sin    |   50|   50|    1|    1| function |
        |grp_Sin_fu_514   |Sin    |   50|   50|    1|    1| function |
        |grp_acos_fu_531  |acos   |   18|   18|    1|    1| function |
        +-----------------+-------+-----+-----+-----+-----+----------+

        * Loop: 
        N/A



================================================================
== Utilization Estimates
================================================================
* Summary: 
+-----------------+---------+-------+--------+--------+
|       Name      | BRAM_18K| DSP48E|   FF   |   LUT  |
+-----------------+---------+-------+--------+--------+
|DSP              |        -|     20|       -|       -|
|Expression       |        -|      2|      40|    1960|
|FIFO             |        -|      -|       -|       -|
|Instance         |      202|    981|   87244|   87013|
|Memory           |        -|      -|       -|       -|
|Multiplexer      |        -|      -|       -|     258|
|Register         |        0|      -|    9479|     736|
+-----------------+---------+-------+--------+--------+
|Total            |      202|   1003|   96763|   89967|
+-----------------+---------+-------+--------+--------+
|Available        |     2940|   3600|  866400|  433200|
+-----------------+---------+-------+--------+--------+
|Utilization (%)  |        6|     27|      11|      20|
+-----------------+---------+-------+--------+--------+

+ Detail: 
    * Instance: 
    +--------------------------+----------------------+---------+-------+------+------+
    |         Instance         |        Module        | BRAM_18K| DSP48E|  FF  |  LUT |
    +--------------------------+----------------------+---------+-------+------+------+
    |grp_Cos_fu_357            |Cos                   |       20|     97|  8050|  8149|
    |grp_Cos_fu_375            |Cos                   |       20|     97|  8050|  8149|
    |grp_Cos_fu_393            |Cos                   |       20|     97|  8050|  8149|
    |grp_Cos_fu_410            |Cos                   |       20|     97|  8050|  8149|
    |grp_Cos_fu_427            |Cos                   |       20|     97|  8050|  8149|
    |MET_hw_dsqrt_64nswdI_U50  |MET_hw_dsqrt_64nswdI  |        0|      0|  3289|  2020|
    |MET_hw_fmul_32ns_sc4_U46  |MET_hw_fmul_32ns_sc4  |        0|      3|   143|   139|
    |MET_hw_fpext_32nsudo_U48  |MET_hw_fpext_32nsudo  |        0|      0|   100|   138|
    |MET_hw_sdiv_28ns_xdS_U51  |MET_hw_sdiv_28ns_xdS  |        0|      0|  1800|  1359|
    |MET_hw_sitodp_64svdy_U49  |MET_hw_sitodp_64svdy  |        0|      0|   412|   461|
    |MET_hw_uitofp_32ntde_U47  |MET_hw_uitofp_32ntde  |        0|      0|   229|   365|
    |grp_Sin_fu_444            |Sin                   |       20|     97|  8050|  8149|
    |grp_Sin_fu_462            |Sin                   |       20|     97|  8050|  8149|
    |grp_Sin_fu_480            |Sin                   |       20|     97|  8050|  8149|
    |grp_Sin_fu_497            |Sin                   |       20|     97|  8050|  8149|
    |grp_Sin_fu_514            |Sin                   |       20|     97|  8050|  8149|
    |grp_acos_fu_531           |acos                  |        2|      8|   771|  1041|
    +--------------------------+----------------------+---------+-------+------+------+
    |Total                     |                      |      202|    981| 87244| 87013|
    +--------------------------+----------------------+---------+-------+------+------+

    * DSP48: 
    +--------------------------+----------------------+--------------+
    |         Instance         |        Module        |  Expression  |
    +--------------------------+----------------------+--------------+
    |MET_hw_mac_mulsubyd2_U52  |MET_hw_mac_mulsubyd2  | i0 - i1 * i2 |
    |MET_hw_mac_mulsubyd2_U53  |MET_hw_mac_mulsubyd2  | i0 - i1 * i2 |
    |MET_hw_mac_mulsubzec_U54  |MET_hw_mac_mulsubzec  | i0 - i1 * i2 |
    |MET_hw_mac_mulsubzec_U55  |MET_hw_mac_mulsubzec  | i0 - i1 * i2 |
    |MET_hw_mac_mulsubzec_U56  |MET_hw_mac_mulsubzec  | i0 - i1 * i2 |
    |MET_hw_mac_mulsubzec_U57  |MET_hw_mac_mulsubzec  | i0 - i1 * i2 |
    |MET_hw_mac_mulsubzec_U58  |MET_hw_mac_mulsubzec  | i0 - i1 * i2 |
    |MET_hw_mac_mulsubzec_U59  |MET_hw_mac_mulsubzec  | i0 - i1 * i2 |
    |MET_hw_mac_mulsubzec_U60  |MET_hw_mac_mulsubzec  | i0 - i1 * i2 |
    |MET_hw_mac_mulsubzec_U61  |MET_hw_mac_mulsubzec  | i0 - i1 * i2 |
    |MET_hw_mac_mulsubzec_U62  |MET_hw_mac_mulsubzec  | i0 - i1 * i2 |
    |MET_hw_mac_mulsubzec_U63  |MET_hw_mac_mulsubzec  | i0 - i1 * i2 |
    |MET_hw_mac_mulsubzec_U64  |MET_hw_mac_mulsubzec  | i0 - i1 * i2 |
    |MET_hw_mac_mulsubzec_U65  |MET_hw_mac_mulsubzec  | i0 - i1 * i2 |
    |MET_hw_mac_mulsubzec_U66  |MET_hw_mac_mulsubzec  | i0 - i1 * i2 |
    |MET_hw_mac_mulsubzec_U67  |MET_hw_mac_mulsubzec  | i0 - i1 * i2 |
    |MET_hw_mac_mulsubzec_U68  |MET_hw_mac_mulsubzec  | i0 - i1 * i2 |
    |MET_hw_mac_mulsubzec_U69  |MET_hw_mac_mulsubzec  | i0 - i1 * i2 |
    |MET_hw_mac_mulsubzec_U70  |MET_hw_mac_mulsubzec  | i0 - i1 * i2 |
    |MET_hw_mac_mulsubzec_U71  |MET_hw_mac_mulsubzec  | i0 - i1 * i2 |
    +--------------------------+----------------------+--------------+

    * Memory: 
    N/A

    * FIFO: 
    N/A

    * Expression: 
    +--------------------------------------------+----------+-------+----+-----+------------+------------+
    |                Variable Name               | Operation| DSP48E| FF | LUT | Bitwidth P0| Bitwidth P1|
    +--------------------------------------------+----------+-------+----+-----+------------+------------+
    |p_Val2_3_fu_687_p2                          |     *    |      1|   0|   40|          24|          24|
    |p_Val2_4_fu_696_p2                          |     *    |      1|   0|   40|          24|          24|
    |exp_V_2_fu_737_p2                           |     +    |      0|   0|   18|           6|          11|
    |p_Repl2_11_trunc_fu_1221_p2                 |     +    |      0|   0|   15|           8|           8|
    |tmp_13_i_fu_708_p2                          |     +    |      0|   0|   56|          49|          49|
    |tmp_21_i_fu_841_p2                          |     +    |      0|   0|   19|           4|          12|
    |tmp_63_fu_1344_p2                           |     +    |      0|   0|   19|           4|          12|
    |tmp_78_fu_1163_p2                           |     +    |      0|   0|   15|           1|           5|
    |F2_1_fu_806_p2                              |     -    |      0|   0|   19|          11|          12|
    |F2_fu_1332_p2                               |     -    |      0|   0|   19|          11|          12|
    |man_V_3_fu_823_p2                           |     -    |      0|   0|   61|           1|          54|
    |man_V_5_fu_1314_p2                          |     -    |      0|   0|   61|           1|          54|
    |msb_idx_fu_1096_p2                          |     -    |      0|   0|   39|           5|          32|
    |tmp_22_i_fu_846_p2                          |     -    |      0|   0|   19|           3|          12|
    |tmp_54_fu_1059_p2                           |     -    |      0|   0|   36|           1|          29|
    |tmp_55_fu_1147_p2                           |     -    |      0|   0|   39|           5|          32|
    |tmp_64_fu_1350_p2                           |     -    |      0|   0|   19|           3|          12|
    |ap_block_pp0_stage0_01001                   |    and   |      0|   0|    2|           1|           1|
    |ap_condition_1329                           |    and   |      0|   0|    2|           1|           1|
    |ap_predicate_op1506_call_state170_state169  |    and   |      0|   0|    2|           1|           1|
    |ap_predicate_op1507_call_state170_state169  |    and   |      0|   0|    2|           1|           1|
    |sel_tmp15_i_fu_995_p2                       |    and   |      0|   0|    2|           1|           1|
    |sel_tmp22_i_fu_965_p2                       |    and   |      0|   0|    2|           1|           1|
    |sel_tmp2_fu_1436_p2                         |    and   |      0|   0|    2|           1|           1|
    |sel_tmp2_i_fu_902_p2                        |    and   |      0|   0|    2|           1|           1|
    |sel_tmp3_fu_1485_p2                         |    and   |      0|   0|    2|           1|           1|
    |sel_tmp7_fu_1451_p2                         |    and   |      0|   0|    2|           1|           1|
    |sel_tmp7_i_fu_927_p2                        |    and   |      0|   0|    2|           1|           1|
    |sel_tmp9_fu_1462_p2                         |    and   |      0|   0|    2|           1|           1|
    |sel_tmp9_i_fu_939_p2                        |    and   |      0|   0|    2|           1|           1|
    |sel_tmp_fu_1468_p2                          |    and   |      0|   0|    2|           1|           1|
    |tmp_29_i_fu_981_p2                          |   ashr   |      0|   0|  162|          54|          54|
    |tmp_69_fu_1402_p2                           |   ashr   |      0|   0|  162|          54|          54|
    |num_zeros_fu_1088_p3                        |   cttz   |      0|  40|   36|          32|           0|
    |icmp1_fu_1384_p2                            |   icmp   |      0|   0|   11|           8|           1|
    |icmp5_fu_1138_p2                            |   icmp   |      0|   0|   18|          26|           1|
    |icmp_fu_884_p2                              |   icmp   |      0|   0|   11|           8|           1|
    |tmp_14_i_fu_714_p2                          |   icmp   |      0|   0|   24|          49|           1|
    |tmp_18_i_fu_800_p2                          |   icmp   |      0|   0|   29|          63|           1|
    |tmp_20_i_fu_836_p2                          |   icmp   |      0|   0|   13|          12|           3|
    |tmp_23_i_fu_859_p2                          |   icmp   |      0|   0|   13|          12|           3|
    |tmp_25_i_fu_868_p2                          |   icmp   |      0|   0|   13|          12|           6|
    |tmp_51_fu_1045_p2                           |   icmp   |      0|   0|   18|          28|           1|
    |tmp_57_fu_1204_p2                           |   icmp   |      0|   0|   11|           8|           8|
    |tmp_61_fu_1327_p2                           |   icmp   |      0|   0|   29|          63|           1|
    |tmp_62_fu_1338_p2                           |   icmp   |      0|   0|   13|          12|           3|
    |tmp_65_fu_1364_p2                           |   icmp   |      0|   0|   13|          12|           3|
    |tmp_66_fu_1393_p2                           |   icmp   |      0|   0|   13|          12|           6|
    |tmp_fu_1013_p2                              |   icmp   |      0|   0|   13|          16|           1|
    |p_Result_s_fu_1173_p2                       |   lshr   |      0|   0|   74|          29|          29|
    |or_cond4_fu_1511_p2                         |    or    |      0|   0|    2|           1|           1|
    |or_cond5_fu_1525_p2                         |    or    |      0|   0|    2|           1|           1|
    |or_cond_fu_1498_p2                          |    or    |      0|   0|    2|           1|           1|
    |sel_tmp21_demorgan_fu_1474_p2               |    or    |      0|   0|    2|           1|           1|
    |sel_tmp21_demorgan_i_fu_953_p2              |    or    |      0|   0|    2|           1|           1|
    |sel_tmp6_demorgan_fu_1441_p2                |    or    |      0|   0|    2|           1|           1|
    |sel_tmp6_demorgan_i_fu_916_p2               |    or    |      0|   0|    2|           1|           1|
    |Out_res_fu_759_p3                           |  select  |      0|   0|   64|           1|           1|
    |grp_acos_fu_531_data_read                   |  select  |      0|   0|   32|           1|           1|
    |man_V_4_fu_829_p3                           |  select  |      0|   0|   54|           1|          54|
    |man_V_6_fu_1320_p3                          |  select  |      0|   0|   54|           1|          54|
    |missPhi_hw_V                                |  select  |      0|   0|   16|           1|          16|
    |msb_idx_1_fu_1118_p3                        |  select  |      0|   0|   31|           1|           1|
    |newSel1_fu_1517_p3                          |  select  |      0|   0|   16|           1|          16|
    |newSel9_fu_1504_p3                          |  select  |      0|   0|   16|           1|          16|
    |newSel_fu_1490_p3                           |  select  |      0|   0|   16|           1|          16|
    |p_085_s_fu_1411_p3                          |  select  |      0|   0|    2|           1|           2|
    |p_Val2_43_fu_1065_p3                        |  select  |      0|   0|   29|           1|          29|
    |pt_V_fu_1006_p3                             |  select  |      0|   0|   16|           1|          16|
    |sel_tmp10_i_fu_945_p3                       |  select  |      0|   0|   16|           1|          16|
    |sel_tmp16_i_fu_999_p3                       |  select  |      0|   0|   16|           1|          16|
    |sel_tmp3_i_fu_908_p3                        |  select  |      0|   0|   16|           1|          16|
    |sh_amt_1_fu_851_p3                          |  select  |      0|   0|   12|           1|          12|
    |sh_amt_fu_1356_p3                           |  select  |      0|   0|   12|           1|          12|
    |tmp32_V_3_fu_1182_p3                        |  select  |      0|   0|   32|           1|          32|
    |tmp_31_i_fu_890_p3                          |  select  |      0|   0|    2|           1|           2|
    |tmp32_V_1_fu_1153_p2                        |    shl   |      0|   0|   85|          32|          32|
    |tmp_33_i_fu_990_p2                          |    shl   |      0|   0|   35|          16|          16|
    |tmp_71_fu_1421_p2                           |    shl   |      0|   0|   85|          32|          32|
    |ap_enable_pp0                               |    xor   |      0|   0|    2|           1|           2|
    |res_phi_1_neg_fu_1260_p2                    |    xor   |      0|   0|   33|          32|          33|
    |sel_tmp1_fu_1431_p2                         |    xor   |      0|   0|    2|           1|           2|
    |sel_tmp1_i_fu_897_p2                        |    xor   |      0|   0|    2|           1|           2|
    |sel_tmp21_i_fu_959_p2                       |    xor   |      0|   0|    2|           1|           2|
    |sel_tmp5_fu_1479_p2                         |    xor   |      0|   0|    2|           1|           2|
    |sel_tmp6_fu_1445_p2                         |    xor   |      0|   0|    2|           1|           2|
    |sel_tmp6_i_fu_921_p2                        |    xor   |      0|   0|    2|           1|           2|
    |sel_tmp8_fu_1456_p2                         |    xor   |      0|   0|    2|           1|           2|
    |sel_tmp8_i_fu_933_p2                        |    xor   |      0|   0|    2|           1|           2|
    +--------------------------------------------+----------+-------+----+-----+------------+------------+
    |Total                                       |          |      2|  40| 1960|         832|        1051|
    +--------------------------------------------+----------+-------+----+-----+------------+------------+

    * Multiplexer: 
    +-----------------------------------------+----+-----------+-----+-----------+
    |                   Name                  | LUT| Input Size| Bits| Total Bits|
    +-----------------------------------------+----+-----------+-----+-----------+
    |ap_NS_fsm                                |  15|          3|    1|          3|
    |ap_enable_reg_pp0_iter0                  |   9|          2|    1|          2|
    |ap_enable_reg_pp0_iter98                 |   9|          2|    1|          2|
    |ap_phi_reg_pp0_iter65_res_phi_2_reg_342  |   9|          2|   32|         64|
    |ap_phi_reg_pp0_iter94_res_phi2_reg_330   |  15|          3|   32|         96|
    |ap_phi_reg_pp0_iter94_res_phi_2_reg_342  |  15|          3|   32|         96|
    |grp_Cos_fu_357_Inp_V_read                |  15|          3|   10|         30|
    |grp_Cos_fu_357_ap_start                  |   9|          2|    1|          2|
    |grp_Cos_fu_375_Inp_V_read                |  15|          3|   10|         30|
    |grp_Cos_fu_375_ap_start                  |   9|          2|    1|          2|
    |grp_Cos_fu_393_Inp_V_read                |  15|          3|   10|         30|
    |grp_Cos_fu_410_Inp_V_read                |  15|          3|   10|         30|
    |grp_Cos_fu_427_Inp_V_read                |  15|          3|   10|         30|
    |grp_Sin_fu_444_Inp_V_read                |  15|          3|   10|         30|
    |grp_Sin_fu_444_ap_start                  |   9|          2|    1|          2|
    |grp_Sin_fu_462_Inp_V_read                |  15|          3|   10|         30|
    |grp_Sin_fu_462_ap_start                  |   9|          2|    1|          2|
    |grp_Sin_fu_480_Inp_V_read                |  15|          3|   10|         30|
    |grp_Sin_fu_497_Inp_V_read                |  15|          3|   10|         30|
    |grp_Sin_fu_514_Inp_V_read                |  15|          3|   10|         30|
    +-----------------------------------------+----+-----------+-----+-----------+
    |Total                                    | 258|         53|  203|        571|
    +-----------------------------------------+----+-----------+-----+-----------+

    * Register: 
    +-------------------------------------------+----+----+-----+-----------+
    |                    Name                   | FF | LUT| Bits| Const Bits|
    +-------------------------------------------+----+----+-----+-----------+
    |F2_1_reg_1974                              |  12|   0|   12|          0|
    |Inp1_V_read_assign_reg_1910                |  24|   0|   24|          0|
    |Inp2_V_read_assign_reg_1916                |  24|   0|   24|          0|
    |Out_res_reg_1952                           |  64|   0|   64|          0|
    |allPT_hw_0_V_read_reg_1682                 |  16|   0|   16|          0|
    |allPT_hw_1_V_read_reg_1687                 |  16|   0|   16|          0|
    |allPT_hw_2_V_read_reg_1698                 |  16|   0|   16|          0|
    |allPT_hw_3_V_read_reg_1709                 |  16|   0|   16|          0|
    |allPT_hw_4_V_read_reg_1720                 |  16|   0|   16|          0|
    |allPT_hw_5_V_read_reg_1731                 |  16|   0|   16|          0|
    |allPT_hw_6_V_read_reg_1742                 |  16|   0|   16|          0|
    |allPT_hw_7_V_read_reg_1753                 |  16|   0|   16|          0|
    |allPT_hw_8_V_read_reg_1764                 |  16|   0|   16|          0|
    |allPT_hw_9_V_read_reg_1775                 |  16|   0|   16|          0|
    |allPhi_hw_2_V_read_reg_1692                |  10|   0|   10|          0|
    |allPhi_hw_3_V_read_reg_1703                |  10|   0|   10|          0|
    |allPhi_hw_4_V_read_reg_1714                |  10|   0|   10|          0|
    |allPhi_hw_4_V_read_reg_1714_pp0_iter1_reg  |  10|   0|   10|          0|
    |allPhi_hw_5_V_read_reg_1725                |  10|   0|   10|          0|
    |allPhi_hw_5_V_read_reg_1725_pp0_iter1_reg  |  10|   0|   10|          0|
    |allPhi_hw_6_V_read_reg_1736                |  10|   0|   10|          0|
    |allPhi_hw_6_V_read_reg_1736_pp0_iter1_reg  |  10|   0|   10|          0|
    |allPhi_hw_7_V_read_reg_1747                |  10|   0|   10|          0|
    |allPhi_hw_8_V_read_reg_1758                |  10|   0|   10|          0|
    |allPhi_hw_9_V_read_reg_1769                |  10|   0|   10|          0|
    |ap_CS_fsm                                  |   2|   0|    2|          0|
    |ap_enable_reg_pp0_iter0_reg                |   1|   0|    1|          0|
    |ap_enable_reg_pp0_iter1                    |   1|   0|    1|          0|
    |ap_enable_reg_pp0_iter10                   |   1|   0|    1|          0|
    |ap_enable_reg_pp0_iter11                   |   1|   0|    1|          0|
    |ap_enable_reg_pp0_iter12                   |   1|   0|    1|          0|
    |ap_enable_reg_pp0_iter13                   |   1|   0|    1|          0|
    |ap_enable_reg_pp0_iter14                   |   1|   0|    1|          0|
    |ap_enable_reg_pp0_iter15                   |   1|   0|    1|          0|
    |ap_enable_reg_pp0_iter16                   |   1|   0|    1|          0|
    |ap_enable_reg_pp0_iter17                   |   1|   0|    1|          0|
    |ap_enable_reg_pp0_iter18                   |   1|   0|    1|          0|
    |ap_enable_reg_pp0_iter19                   |   1|   0|    1|          0|
    |ap_enable_reg_pp0_iter2                    |   1|   0|    1|          0|
    |ap_enable_reg_pp0_iter20                   |   1|   0|    1|          0|
    |ap_enable_reg_pp0_iter21                   |   1|   0|    1|          0|
    |ap_enable_reg_pp0_iter22                   |   1|   0|    1|          0|
    |ap_enable_reg_pp0_iter23                   |   1|   0|    1|          0|
    |ap_enable_reg_pp0_iter24                   |   1|   0|    1|          0|
    |ap_enable_reg_pp0_iter25                   |   1|   0|    1|          0|
    |ap_enable_reg_pp0_iter26                   |   1|   0|    1|          0|
    |ap_enable_reg_pp0_iter27                   |   1|   0|    1|          0|
    |ap_enable_reg_pp0_iter28                   |   1|   0|    1|          0|
    |ap_enable_reg_pp0_iter29                   |   1|   0|    1|          0|
    |ap_enable_reg_pp0_iter3                    |   1|   0|    1|          0|
    |ap_enable_reg_pp0_iter30                   |   1|   0|    1|          0|
    |ap_enable_reg_pp0_iter31                   |   1|   0|    1|          0|
    |ap_enable_reg_pp0_iter32                   |   1|   0|    1|          0|
    |ap_enable_reg_pp0_iter33                   |   1|   0|    1|          0|
    |ap_enable_reg_pp0_iter34                   |   1|   0|    1|          0|
    |ap_enable_reg_pp0_iter35                   |   1|   0|    1|          0|
    |ap_enable_reg_pp0_iter36                   |   1|   0|    1|          0|
    |ap_enable_reg_pp0_iter37                   |   1|   0|    1|          0|
    |ap_enable_reg_pp0_iter38                   |   1|   0|    1|          0|
    |ap_enable_reg_pp0_iter39                   |   1|   0|    1|          0|
    |ap_enable_reg_pp0_iter4                    |   1|   0|    1|          0|
    |ap_enable_reg_pp0_iter40                   |   1|   0|    1|          0|
    |ap_enable_reg_pp0_iter41                   |   1|   0|    1|          0|
    |ap_enable_reg_pp0_iter42                   |   1|   0|    1|          0|
    |ap_enable_reg_pp0_iter43                   |   1|   0|    1|          0|
    |ap_enable_reg_pp0_iter44                   |   1|   0|    1|          0|
    |ap_enable_reg_pp0_iter45                   |   1|   0|    1|          0|
    |ap_enable_reg_pp0_iter46                   |   1|   0|    1|          0|
    |ap_enable_reg_pp0_iter47                   |   1|   0|    1|          0|
    |ap_enable_reg_pp0_iter48                   |   1|   0|    1|          0|
    |ap_enable_reg_pp0_iter49                   |   1|   0|    1|          0|
    |ap_enable_reg_pp0_iter5                    |   1|   0|    1|          0|
    |ap_enable_reg_pp0_iter50                   |   1|   0|    1|          0|
    |ap_enable_reg_pp0_iter51                   |   1|   0|    1|          0|
    |ap_enable_reg_pp0_iter52                   |   1|   0|    1|          0|
    |ap_enable_reg_pp0_iter53                   |   1|   0|    1|          0|
    |ap_enable_reg_pp0_iter54                   |   1|   0|    1|          0|
    |ap_enable_reg_pp0_iter55                   |   1|   0|    1|          0|
    |ap_enable_reg_pp0_iter56                   |   1|   0|    1|          0|
    |ap_enable_reg_pp0_iter57                   |   1|   0|    1|          0|
    |ap_enable_reg_pp0_iter58                   |   1|   0|    1|          0|
    |ap_enable_reg_pp0_iter59                   |   1|   0|    1|          0|
    |ap_enable_reg_pp0_iter6                    |   1|   0|    1|          0|
    |ap_enable_reg_pp0_iter60                   |   1|   0|    1|          0|
    |ap_enable_reg_pp0_iter61                   |   1|   0|    1|          0|
    |ap_enable_reg_pp0_iter62                   |   1|   0|    1|          0|
    |ap_enable_reg_pp0_iter63                   |   1|   0|    1|          0|
    |ap_enable_reg_pp0_iter64                   |   1|   0|    1|          0|
    |ap_enable_reg_pp0_iter65                   |   1|   0|    1|          0|
    |ap_enable_reg_pp0_iter66                   |   1|   0|    1|          0|
    |ap_enable_reg_pp0_iter67                   |   1|   0|    1|          0|
    |ap_enable_reg_pp0_iter68                   |   1|   0|    1|          0|
    |ap_enable_reg_pp0_iter69                   |   1|   0|    1|          0|
    |ap_enable_reg_pp0_iter7                    |   1|   0|    1|          0|
    |ap_enable_reg_pp0_iter70                   |   1|   0|    1|          0|
    |ap_enable_reg_pp0_iter71                   |   1|   0|    1|          0|
    |ap_enable_reg_pp0_iter72                   |   1|   0|    1|          0|
    |ap_enable_reg_pp0_iter73                   |   1|   0|    1|          0|
    |ap_enable_reg_pp0_iter74                   |   1|   0|    1|          0|
    |ap_enable_reg_pp0_iter75                   |   1|   0|    1|          0|
    |ap_enable_reg_pp0_iter76                   |   1|   0|    1|          0|
    |ap_enable_reg_pp0_iter77                   |   1|   0|    1|          0|
    |ap_enable_reg_pp0_iter78                   |   1|   0|    1|          0|
    |ap_enable_reg_pp0_iter79                   |   1|   0|    1|          0|
    |ap_enable_reg_pp0_iter8                    |   1|   0|    1|          0|
    |ap_enable_reg_pp0_iter80                   |   1|   0|    1|          0|
    |ap_enable_reg_pp0_iter81                   |   1|   0|    1|          0|
    |ap_enable_reg_pp0_iter82                   |   1|   0|    1|          0|
    |ap_enable_reg_pp0_iter83                   |   1|   0|    1|          0|
    |ap_enable_reg_pp0_iter84                   |   1|   0|    1|          0|
    |ap_enable_reg_pp0_iter85                   |   1|   0|    1|          0|
    |ap_enable_reg_pp0_iter86                   |   1|   0|    1|          0|
    |ap_enable_reg_pp0_iter87                   |   1|   0|    1|          0|
    |ap_enable_reg_pp0_iter88                   |   1|   0|    1|          0|
    |ap_enable_reg_pp0_iter89                   |   1|   0|    1|          0|
    |ap_enable_reg_pp0_iter9                    |   1|   0|    1|          0|
    |ap_enable_reg_pp0_iter90                   |   1|   0|    1|          0|
    |ap_enable_reg_pp0_iter91                   |   1|   0|    1|          0|
    |ap_enable_reg_pp0_iter92                   |   1|   0|    1|          0|
    |ap_enable_reg_pp0_iter93                   |   1|   0|    1|          0|
    |ap_enable_reg_pp0_iter94                   |   1|   0|    1|          0|
    |ap_enable_reg_pp0_iter95                   |   1|   0|    1|          0|
    |ap_enable_reg_pp0_iter96                   |   1|   0|    1|          0|
    |ap_enable_reg_pp0_iter97                   |   1|   0|    1|          0|
    |ap_enable_reg_pp0_iter98                   |   1|   0|    1|          0|
    |ap_phi_reg_pp0_iter10_res_phi2_reg_330     |  32|   0|   32|          0|
    |ap_phi_reg_pp0_iter10_res_phi_2_reg_342    |  32|   0|   32|          0|
    |ap_phi_reg_pp0_iter11_res_phi2_reg_330     |  32|   0|   32|          0|
    |ap_phi_reg_pp0_iter11_res_phi_2_reg_342    |  32|   0|   32|          0|
    |ap_phi_reg_pp0_iter12_res_phi2_reg_330     |  32|   0|   32|          0|
    |ap_phi_reg_pp0_iter12_res_phi_2_reg_342    |  32|   0|   32|          0|
    |ap_phi_reg_pp0_iter13_res_phi2_reg_330     |  32|   0|   32|          0|
    |ap_phi_reg_pp0_iter13_res_phi_2_reg_342    |  32|   0|   32|          0|
    |ap_phi_reg_pp0_iter14_res_phi2_reg_330     |  32|   0|   32|          0|
    |ap_phi_reg_pp0_iter14_res_phi_2_reg_342    |  32|   0|   32|          0|
    |ap_phi_reg_pp0_iter15_res_phi2_reg_330     |  32|   0|   32|          0|
    |ap_phi_reg_pp0_iter15_res_phi_2_reg_342    |  32|   0|   32|          0|
    |ap_phi_reg_pp0_iter16_res_phi2_reg_330     |  32|   0|   32|          0|
    |ap_phi_reg_pp0_iter16_res_phi_2_reg_342    |  32|   0|   32|          0|
    |ap_phi_reg_pp0_iter17_res_phi2_reg_330     |  32|   0|   32|          0|
    |ap_phi_reg_pp0_iter17_res_phi_2_reg_342    |  32|   0|   32|          0|
    |ap_phi_reg_pp0_iter18_res_phi2_reg_330     |  32|   0|   32|          0|
    |ap_phi_reg_pp0_iter18_res_phi_2_reg_342    |  32|   0|   32|          0|
    |ap_phi_reg_pp0_iter19_res_phi2_reg_330     |  32|   0|   32|          0|
    |ap_phi_reg_pp0_iter19_res_phi_2_reg_342    |  32|   0|   32|          0|
    |ap_phi_reg_pp0_iter1_res_phi2_reg_330      |  32|   0|   32|          0|
    |ap_phi_reg_pp0_iter1_res_phi_2_reg_342     |  32|   0|   32|          0|
    |ap_phi_reg_pp0_iter20_res_phi2_reg_330     |  32|   0|   32|          0|
    |ap_phi_reg_pp0_iter20_res_phi_2_reg_342    |  32|   0|   32|          0|
    |ap_phi_reg_pp0_iter21_res_phi2_reg_330     |  32|   0|   32|          0|
    |ap_phi_reg_pp0_iter21_res_phi_2_reg_342    |  32|   0|   32|          0|
    |ap_phi_reg_pp0_iter22_res_phi2_reg_330     |  32|   0|   32|          0|
    |ap_phi_reg_pp0_iter22_res_phi_2_reg_342    |  32|   0|   32|          0|
    |ap_phi_reg_pp0_iter23_res_phi2_reg_330     |  32|   0|   32|          0|
    |ap_phi_reg_pp0_iter23_res_phi_2_reg_342    |  32|   0|   32|          0|
    |ap_phi_reg_pp0_iter24_res_phi2_reg_330     |  32|   0|   32|          0|
    |ap_phi_reg_pp0_iter24_res_phi_2_reg_342    |  32|   0|   32|          0|
    |ap_phi_reg_pp0_iter25_res_phi2_reg_330     |  32|   0|   32|          0|
    |ap_phi_reg_pp0_iter25_res_phi_2_reg_342    |  32|   0|   32|          0|
    |ap_phi_reg_pp0_iter26_res_phi2_reg_330     |  32|   0|   32|          0|
    |ap_phi_reg_pp0_iter26_res_phi_2_reg_342    |  32|   0|   32|          0|
    |ap_phi_reg_pp0_iter27_res_phi2_reg_330     |  32|   0|   32|          0|
    |ap_phi_reg_pp0_iter27_res_phi_2_reg_342    |  32|   0|   32|          0|
    |ap_phi_reg_pp0_iter28_res_phi2_reg_330     |  32|   0|   32|          0|
    |ap_phi_reg_pp0_iter28_res_phi_2_reg_342    |  32|   0|   32|          0|
    |ap_phi_reg_pp0_iter29_res_phi2_reg_330     |  32|   0|   32|          0|
    |ap_phi_reg_pp0_iter29_res_phi_2_reg_342    |  32|   0|   32|          0|
    |ap_phi_reg_pp0_iter2_res_phi2_reg_330      |  32|   0|   32|          0|
    |ap_phi_reg_pp0_iter2_res_phi_2_reg_342     |  32|   0|   32|          0|
    |ap_phi_reg_pp0_iter30_res_phi2_reg_330     |  32|   0|   32|          0|
    |ap_phi_reg_pp0_iter30_res_phi_2_reg_342    |  32|   0|   32|          0|
    |ap_phi_reg_pp0_iter31_res_phi2_reg_330     |  32|   0|   32|          0|
    |ap_phi_reg_pp0_iter31_res_phi_2_reg_342    |  32|   0|   32|          0|
    |ap_phi_reg_pp0_iter32_res_phi2_reg_330     |  32|   0|   32|          0|
    |ap_phi_reg_pp0_iter32_res_phi_2_reg_342    |  32|   0|   32|          0|
    |ap_phi_reg_pp0_iter33_res_phi2_reg_330     |  32|   0|   32|          0|
    |ap_phi_reg_pp0_iter33_res_phi_2_reg_342    |  32|   0|   32|          0|
    |ap_phi_reg_pp0_iter34_res_phi2_reg_330     |  32|   0|   32|          0|
    |ap_phi_reg_pp0_iter34_res_phi_2_reg_342    |  32|   0|   32|          0|
    |ap_phi_reg_pp0_iter35_res_phi2_reg_330     |  32|   0|   32|          0|
    |ap_phi_reg_pp0_iter35_res_phi_2_reg_342    |  32|   0|   32|          0|
    |ap_phi_reg_pp0_iter36_res_phi2_reg_330     |  32|   0|   32|          0|
    |ap_phi_reg_pp0_iter36_res_phi_2_reg_342    |  32|   0|   32|          0|
    |ap_phi_reg_pp0_iter37_res_phi2_reg_330     |  32|   0|   32|          0|
    |ap_phi_reg_pp0_iter37_res_phi_2_reg_342    |  32|   0|   32|          0|
    |ap_phi_reg_pp0_iter38_res_phi2_reg_330     |  32|   0|   32|          0|
    |ap_phi_reg_pp0_iter38_res_phi_2_reg_342    |  32|   0|   32|          0|
    |ap_phi_reg_pp0_iter39_res_phi2_reg_330     |  32|   0|   32|          0|
    |ap_phi_reg_pp0_iter39_res_phi_2_reg_342    |  32|   0|   32|          0|
    |ap_phi_reg_pp0_iter3_res_phi2_reg_330      |  32|   0|   32|          0|
    |ap_phi_reg_pp0_iter3_res_phi_2_reg_342     |  32|   0|   32|          0|
    |ap_phi_reg_pp0_iter40_res_phi2_reg_330     |  32|   0|   32|          0|
    |ap_phi_reg_pp0_iter40_res_phi_2_reg_342    |  32|   0|   32|          0|
    |ap_phi_reg_pp0_iter41_res_phi2_reg_330     |  32|   0|   32|          0|
    |ap_phi_reg_pp0_iter41_res_phi_2_reg_342    |  32|   0|   32|          0|
    |ap_phi_reg_pp0_iter42_res_phi2_reg_330     |  32|   0|   32|          0|
    |ap_phi_reg_pp0_iter42_res_phi_2_reg_342    |  32|   0|   32|          0|
    |ap_phi_reg_pp0_iter43_res_phi2_reg_330     |  32|   0|   32|          0|
    |ap_phi_reg_pp0_iter43_res_phi_2_reg_342    |  32|   0|   32|          0|
    |ap_phi_reg_pp0_iter44_res_phi2_reg_330     |  32|   0|   32|          0|
    |ap_phi_reg_pp0_iter44_res_phi_2_reg_342    |  32|   0|   32|          0|
    |ap_phi_reg_pp0_iter45_res_phi2_reg_330     |  32|   0|   32|          0|
    |ap_phi_reg_pp0_iter45_res_phi_2_reg_342    |  32|   0|   32|          0|
    |ap_phi_reg_pp0_iter46_res_phi2_reg_330     |  32|   0|   32|          0|
    |ap_phi_reg_pp0_iter46_res_phi_2_reg_342    |  32|   0|   32|          0|
    |ap_phi_reg_pp0_iter47_res_phi2_reg_330     |  32|   0|   32|          0|
    |ap_phi_reg_pp0_iter47_res_phi_2_reg_342    |  32|   0|   32|          0|
    |ap_phi_reg_pp0_iter48_res_phi2_reg_330     |  32|   0|   32|          0|
    |ap_phi_reg_pp0_iter48_res_phi_2_reg_342    |  32|   0|   32|          0|
    |ap_phi_reg_pp0_iter49_res_phi2_reg_330     |  32|   0|   32|          0|
    |ap_phi_reg_pp0_iter49_res_phi_2_reg_342    |  32|   0|   32|          0|
    |ap_phi_reg_pp0_iter4_res_phi2_reg_330      |  32|   0|   32|          0|
    |ap_phi_reg_pp0_iter4_res_phi_2_reg_342     |  32|   0|   32|          0|
    |ap_phi_reg_pp0_iter50_res_phi2_reg_330     |  32|   0|   32|          0|
    |ap_phi_reg_pp0_iter50_res_phi_2_reg_342    |  32|   0|   32|          0|
    |ap_phi_reg_pp0_iter51_res_phi2_reg_330     |  32|   0|   32|          0|
    |ap_phi_reg_pp0_iter51_res_phi_2_reg_342    |  32|   0|   32|          0|
    |ap_phi_reg_pp0_iter52_res_phi2_reg_330     |  32|   0|   32|          0|
    |ap_phi_reg_pp0_iter52_res_phi_2_reg_342    |  32|   0|   32|          0|
    |ap_phi_reg_pp0_iter53_res_phi2_reg_330     |  32|   0|   32|          0|
    |ap_phi_reg_pp0_iter53_res_phi_2_reg_342    |  32|   0|   32|          0|
    |ap_phi_reg_pp0_iter54_res_phi2_reg_330     |  32|   0|   32|          0|
    |ap_phi_reg_pp0_iter54_res_phi_2_reg_342    |  32|   0|   32|          0|
    |ap_phi_reg_pp0_iter55_res_phi2_reg_330     |  32|   0|   32|          0|
    |ap_phi_reg_pp0_iter55_res_phi_2_reg_342    |  32|   0|   32|          0|
    |ap_phi_reg_pp0_iter56_res_phi2_reg_330     |  32|   0|   32|          0|
    |ap_phi_reg_pp0_iter56_res_phi_2_reg_342    |  32|   0|   32|          0|
    |ap_phi_reg_pp0_iter57_res_phi2_reg_330     |  32|   0|   32|          0|
    |ap_phi_reg_pp0_iter57_res_phi_2_reg_342    |  32|   0|   32|          0|
    |ap_phi_reg_pp0_iter58_res_phi2_reg_330     |  32|   0|   32|          0|
    |ap_phi_reg_pp0_iter58_res_phi_2_reg_342    |  32|   0|   32|          0|
    |ap_phi_reg_pp0_iter59_res_phi2_reg_330     |  32|   0|   32|          0|
    |ap_phi_reg_pp0_iter59_res_phi_2_reg_342    |  32|   0|   32|          0|
    |ap_phi_reg_pp0_iter5_res_phi2_reg_330      |  32|   0|   32|          0|
    |ap_phi_reg_pp0_iter5_res_phi_2_reg_342     |  32|   0|   32|          0|
    |ap_phi_reg_pp0_iter60_res_phi2_reg_330     |  32|   0|   32|          0|
    |ap_phi_reg_pp0_iter60_res_phi_2_reg_342    |  32|   0|   32|          0|
    |ap_phi_reg_pp0_iter61_res_phi2_reg_330     |  32|   0|   32|          0|
    |ap_phi_reg_pp0_iter61_res_phi_2_reg_342    |  32|   0|   32|          0|
    |ap_phi_reg_pp0_iter62_res_phi2_reg_330     |  32|   0|   32|          0|
    |ap_phi_reg_pp0_iter62_res_phi_2_reg_342    |  32|   0|   32|          0|
    |ap_phi_reg_pp0_iter63_res_phi2_reg_330     |  32|   0|   32|          0|
    |ap_phi_reg_pp0_iter63_res_phi_2_reg_342    |  32|   0|   32|          0|
    |ap_phi_reg_pp0_iter64_res_phi2_reg_330     |  32|   0|   32|          0|
    |ap_phi_reg_pp0_iter64_res_phi_2_reg_342    |  32|   0|   32|          0|
    |ap_phi_reg_pp0_iter65_res_phi2_reg_330     |  32|   0|   32|          0|
    |ap_phi_reg_pp0_iter65_res_phi_2_reg_342    |  32|   0|   32|          0|
    |ap_phi_reg_pp0_iter66_res_phi2_reg_330     |  32|   0|   32|          0|
    |ap_phi_reg_pp0_iter66_res_phi_2_reg_342    |  32|   0|   32|          0|
    |ap_phi_reg_pp0_iter67_res_phi2_reg_330     |  32|   0|   32|          0|
    |ap_phi_reg_pp0_iter67_res_phi_2_reg_342    |  32|   0|   32|          0|
    |ap_phi_reg_pp0_iter68_res_phi2_reg_330     |  32|   0|   32|          0|
    |ap_phi_reg_pp0_iter68_res_phi_2_reg_342    |  32|   0|   32|          0|
    |ap_phi_reg_pp0_iter69_res_phi2_reg_330     |  32|   0|   32|          0|
    |ap_phi_reg_pp0_iter69_res_phi_2_reg_342    |  32|   0|   32|          0|
    |ap_phi_reg_pp0_iter6_res_phi2_reg_330      |  32|   0|   32|          0|
    |ap_phi_reg_pp0_iter6_res_phi_2_reg_342     |  32|   0|   32|          0|
    |ap_phi_reg_pp0_iter70_res_phi2_reg_330     |  32|   0|   32|          0|
    |ap_phi_reg_pp0_iter70_res_phi_2_reg_342    |  32|   0|   32|          0|
    |ap_phi_reg_pp0_iter71_res_phi2_reg_330     |  32|   0|   32|          0|
    |ap_phi_reg_pp0_iter71_res_phi_2_reg_342    |  32|   0|   32|          0|
    |ap_phi_reg_pp0_iter72_res_phi2_reg_330     |  32|   0|   32|          0|
    |ap_phi_reg_pp0_iter72_res_phi_2_reg_342    |  32|   0|   32|          0|
    |ap_phi_reg_pp0_iter73_res_phi2_reg_330     |  32|   0|   32|          0|
    |ap_phi_reg_pp0_iter73_res_phi_2_reg_342    |  32|   0|   32|          0|
    |ap_phi_reg_pp0_iter74_res_phi2_reg_330     |  32|   0|   32|          0|
    |ap_phi_reg_pp0_iter74_res_phi_2_reg_342    |  32|   0|   32|          0|
    |ap_phi_reg_pp0_iter75_res_phi2_reg_330     |  32|   0|   32|          0|
    |ap_phi_reg_pp0_iter75_res_phi_2_reg_342    |  32|   0|   32|          0|
    |ap_phi_reg_pp0_iter76_res_phi2_reg_330     |  32|   0|   32|          0|
    |ap_phi_reg_pp0_iter76_res_phi_2_reg_342    |  32|   0|   32|          0|
    |ap_phi_reg_pp0_iter77_res_phi2_reg_330     |  32|   0|   32|          0|
    |ap_phi_reg_pp0_iter77_res_phi_2_reg_342    |  32|   0|   32|          0|
    |ap_phi_reg_pp0_iter78_res_phi2_reg_330     |  32|   0|   32|          0|
    |ap_phi_reg_pp0_iter78_res_phi_2_reg_342    |  32|   0|   32|          0|
    |ap_phi_reg_pp0_iter79_res_phi2_reg_330     |  32|   0|   32|          0|
    |ap_phi_reg_pp0_iter79_res_phi_2_reg_342    |  32|   0|   32|          0|
    |ap_phi_reg_pp0_iter7_res_phi2_reg_330      |  32|   0|   32|          0|
    |ap_phi_reg_pp0_iter7_res_phi_2_reg_342     |  32|   0|   32|          0|
    |ap_phi_reg_pp0_iter80_res_phi2_reg_330     |  32|   0|   32|          0|
    |ap_phi_reg_pp0_iter80_res_phi_2_reg_342    |  32|   0|   32|          0|
    |ap_phi_reg_pp0_iter81_res_phi2_reg_330     |  32|   0|   32|          0|
    |ap_phi_reg_pp0_iter81_res_phi_2_reg_342    |  32|   0|   32|          0|
    |ap_phi_reg_pp0_iter82_res_phi2_reg_330     |  32|   0|   32|          0|
    |ap_phi_reg_pp0_iter82_res_phi_2_reg_342    |  32|   0|   32|          0|
    |ap_phi_reg_pp0_iter83_res_phi2_reg_330     |  32|   0|   32|          0|
    |ap_phi_reg_pp0_iter83_res_phi_2_reg_342    |  32|   0|   32|          0|
    |ap_phi_reg_pp0_iter84_res_phi2_reg_330     |  32|   0|   32|          0|
    |ap_phi_reg_pp0_iter84_res_phi_2_reg_342    |  32|   0|   32|          0|
    |ap_phi_reg_pp0_iter85_res_phi2_reg_330     |  32|   0|   32|          0|
    |ap_phi_reg_pp0_iter85_res_phi_2_reg_342    |  32|   0|   32|          0|
    |ap_phi_reg_pp0_iter86_res_phi2_reg_330     |  32|   0|   32|          0|
    |ap_phi_reg_pp0_iter86_res_phi_2_reg_342    |  32|   0|   32|          0|
    |ap_phi_reg_pp0_iter87_res_phi2_reg_330     |  32|   0|   32|          0|
    |ap_phi_reg_pp0_iter87_res_phi_2_reg_342    |  32|   0|   32|          0|
    |ap_phi_reg_pp0_iter88_res_phi2_reg_330     |  32|   0|   32|          0|
    |ap_phi_reg_pp0_iter88_res_phi_2_reg_342    |  32|   0|   32|          0|
    |ap_phi_reg_pp0_iter89_res_phi2_reg_330     |  32|   0|   32|          0|
    |ap_phi_reg_pp0_iter89_res_phi_2_reg_342    |  32|   0|   32|          0|
    |ap_phi_reg_pp0_iter8_res_phi2_reg_330      |  32|   0|   32|          0|
    |ap_phi_reg_pp0_iter8_res_phi_2_reg_342     |  32|   0|   32|          0|
    |ap_phi_reg_pp0_iter90_res_phi2_reg_330     |  32|   0|   32|          0|
    |ap_phi_reg_pp0_iter90_res_phi_2_reg_342    |  32|   0|   32|          0|
    |ap_phi_reg_pp0_iter91_res_phi2_reg_330     |  32|   0|   32|          0|
    |ap_phi_reg_pp0_iter91_res_phi_2_reg_342    |  32|   0|   32|          0|
    |ap_phi_reg_pp0_iter92_res_phi2_reg_330     |  32|   0|   32|          0|
    |ap_phi_reg_pp0_iter92_res_phi_2_reg_342    |  32|   0|   32|          0|
    |ap_phi_reg_pp0_iter93_res_phi2_reg_330     |  32|   0|   32|          0|
    |ap_phi_reg_pp0_iter93_res_phi_2_reg_342    |  32|   0|   32|          0|
    |ap_phi_reg_pp0_iter94_res_phi2_reg_330     |  32|   0|   32|          0|
    |ap_phi_reg_pp0_iter94_res_phi_2_reg_342    |  32|   0|   32|          0|
    |ap_phi_reg_pp0_iter9_res_phi2_reg_330      |  32|   0|   32|          0|
    |ap_phi_reg_pp0_iter9_res_phi_2_reg_342     |  32|   0|   32|          0|
    |call_ret10_1_reg_1780                      |  16|   0|   16|          0|
    |call_ret10_3_reg_1810                      |  16|   0|   16|          0|
    |call_ret10_6_reg_1850                      |  16|   0|   16|          0|
    |call_ret10_8_reg_1880                      |  16|   0|   16|          0|
    |call_ret8_1_reg_1785                       |  16|   0|   16|          0|
    |call_ret8_3_reg_1815                       |  16|   0|   16|          0|
    |call_ret8_6_reg_1855                       |  16|   0|   16|          0|
    |call_ret8_8_reg_1885                       |  16|   0|   16|          0|
    |dp_1_reg_1947                              |  64|   0|   64|          0|
    |exp_tmp_V_reg_2126                         |  11|   0|   11|          0|
    |grp_Cos_fu_357_ap_start_reg                |   1|   0|    1|          0|
    |grp_Cos_fu_375_ap_start_reg                |   1|   0|    1|          0|
    |grp_Cos_fu_393_ap_start_reg                |   1|   0|    1|          0|
    |grp_Cos_fu_410_ap_start_reg                |   1|   0|    1|          0|
    |grp_Cos_fu_427_ap_start_reg                |   1|   0|    1|          0|
    |grp_Sin_fu_444_ap_start_reg                |   1|   0|    1|          0|
    |grp_Sin_fu_462_ap_start_reg                |   1|   0|    1|          0|
    |grp_Sin_fu_480_ap_start_reg                |   1|   0|    1|          0|
    |grp_Sin_fu_497_ap_start_reg                |   1|   0|    1|          0|
    |grp_Sin_fu_514_ap_start_reg                |   1|   0|    1|          0|
    |grp_acos_fu_531_ap_start_reg               |   1|   0|    1|          0|
    |icmp1_reg_2171                             |   1|   0|    1|          0|
    |is_neg_reg_2053                            |   1|   0|    1|          0|
    |isneg_1_reg_2120                           |   1|   0|    1|          0|
    |isneg_reg_1957                             |   1|   0|    1|          0|
    |man_V_4_reg_1982                           |  54|   0|   54|          0|
    |man_V_6_reg_2136                           |  54|   0|   54|          0|
    |p_Result_s_151_reg_2095                    |   8|   0|    8|          0|
    |p_Val2_1_reg_1795                          |  24|   0|   24|          0|
    |p_Val2_3_reg_1922                          |  48|   0|   48|          0|
    |p_Val2_43_reg_2064                         |  29|   0|   29|          0|
    |p_Val2_49_1_reg_1800                       |  24|   0|   24|          0|
    |p_Val2_49_2_reg_1820                       |  24|   0|   24|          0|
    |p_Val2_49_3_reg_1830                       |  24|   0|   24|          0|
    |p_Val2_49_4_reg_1840                       |  24|   0|   24|          0|
    |p_Val2_49_5_reg_1860                       |  24|   0|   24|          0|
    |p_Val2_49_6_reg_1870                       |  24|   0|   24|          0|
    |p_Val2_49_7_reg_1890                       |  24|   0|   24|          0|
    |p_Val2_49_8_reg_1900                       |  24|   0|   24|          0|
    |p_Val2_4_reg_1927                          |  48|   0|   48|          0|
    |p_Val2_52_1_reg_1805                       |  24|   0|   24|          0|
    |p_Val2_52_2_reg_1825                       |  24|   0|   24|          0|
    |p_Val2_52_3_reg_1835                       |  24|   0|   24|          0|
    |p_Val2_52_4_reg_1845                       |  24|   0|   24|          0|
    |p_Val2_52_5_reg_1865                       |  24|   0|   24|          0|
    |p_Val2_52_6_reg_1875                       |  24|   0|   24|          0|
    |p_Val2_52_7_reg_1895                       |  24|   0|   24|          0|
    |p_Val2_52_8_reg_1905                       |  24|   0|   24|          0|
    |p_Val2_cast_reg_2043                       |  29|   0|   29|          0|
    |p_Val2_s_reg_1790                          |  24|   0|   24|          0|
    |pt_V_reg_2018                              |  16|   0|   16|          0|
    |reg_558                                    |  16|   0|   16|          0|
    |reg_562                                    |  16|   0|   16|          0|
    |reg_566                                    |  16|   0|   16|          0|
    |reg_570                                    |  16|   0|   16|          0|
    |reg_574                                    |  16|   0|   16|          0|
    |reg_578                                    |  16|   0|   16|          0|
    |res_phi_2_reg_342                          |  32|   0|   32|          0|
    |res_phi_3_reg_2105                         |  32|   0|   32|          0|
    |sel_tmp10_i_reg_2008                       |  16|   0|   16|          0|
    |sel_tmp22_i_reg_2013                       |   1|   0|    1|          0|
    |sel_tmp7_i_reg_2003                        |   1|   0|    1|          0|
    |sh_amt_1_reg_1987                          |  12|   0|   12|          0|
    |sh_amt_reg_2153                            |  12|   0|   12|          0|
    |tmp32_V_3_reg_2085                         |  32|   0|   32|          0|
    |tmp32_V_6_reg_2090                         |  32|   0|   32|          0|
    |tmp_13_i_reg_1932                          |  49|   0|   49|          0|
    |tmp_14_i_reg_1937                          |   1|   0|    1|          0|
    |tmp_18_i_reg_1968                          |   1|   0|    1|          0|
    |tmp_25_i_reg_1998                          |   1|   0|    1|          0|
    |tmp_51_reg_2048                            |   1|   0|    1|          0|
    |tmp_54_reg_2059                            |  29|   0|   29|          0|
    |tmp_56_reg_1963                            |  52|   0|   52|          0|
    |tmp_58_reg_1993                            |  16|   0|   16|          0|
    |tmp_61_reg_2141                            |   1|   0|    1|          0|
    |tmp_62_reg_2147                            |   1|   0|    1|          0|
    |tmp_65_reg_2159                            |   1|   0|    1|          0|
    |tmp_72_reg_2070                            |  31|   0|   31|          0|
    |tmp_75_reg_2075                            |   1|   0|    1|          0|
    |tmp_81_reg_2080                            |   8|   0|    8|          0|
    |tmp_82_reg_2039                            |   1|   0|    1|          0|
    |tmp_83_reg_2115                            |  63|   0|   63|          0|
    |tmp_85_reg_2131                            |  52|   0|   52|          0|
    |tmp_86_reg_2165                            |  16|   0|   16|          0|
    |tmp_reg_2025                               |   1|   0|    1|          0|
    |v_assign_2_reg_2110                        |  32|   0|   32|          0|
    |Inp1_V_read_assign_reg_1910                |  64|  48|   24|          0|
    |Inp2_V_read_assign_reg_1916                |  64|  48|   24|          0|
    |allPT_hw_0_V_read_reg_1682                 |  64|  32|   16|          0|
    |allPT_hw_1_V_read_reg_1687                 |  64|  32|   16|          0|
    |allPT_hw_2_V_read_reg_1698                 |  64|  32|   16|          0|
    |allPT_hw_3_V_read_reg_1709                 |  64|  32|   16|          0|
    |allPT_hw_4_V_read_reg_1720                 |  64|  32|   16|          0|
    |allPT_hw_5_V_read_reg_1731                 |  64|  32|   16|          0|
    |allPT_hw_6_V_read_reg_1742                 |  64|  32|   16|          0|
    |allPT_hw_7_V_read_reg_1753                 |  64|  32|   16|          0|
    |allPT_hw_8_V_read_reg_1764                 |  64|  32|   16|          0|
    |allPT_hw_9_V_read_reg_1775                 |  64|  32|   16|          0|
    |allPhi_hw_7_V_read_reg_1747                |  64|  32|   10|          0|
    |allPhi_hw_8_V_read_reg_1758                |  64|  32|   10|          0|
    |allPhi_hw_9_V_read_reg_1769                |  64|  32|   10|          0|
    |is_neg_reg_2053                            |  64|  32|    1|          0|
    |pt_V_reg_2018                              |  64|  32|   16|          0|
    |tmp_14_i_reg_1937                          |  64|  32|    1|          0|
    |tmp_51_reg_2048                            |  64|  32|    1|          0|
    |tmp_81_reg_2080                            |  64|  32|    8|          0|
    |tmp_82_reg_2039                            |  64|  32|    1|          0|
    |tmp_reg_2025                               |  64|  32|    1|          0|
    +-------------------------------------------+----+----+-----+-----------+
    |Total                                      |9479| 736| 8338|          0|
    +-------------------------------------------+----+----+-----+-----------+



================================================================
== Interface
================================================================
* Summary: 
+---------------------+-----+-----+------------+---------------+--------------+
|      RTL Ports      | Dir | Bits|  Protocol  | Source Object |    C Type    |
+---------------------+-----+-----+------------+---------------+--------------+
|ap_clk               |  in |    1| ap_ctrl_hs |     MET_hw    | return value |
|ap_rst               |  in |    1| ap_ctrl_hs |     MET_hw    | return value |
|ap_start             |  in |    1| ap_ctrl_hs |     MET_hw    | return value |
|ap_done              | out |    1| ap_ctrl_hs |     MET_hw    | return value |
|ap_idle              | out |    1| ap_ctrl_hs |     MET_hw    | return value |
|ap_ready             | out |    1| ap_ctrl_hs |     MET_hw    | return value |
|allPT_hw_0_V         |  in |   16|   ap_none  |  allPT_hw_0_V |    pointer   |
|allPT_hw_1_V         |  in |   16|   ap_none  |  allPT_hw_1_V |    pointer   |
|allPT_hw_2_V         |  in |   16|   ap_none  |  allPT_hw_2_V |    pointer   |
|allPT_hw_3_V         |  in |   16|   ap_none  |  allPT_hw_3_V |    pointer   |
|allPT_hw_4_V         |  in |   16|   ap_none  |  allPT_hw_4_V |    pointer   |
|allPT_hw_5_V         |  in |   16|   ap_none  |  allPT_hw_5_V |    pointer   |
|allPT_hw_6_V         |  in |   16|   ap_none  |  allPT_hw_6_V |    pointer   |
|allPT_hw_7_V         |  in |   16|   ap_none  |  allPT_hw_7_V |    pointer   |
|allPT_hw_8_V         |  in |   16|   ap_none  |  allPT_hw_8_V |    pointer   |
|allPT_hw_9_V         |  in |   16|   ap_none  |  allPT_hw_9_V |    pointer   |
|missPT_hw_V          | out |   16|   ap_vld   |  missPT_hw_V  |    pointer   |
|missPT_hw_V_ap_vld   | out |    1|   ap_vld   |  missPT_hw_V  |    pointer   |
|allPhi_hw_0_V        |  in |   10|   ap_none  | allPhi_hw_0_V |    pointer   |
|allPhi_hw_1_V        |  in |   10|   ap_none  | allPhi_hw_1_V |    pointer   |
|allPhi_hw_2_V        |  in |   10|   ap_none  | allPhi_hw_2_V |    pointer   |
|allPhi_hw_3_V        |  in |   10|   ap_none  | allPhi_hw_3_V |    pointer   |
|allPhi_hw_4_V        |  in |   10|   ap_none  | allPhi_hw_4_V |    pointer   |
|allPhi_hw_5_V        |  in |   10|   ap_none  | allPhi_hw_5_V |    pointer   |
|allPhi_hw_6_V        |  in |   10|   ap_none  | allPhi_hw_6_V |    pointer   |
|allPhi_hw_7_V        |  in |   10|   ap_none  | allPhi_hw_7_V |    pointer   |
|allPhi_hw_8_V        |  in |   10|   ap_none  | allPhi_hw_8_V |    pointer   |
|allPhi_hw_9_V        |  in |   10|   ap_none  | allPhi_hw_9_V |    pointer   |
|missPhi_hw_V         | out |   16|   ap_vld   |  missPhi_hw_V |    pointer   |
|missPhi_hw_V_ap_vld  | out |    1|   ap_vld   |  missPhi_hw_V |    pointer   |
+---------------------+-----+-----+------------+---------------+--------------+

