
****** Vivado(TM) HLS - High-Level Synthesis from C, C++ and SystemC v2018.2 (64-bit)
  **** SW Build 2258646 on Thu Jun 14 20:02:38 MDT 2018
  **** IP Build 2256618 on Thu Jun 14 22:10:49 MDT 2018
    ** Copyright 1986-2018 Xilinx, Inc. All Rights Reserved.

source /opt/local/Xilinx/Vivado/2018.2/scripts/vivado_hls/hls.tcl -notrace
INFO: [HLS 200-10] Running '/opt/local/Xilinx/Vivado/2018.2/bin/unwrapped/lnx64.o/vivado_hls'
INFO: [HLS 200-10] For user 'jhong' on host 'correlator2.fnal.gov' (Linux_x86_64 version 3.10.0-957.10.1.el7.x86_64) on Wed Jul 17 17:40:27 CDT 2019
INFO: [HLS 200-10] On os "Scientific Linux release 7.6 (Nitrogen)"
INFO: [HLS 200-10] In directory '/home/jhong/HLS/GlobalCorrelator/pulsar_devkit/simple_examples/HLSIPs/METhls'
INFO: [HLS 200-10] Opening and resetting project '/home/jhong/HLS/GlobalCorrelator/pulsar_devkit/simple_examples/HLSIPs/METhls/met'.
INFO: [HLS 200-10] Adding design file 'MET.cpp' to the project
INFO: [HLS 200-10] Adding test bench file 'MET_test.cpp' to the project
INFO: [HLS 200-10] Adding test bench file 'MET_ref.cpp' to the project
INFO: [HLS 200-10] Opening and resetting solution '/home/jhong/HLS/GlobalCorrelator/pulsar_devkit/simple_examples/HLSIPs/METhls/met/solution_test'.
INFO: [HLS 200-10] Cleaning up the solution database.
INFO: [HLS 200-10] Setting target device to 'xc7vx690tffg1927-2'
INFO: [SYN 201-201] Setting up clock 'default' with a period of 5ns.
INFO: [SIM 211-2] *************** CSIM start ***************
INFO: [SIM 211-4] CSIM will launch GCC as the compiler.
   Compiling ../../../../MET_ref.cpp in debug mode
   Compiling ../../../../MET_test.cpp in debug mode
   Compiling ../../../../MET.cpp in debug mode
   Generating csim.exe
test: pt  --> 2, 4, 4
test: phi --> -90, 90, 90
ref: pt  --> 2, 4, 4
ref: phi --> -90, 90, 90
Input_cos: -1.5708
Input_sin: -1.5708
ref : sin,cos: 6.12323e-17, -1
ref : totalX,Y: -1.22465e-16, 2
Input_cos: 1.5708
Input_sin: 1.5708
ref : sin,cos: 6.12323e-17, 1
ref : totalX,Y: -3.67394e-16, -2
Input_cos: 1.5708
Input_sin: 1.5708
ref : sin,cos: 6.12323e-17, 1
ref : totalX,Y: -6.12323e-16, -6
ref : calculated pt: 6
ref : missPT_ref = pt; 6
ref : Res = totalX/missPT: -1.02054e-16
ref : acos(x/PT) missPhi = -90.0456
test: ref process end
hw  : pt  --> 2, 4, 4
hw  : phi --> -90, 90, 90
Input_cos: -1.5708
Input_sin: -1.5708
hw  : sin,cos: 0, -1
hw  : totalX,Y: 0, 2
Input_cos: 1.5708
Input_sin: 1.5708
hw  : sin,cos: 0, 1
hw  : totalX,Y: 0, -2
Input_cos: 1.5708
Input_sin: 1.5708
hw  : sin,cos: 0, 1
hw  : totalX,Y: 0, -6
hw  : calculated pt: 6
hw  : missPT_hw  = pt; 6
Res = totalX/missPT_hw : 0 = 0 / 6
inded = : 1024
acos_table[index] = 1.5708
Res = 0, result_phi = -1.5708
hw  : Res = totalX/missPT: 0
hw  : acos(x/PT) Res = -90.0469
test: hw process end
test: MET_ref = 6
test: Phi_ref = -90.0456
test: MET_hw = 6
test: Phi_hw = -90.0469
INFO: [SIM 211-1] CSim done with 0 errors.
INFO: [SIM 211-3] *************** CSIM finish ***************
INFO: [Common 17-206] Exiting vivado_hls at Wed Jul 17 17:40:31 2019...
